<?xml version="1.0" encoding="UTF-8"?>
<coverage generated="1543790961789" clover="3.2.0">
  <project timestamp="1543790961790" name="All files">
    <metrics statements="453" coveredstatements="411" conditionals="138" coveredconditionals="112" methods="242" coveredmethods="215" elements="833" coveredelements="738" complexity="0" loc="453" ncloc="453" packages="12" files="44" classes="44">
      <package name="src">
        <metrics statements="8" coveredstatements="8" conditionals="0" coveredconditionals="0" methods="0" coveredmethods="0"/>
        <file name="setupTests.js" path="/Users/caioblasio/Documents/nanodegree/reactnd-p2-readable/client/src/setupTests.js">
          <metrics statements="8" coveredstatements="8" conditionals="0" coveredconditionals="0" methods="0" coveredmethods="0"/>
          <line num="4" count="32" type="stmt"/>
          <line num="9" count="32" type="stmt"/>
          <line num="15" count="32" type="stmt"/>
          <line num="16" count="32" type="stmt"/>
          <line num="17" count="32" type="stmt"/>
          <line num="18" count="32" type="stmt"/>
          <line num="19" count="32" type="stmt"/>
          <line num="20" count="32" type="stmt"/>
        </file>
      </package>
      <package name="src.actions">
        <metrics statements="82" coveredstatements="81" conditionals="0" coveredconditionals="0" methods="61" coveredmethods="60"/>
        <file name="categories.js" path="/Users/caioblasio/Documents/nanodegree/reactnd-p2-readable/client/src/actions/categories.js">
          <metrics statements="5" coveredstatements="5" conditionals="0" coveredconditionals="0" methods="4" coveredmethods="4"/>
          <line num="3" count="4" type="stmt"/>
          <line num="6" count="2" type="stmt"/>
          <line num="7" count="2" type="stmt"/>
          <line num="9" count="1" type="stmt"/>
          <line num="15" count="1" type="stmt"/>
        </file>
        <file name="comments.js" path="/Users/caioblasio/Documents/nanodegree/reactnd-p2-readable/client/src/actions/comments.js">
          <metrics statements="23" coveredstatements="23" conditionals="0" coveredconditionals="0" methods="19" coveredmethods="19"/>
          <line num="4" count="12" type="stmt"/>
          <line num="5" count="12" type="stmt"/>
          <line num="6" count="12" type="stmt"/>
          <line num="7" count="12" type="stmt"/>
          <line num="10" count="2" type="stmt"/>
          <line num="11" count="2" type="stmt"/>
          <line num="12" count="2" type="stmt"/>
          <line num="17" count="2" type="stmt"/>
          <line num="18" count="2" type="stmt"/>
          <line num="20" count="2" type="stmt"/>
          <line num="26" count="1" type="stmt"/>
          <line num="27" count="1" type="stmt"/>
          <line num="28" count="1" type="stmt"/>
          <line num="33" count="1" type="stmt"/>
          <line num="34" count="1" type="stmt"/>
          <line num="35" count="1" type="stmt"/>
          <line num="40" count="1" type="stmt"/>
          <line num="41" count="1" type="stmt"/>
          <line num="42" count="1" type="stmt"/>
          <line num="47" count="1" type="stmt"/>
          <line num="54" count="1" type="stmt"/>
          <line num="61" count="3" type="stmt"/>
          <line num="69" count="2" type="stmt"/>
        </file>
        <file name="drawer.js" path="/Users/caioblasio/Documents/nanodegree/reactnd-p2-readable/client/src/actions/drawer.js">
          <metrics statements="4" coveredstatements="4" conditionals="0" coveredconditionals="0" methods="2" coveredmethods="2"/>
          <line num="1" count="5" type="stmt"/>
          <line num="2" count="5" type="stmt"/>
          <line num="5" count="1" type="stmt"/>
          <line num="11" count="1" type="stmt"/>
        </file>
        <file name="loading.js" path="/Users/caioblasio/Documents/nanodegree/reactnd-p2-readable/client/src/actions/loading.js">
          <metrics statements="4" coveredstatements="4" conditionals="0" coveredconditionals="0" methods="2" coveredmethods="2"/>
          <line num="1" count="17" type="stmt"/>
          <line num="2" count="17" type="stmt"/>
          <line num="5" count="23" type="stmt"/>
          <line num="11" count="23" type="stmt"/>
        </file>
        <file name="posts.js" path="/Users/caioblasio/Documents/nanodegree/reactnd-p2-readable/client/src/actions/posts.js">
          <metrics statements="42" coveredstatements="41" conditionals="0" coveredconditionals="0" methods="32" coveredmethods="31"/>
          <line num="4" count="12" type="stmt"/>
          <line num="5" count="12" type="stmt"/>
          <line num="6" count="12" type="stmt"/>
          <line num="7" count="12" type="stmt"/>
          <line num="10" count="9" type="stmt"/>
          <line num="11" count="9" type="stmt"/>
          <line num="12" count="9" type="stmt"/>
          <line num="13" count="9" type="stmt"/>
          <line num="14" count="9" type="stmt"/>
          <line num="19" count="4" type="stmt"/>
          <line num="20" count="4" type="stmt"/>
          <line num="21" count="4" type="stmt"/>
          <line num="22" count="4" type="stmt"/>
          <line num="23" count="4" type="stmt"/>
          <line num="28" count="5" type="stmt"/>
          <line num="29" count="5" type="stmt"/>
          <line num="30" count="5" type="stmt"/>
          <line num="31" count="5" type="stmt"/>
          <line num="32" count="5" type="stmt"/>
          <line num="33" count="0" type="stmt"/>
          <line num="38" count="5" type="stmt"/>
          <line num="39" count="5" type="stmt"/>
          <line num="41" count="5" type="stmt"/>
          <line num="47" count="1" type="stmt"/>
          <line num="48" count="1" type="stmt"/>
          <line num="49" count="1" type="stmt"/>
          <line num="50" count="1" type="stmt"/>
          <line num="51" count="1" type="stmt"/>
          <line num="56" count="1" type="stmt"/>
          <line num="57" count="1" type="stmt"/>
          <line num="58" count="1" type="stmt"/>
          <line num="59" count="1" type="stmt"/>
          <line num="60" count="1" type="stmt"/>
          <line num="65" count="2" type="stmt"/>
          <line num="66" count="2" type="stmt"/>
          <line num="67" count="2" type="stmt"/>
          <line num="68" count="2" type="stmt"/>
          <line num="69" count="2" type="stmt"/>
          <line num="74" count="1" type="stmt"/>
          <line num="81" count="2" type="stmt"/>
          <line num="89" count="6" type="stmt"/>
          <line num="97" count="18" type="stmt"/>
        </file>
        <file name="search.js" path="/Users/caioblasio/Documents/nanodegree/reactnd-p2-readable/client/src/actions/search.js">
          <metrics statements="2" coveredstatements="2" conditionals="0" coveredconditionals="0" methods="1" coveredmethods="1"/>
          <line num="1" count="5" type="stmt"/>
          <line num="4" count="1" type="stmt"/>
        </file>
        <file name="sort.js" path="/Users/caioblasio/Documents/nanodegree/reactnd-p2-readable/client/src/actions/sort.js">
          <metrics statements="2" coveredstatements="2" conditionals="0" coveredconditionals="0" methods="1" coveredmethods="1"/>
          <line num="1" count="9" type="stmt"/>
          <line num="4" count="1" type="stmt"/>
        </file>
      </package>
      <package name="src.components">
        <metrics statements="81" coveredstatements="78" conditionals="32" coveredconditionals="29" methods="41" coveredmethods="37"/>
        <file name="App.js" path="/Users/caioblasio/Documents/nanodegree/reactnd-p2-readable/client/src/components/App.js">
          <metrics statements="9" coveredstatements="6" conditionals="2" coveredconditionals="1" methods="6" coveredmethods="3"/>
          <line num="24" count="1" type="stmt"/>
          <line num="40" count="1" type="stmt"/>
          <line num="84" count="1" type="stmt"/>
          <line num="88" count="1" type="stmt"/>
          <line num="89" count="1" type="stmt"/>
          <line num="111" count="0" type="stmt"/>
          <line num="117" count="0" type="stmt"/>
          <line num="123" count="0" type="stmt"/>
          <line num="138" count="1" type="stmt"/>
        </file>
        <file name="Category.js" path="/Users/caioblasio/Documents/nanodegree/reactnd-p2-readable/client/src/components/Category.js">
          <metrics statements="6" coveredstatements="6" conditionals="2" coveredconditionals="2" methods="5" coveredmethods="5"/>
          <line num="11" count="2" type="stmt"/>
          <line num="22" count="3" type="stmt"/>
          <line num="25" count="2" type="stmt"/>
          <line num="26" count="2" type="stmt"/>
          <line num="27" count="2" type="stmt"/>
          <line num="44" count="3" type="stmt"/>
        </file>
        <file name="FavoriteControl.js" path="/Users/caioblasio/Documents/nanodegree/reactnd-p2-readable/client/src/components/FavoriteControl.js">
          <metrics statements="6" coveredstatements="6" conditionals="2" coveredconditionals="2" methods="2" coveredmethods="2"/>
          <line num="16" count="1" type="stmt"/>
          <line num="17" count="1" type="stmt"/>
          <line num="18" count="1" type="stmt"/>
          <line num="19" count="1" type="stmt"/>
          <line num="24" count="2" type="stmt"/>
          <line num="26" count="2" type="stmt"/>
        </file>
        <file name="Favorites.js" path="/Users/caioblasio/Documents/nanodegree/reactnd-p2-readable/client/src/components/Favorites.js">
          <metrics statements="4" coveredstatements="4" conditionals="0" coveredconditionals="0" methods="2" coveredmethods="2"/>
          <line num="10" count="2" type="stmt"/>
          <line num="18" count="2" type="stmt"/>
          <line num="20" count="1" type="stmt"/>
          <line num="22" count="1" type="stmt"/>
        </file>
        <file name="Home.js" path="/Users/caioblasio/Documents/nanodegree/reactnd-p2-readable/client/src/components/Home.js">
          <metrics statements="4" coveredstatements="4" conditionals="0" coveredconditionals="0" methods="2" coveredmethods="2"/>
          <line num="8" count="2" type="stmt"/>
          <line num="16" count="2" type="stmt"/>
          <line num="18" count="1" type="stmt"/>
          <line num="20" count="1" type="stmt"/>
        </file>
        <file name="NotFound.js" path="/Users/caioblasio/Documents/nanodegree/reactnd-p2-readable/client/src/components/NotFound.js">
          <metrics statements="5" coveredstatements="5" conditionals="0" coveredconditionals="0" methods="4" coveredmethods="4"/>
          <line num="17" count="4" type="stmt"/>
          <line num="36" count="5" type="stmt"/>
          <line num="37" count="5" type="stmt"/>
          <line num="48" count="1" type="stmt"/>
          <line num="51" count="1" type="stmt"/>
        </file>
        <file name="PostDetail.js" path="/Users/caioblasio/Documents/nanodegree/reactnd-p2-readable/client/src/components/PostDetail.js">
          <metrics statements="18" coveredstatements="18" conditionals="8" coveredconditionals="7" methods="10" coveredmethods="9"/>
          <line num="24" count="2" type="stmt"/>
          <line num="76" count="3" type="stmt"/>
          <line num="77" count="3" type="stmt"/>
          <line num="81" count="1" type="stmt"/>
          <line num="82" count="1" type="stmt"/>
          <line num="86" count="1" type="cond" truecount="1" falsecount="1"/>
          <line num="87" count="1" type="stmt"/>
          <line num="88" count="1" type="stmt"/>
          <line num="93" count="3" type="stmt"/>
          <line num="95" count="3" type="cond" truecount="4" falsecount="0"/>
          <line num="96" count="1" type="stmt"/>
          <line num="99" count="2" type="stmt"/>
          <line num="170" count="2" type="stmt"/>
          <line num="171" count="4" type="stmt"/>
          <line num="177" count="2" type="stmt"/>
          <line num="178" count="4" type="stmt"/>
          <line num="180" count="3" type="stmt"/>
          <line num="183" count="1" type="stmt"/>
        </file>
        <file name="VoteControl.js" path="/Users/caioblasio/Documents/nanodegree/reactnd-p2-readable/client/src/components/VoteControl.js">
          <metrics statements="29" coveredstatements="29" conditionals="18" coveredconditionals="17" methods="10" coveredmethods="10"/>
          <line num="23" count="4" type="stmt"/>
          <line num="25" count="4" type="cond" truecount="4" falsecount="0"/>
          <line num="26" count="1" type="stmt"/>
          <line num="27" count="3" type="cond" truecount="2" falsecount="0"/>
          <line num="28" count="1" type="stmt"/>
          <line num="29" count="1" type="stmt"/>
          <line num="31" count="2" type="stmt"/>
          <line num="36" count="2" type="cond" truecount="2" falsecount="0"/>
          <line num="37" count="1" type="stmt"/>
          <line num="38" count="1" type="cond" truecount="1" falsecount="1"/>
          <line num="39" count="1" type="stmt"/>
          <line num="42" count="2" type="stmt"/>
          <line num="43" count="2" type="stmt"/>
          <line num="47" count="3" type="stmt"/>
          <line num="48" count="3" type="stmt"/>
          <line num="49" count="3" type="stmt"/>
          <line num="55" count="5" type="stmt"/>
          <line num="56" count="5" type="cond" truecount="2" falsecount="0"/>
          <line num="57" count="5" type="stmt"/>
          <line num="59" count="5" type="cond" truecount="2" falsecount="0"/>
          <line num="66" count="10" type="stmt"/>
          <line num="67" count="10" type="stmt"/>
          <line num="69" count="10" type="stmt"/>
          <line num="73" count="2" type="stmt"/>
          <line num="83" count="2" type="stmt"/>
          <line num="93" count="8" type="stmt"/>
          <line num="94" count="5" type="stmt"/>
          <line num="96" count="4" type="stmt"/>
          <line num="99" count="1" type="stmt"/>
        </file>
      </package>
      <package name="src.components.CommentList">
        <metrics statements="12" coveredstatements="10" conditionals="2" coveredconditionals="1" methods="9" coveredmethods="7"/>
        <file name="index.js" path="/Users/caioblasio/Documents/nanodegree/reactnd-p2-readable/client/src/components/CommentList/index.js">
          <metrics statements="12" coveredstatements="10" conditionals="2" coveredconditionals="1" methods="9" coveredmethods="7"/>
          <line num="9" count="3" type="stmt"/>
          <line num="19" count="1" type="stmt"/>
          <line num="20" count="1" type="stmt"/>
          <line num="24" count="1" type="stmt"/>
          <line num="25" count="1" type="stmt"/>
          <line num="32" count="2" type="stmt"/>
          <line num="44" count="3" type="stmt"/>
          <line num="46" count="3" type="stmt"/>
          <line num="47" count="1" type="stmt"/>
          <line num="49" count="1" type="stmt"/>
          <line num="52" count="0" type="stmt"/>
          <line num="55" count="0" type="stmt"/>
        </file>
      </package>
      <package name="src.components.CommentList.Comment">
        <metrics statements="26" coveredstatements="24" conditionals="4" coveredconditionals="3" methods="13" coveredmethods="11"/>
        <file name="Content.js" path="/Users/caioblasio/Documents/nanodegree/reactnd-p2-readable/client/src/components/CommentList/Comment/Content.js">
          <metrics statements="8" coveredstatements="8" conditionals="2" coveredconditionals="1" methods="4" coveredmethods="4"/>
          <line num="12" count="3" type="stmt"/>
          <line num="30" count="1" type="stmt"/>
          <line num="31" count="1" type="stmt"/>
          <line num="35" count="1" type="cond" truecount="1" falsecount="1"/>
          <line num="36" count="1" type="stmt"/>
          <line num="41" count="2" type="stmt"/>
          <line num="43" count="2" type="stmt"/>
          <line num="59" count="1" type="stmt"/>
        </file>
        <file name="Edit.js" path="/Users/caioblasio/Documents/nanodegree/reactnd-p2-readable/client/src/components/CommentList/Comment/Edit.js">
          <metrics statements="13" coveredstatements="12" conditionals="0" coveredconditionals="0" methods="6" coveredmethods="5"/>
          <line num="7" count="3" type="stmt"/>
          <line num="26" count="3" type="stmt"/>
          <line num="27" count="0" type="stmt"/>
          <line num="33" count="1" type="stmt"/>
          <line num="35" count="1" type="stmt"/>
          <line num="36" count="1" type="stmt"/>
          <line num="38" count="1" type="stmt"/>
          <line num="43" count="1" type="stmt"/>
          <line num="45" count="1" type="stmt"/>
          <line num="49" count="3" type="stmt"/>
          <line num="50" count="3" type="stmt"/>
          <line num="52" count="3" type="stmt"/>
          <line num="69" count="1" type="stmt"/>
        </file>
        <file name="index.js" path="/Users/caioblasio/Documents/nanodegree/reactnd-p2-readable/client/src/components/CommentList/Comment/index.js">
          <metrics statements="5" coveredstatements="4" conditionals="2" coveredconditionals="2" methods="3" coveredmethods="2"/>
          <line num="11" count="3" type="stmt"/>
          <line num="31" count="0" type="stmt"/>
          <line num="37" count="3" type="stmt"/>
          <line num="38" count="3" type="stmt"/>
          <line num="40" count="3" type="stmt"/>
        </file>
      </package>
      <package name="src.components.Header">
        <metrics statements="28" coveredstatements="21" conditionals="10" coveredconditionals="3" methods="15" coveredmethods="10"/>
        <file name="Drawer.js" path="/Users/caioblasio/Documents/nanodegree/reactnd-p2-readable/client/src/components/Header/Drawer.js">
          <metrics statements="6" coveredstatements="6" conditionals="2" coveredconditionals="1" methods="3" coveredmethods="3"/>
          <line num="20" count="2" type="stmt"/>
          <line num="44" count="1" type="stmt"/>
          <line num="47" count="1" type="stmt"/>
          <line num="60" count="2" type="stmt"/>
          <line num="92" count="1" type="stmt"/>
          <line num="126" count="2" type="stmt"/>
        </file>
        <file name="SearchAppBar.js" path="/Users/caioblasio/Documents/nanodegree/reactnd-p2-readable/client/src/components/Header/SearchAppBar.js">
          <metrics statements="11" coveredstatements="10" conditionals="4" coveredconditionals="2" methods="4" coveredmethods="4"/>
          <line num="16" count="2" type="stmt"/>
          <line num="95" count="1" type="stmt"/>
          <line num="96" count="1" type="stmt"/>
          <line num="97" count="1" type="stmt"/>
          <line num="99" count="1" type="cond" truecount="1" falsecount="1"/>
          <line num="100" count="0" type="stmt"/>
          <line num="103" count="1" type="stmt"/>
          <line num="106" count="1" type="stmt"/>
          <line num="112" count="3" type="stmt"/>
          <line num="113" count="3" type="stmt"/>
          <line num="152" count="2" type="stmt"/>
        </file>
        <file name="index.js" path="/Users/caioblasio/Documents/nanodegree/reactnd-p2-readable/client/src/components/Header/index.js">
          <metrics statements="11" coveredstatements="5" conditionals="4" coveredconditionals="0" methods="8" coveredmethods="3"/>
          <line num="15" count="0" type="stmt"/>
          <line num="16" count="0" type="cond" truecount="0" falsecount="4"/>
          <line num="17" count="0" type="stmt"/>
          <line num="22" count="1" type="stmt"/>
          <line num="23" count="1" type="stmt"/>
          <line num="42" count="2" type="stmt"/>
          <line num="44" count="2" type="stmt"/>
          <line num="45" count="1" type="stmt"/>
          <line num="47" count="0" type="stmt"/>
          <line num="50" count="0" type="stmt"/>
          <line num="53" count="0" type="stmt"/>
        </file>
      </package>
      <package name="src.components.ManagePost">
        <metrics statements="36" coveredstatements="28" conditionals="12" coveredconditionals="8" methods="18" coveredmethods="15"/>
        <file name="Form.js" path="/Users/caioblasio/Documents/nanodegree/reactnd-p2-readable/client/src/components/ManagePost/Form.js">
          <metrics statements="16" coveredstatements="16" conditionals="4" coveredconditionals="3" methods="9" coveredmethods="9"/>
          <line num="11" count="2" type="stmt"/>
          <line num="33" count="7" type="cond" truecount="2" falsecount="0"/>
          <line num="46" count="7" type="stmt"/>
          <line num="50" count="1" type="stmt"/>
          <line num="53" count="64" type="stmt"/>
          <line num="54" count="8" type="stmt"/>
          <line num="60" count="1" type="stmt"/>
          <line num="62" count="1" type="stmt"/>
          <line num="63" count="1" type="stmt"/>
          <line num="65" count="1" type="stmt"/>
          <line num="74" count="1" type="stmt"/>
          <line num="84" count="16" type="stmt"/>
          <line num="85" count="16" type="stmt"/>
          <line num="87" count="16" type="stmt"/>
          <line num="150" count="32" type="stmt"/>
          <line num="157" count="1" type="stmt"/>
        </file>
        <file name="index.js" path="/Users/caioblasio/Documents/nanodegree/reactnd-p2-readable/client/src/components/ManagePost/index.js">
          <metrics statements="20" coveredstatements="12" conditionals="8" coveredconditionals="5" methods="9" coveredmethods="6"/>
          <line num="13" count="2" type="stmt"/>
          <line num="40" count="2" type="stmt"/>
          <line num="42" count="2" type="cond" truecount="2" falsecount="0"/>
          <line num="43" count="1" type="stmt"/>
          <line num="47" count="0" type="stmt"/>
          <line num="49" count="0" type="cond" truecount="0" falsecount="2"/>
          <line num="50" count="0" type="stmt"/>
          <line num="52" count="0" type="stmt"/>
          <line num="55" count="0" type="stmt"/>
          <line num="62" count="2" type="stmt"/>
          <line num="64" count="2" type="cond" truecount="1" falsecount="1"/>
          <line num="65" count="0" type="stmt"/>
          <line num="68" count="2" type="stmt"/>
          <line num="87" count="2" type="stmt"/>
          <line num="88" count="3" type="stmt"/>
          <line num="94" count="2" type="stmt"/>
          <line num="95" count="3" type="stmt"/>
          <line num="97" count="1" type="stmt"/>
          <line num="100" count="0" type="stmt"/>
          <line num="103" count="0" type="stmt"/>
        </file>
      </package>
      <package name="src.components.NewComment">
        <metrics statements="20" coveredstatements="16" conditionals="0" coveredconditionals="0" methods="10" coveredmethods="8"/>
        <file name="Form.js" path="/Users/caioblasio/Documents/nanodegree/reactnd-p2-readable/client/src/components/NewComment/Form.js">
          <metrics statements="11" coveredstatements="11" conditionals="0" coveredconditionals="0" methods="5" coveredmethods="5"/>
          <line num="7" count="3" type="stmt"/>
          <line num="23" count="18" type="stmt"/>
          <line num="24" count="4" type="stmt"/>
          <line num="30" count="1" type="stmt"/>
          <line num="32" count="1" type="stmt"/>
          <line num="33" count="1" type="stmt"/>
          <line num="35" count="1" type="stmt"/>
          <line num="42" count="1" type="stmt"/>
          <line num="47" count="9" type="stmt"/>
          <line num="48" count="9" type="stmt"/>
          <line num="50" count="9" type="stmt"/>
        </file>
        <file name="index.js" path="/Users/caioblasio/Documents/nanodegree/reactnd-p2-readable/client/src/components/NewComment/index.js">
          <metrics statements="9" coveredstatements="5" conditionals="0" coveredconditionals="0" methods="5" coveredmethods="3"/>
          <line num="9" count="3" type="stmt"/>
          <line num="18" count="0" type="stmt"/>
          <line num="19" count="0" type="stmt"/>
          <line num="20" count="0" type="stmt"/>
          <line num="24" count="1" type="stmt"/>
          <line num="26" count="1" type="stmt"/>
          <line num="39" count="3" type="stmt"/>
          <line num="40" count="1" type="stmt"/>
          <line num="42" count="0" type="stmt"/>
        </file>
      </package>
      <package name="src.components.PostList">
        <metrics statements="56" coveredstatements="46" conditionals="33" coveredconditionals="25" methods="27" coveredmethods="22"/>
        <file name="Headline.js" path="/Users/caioblasio/Documents/nanodegree/reactnd-p2-readable/client/src/components/PostList/Headline.js">
          <metrics statements="8" coveredstatements="7" conditionals="8" coveredconditionals="6" methods="6" coveredmethods="5"/>
          <line num="13" count="6" type="stmt"/>
          <line num="39" count="0" type="stmt"/>
          <line num="43" count="2" type="stmt"/>
          <line num="48" count="5" type="stmt"/>
          <line num="49" count="5" type="stmt"/>
          <line num="51" count="5" type="stmt"/>
          <line num="80" count="1" type="stmt"/>
          <line num="86" count="1" type="stmt"/>
        </file>
        <file name="Post.js" path="/Users/caioblasio/Documents/nanodegree/reactnd-p2-readable/client/src/components/PostList/Post.js">
          <metrics statements="14" coveredstatements="12" conditionals="4" coveredconditionals="2" methods="5" coveredmethods="4"/>
          <line num="24" count="6" type="stmt"/>
          <line num="59" count="0" type="stmt"/>
          <line num="60" count="0" type="stmt"/>
          <line num="64" count="1" type="stmt"/>
          <line num="68" count="1" type="stmt"/>
          <line num="69" count="1" type="stmt"/>
          <line num="72" count="1" type="cond" truecount="1" falsecount="1"/>
          <line num="73" count="1" type="stmt"/>
          <line num="76" count="1" type="stmt"/>
          <line num="80" count="3" type="stmt"/>
          <line num="81" count="3" type="stmt"/>
          <line num="82" count="3" type="stmt"/>
          <line num="83" count="3" type="stmt"/>
          <line num="85" count="3" type="stmt"/>
        </file>
        <file name="index.js" path="/Users/caioblasio/Documents/nanodegree/reactnd-p2-readable/client/src/components/PostList/index.js">
          <metrics statements="34" coveredstatements="27" conditionals="21" coveredconditionals="17" methods="16" coveredmethods="13"/>
          <line num="10" count="6" type="stmt"/>
          <line num="25" count="11" type="stmt"/>
          <line num="27" count="11" type="cond" truecount="2" falsecount="0"/>
          <line num="28" count="3" type="stmt"/>
          <line num="30" count="8" type="stmt"/>
          <line num="35" count="0" type="stmt"/>
          <line num="36" count="0" type="stmt"/>
          <line num="38" count="0" type="cond" truecount="0" falsecount="2"/>
          <line num="39" count="0" type="stmt"/>
          <line num="44" count="11" type="stmt"/>
          <line num="46" count="11" type="cond" truecount="2" falsecount="2"/>
          <line num="47" count="0" type="stmt"/>
          <line num="50" count="11" type="stmt"/>
          <line num="55" count="13" type="stmt"/>
          <line num="63" count="6" type="stmt"/>
          <line num="65" count="16" type="stmt"/>
          <line num="67" count="8" type="cond" truecount="2" falsecount="0"/>
          <line num="68" count="6" type="stmt"/>
          <line num="71" count="8" type="cond" truecount="2" falsecount="0"/>
          <line num="72" count="2" type="stmt"/>
          <line num="75" count="8" type="cond" truecount="2" falsecount="0"/>
          <line num="76" count="2" type="stmt"/>
          <line num="79" count="8" type="cond" truecount="2" falsecount="0"/>
          <line num="80" count="1" type="stmt"/>
          <line num="81" count="2" type="cond" truecount="3" falsecount="0"/>
          <line num="87" count="8" type="cond" truecount="2" falsecount="0"/>
          <line num="88" count="1" type="stmt"/>
          <line num="91" count="8" type="stmt"/>
          <line num="98" count="6" type="stmt"/>
          <line num="99" count="7" type="stmt"/>
          <line num="101" count="8" type="stmt"/>
          <line num="104" count="3" type="stmt"/>
          <line num="107" count="0" type="stmt"/>
          <line num="110" count="0" type="stmt"/>
        </file>
      </package>
      <package name="src.middleware">
        <metrics statements="10" coveredstatements="7" conditionals="0" coveredconditionals="0" methods="3" coveredmethods="3"/>
        <file name="index.js" path="/Users/caioblasio/Documents/nanodegree/reactnd-p2-readable/client/src/middleware/index.js">
          <metrics statements="3" coveredstatements="0" conditionals="0" coveredconditionals="0" methods="0" coveredmethods="0"/>
          <line num="1" count="0" type="stmt"/>
          <line num="2" count="0" type="stmt"/>
          <line num="3" count="0" type="stmt"/>
        </file>
        <file name="logger.js" path="/Users/caioblasio/Documents/nanodegree/reactnd-p2-readable/client/src/middleware/logger.js">
          <metrics statements="7" coveredstatements="7" conditionals="0" coveredconditionals="0" methods="3" coveredmethods="3"/>
          <line num="1" count="2" type="stmt"/>
          <line num="2" count="1" type="stmt"/>
          <line num="3" count="1" type="stmt"/>
          <line num="4" count="1" type="stmt"/>
          <line num="5" count="1" type="stmt"/>
          <line num="6" count="1" type="stmt"/>
          <line num="7" count="1" type="stmt"/>
        </file>
      </package>
      <package name="src.reducers">
        <metrics statements="32" coveredstatements="32" conditionals="33" coveredconditionals="33" methods="9" coveredmethods="9"/>
        <file name="categories.js" path="/Users/caioblasio/Documents/nanodegree/reactnd-p2-readable/client/src/reducers/categories.js">
          <metrics statements="3" coveredstatements="3" conditionals="3" coveredconditionals="3" methods="1" coveredmethods="1"/>
          <line num="4" count="5" type="cond" truecount="2" falsecount="0"/>
          <line num="6" count="1" type="stmt"/>
          <line num="8" count="4" type="stmt"/>
        </file>
        <file name="comments.js" path="/Users/caioblasio/Documents/nanodegree/reactnd-p2-readable/client/src/reducers/comments.js">
          <metrics statements="7" coveredstatements="7" conditionals="8" coveredconditionals="8" methods="3" coveredmethods="3"/>
          <line num="4" count="8" type="cond" truecount="5" falsecount="0"/>
          <line num="6" count="1" type="stmt"/>
          <line num="8" count="1" type="stmt"/>
          <line num="9" count="2" type="cond" truecount="2" falsecount="0"/>
          <line num="14" count="1" type="stmt"/>
          <line num="16" count="2" type="stmt"/>
          <line num="19" count="4" type="stmt"/>
        </file>
        <file name="drawer.js" path="/Users/caioblasio/Documents/nanodegree/reactnd-p2-readable/client/src/reducers/drawer.js">
          <metrics statements="4" coveredstatements="4" conditionals="4" coveredconditionals="4" methods="1" coveredmethods="1"/>
          <line num="5" count="6" type="cond" truecount="3" falsecount="0"/>
          <line num="7" count="1" type="stmt"/>
          <line num="9" count="1" type="stmt"/>
          <line num="11" count="4" type="stmt"/>
        </file>
        <file name="index.js" path="/Users/caioblasio/Documents/nanodegree/reactnd-p2-readable/client/src/reducers/index.js">
          <metrics statements="0" coveredstatements="0" conditionals="0" coveredconditionals="0" methods="0" coveredmethods="0"/>
        </file>
        <file name="loading.js" path="/Users/caioblasio/Documents/nanodegree/reactnd-p2-readable/client/src/reducers/loading.js">
          <metrics statements="4" coveredstatements="4" conditionals="4" coveredconditionals="4" methods="1" coveredmethods="1"/>
          <line num="5" count="6" type="cond" truecount="3" falsecount="0"/>
          <line num="7" count="1" type="stmt"/>
          <line num="9" count="1" type="stmt"/>
          <line num="11" count="4" type="stmt"/>
        </file>
        <file name="posts.js" path="/Users/caioblasio/Documents/nanodegree/reactnd-p2-readable/client/src/reducers/posts.js">
          <metrics statements="8" coveredstatements="8" conditionals="8" coveredconditionals="8" methods="1" coveredmethods="1"/>
          <line num="4" count="9" type="cond" truecount="5" falsecount="0"/>
          <line num="6" count="2" type="cond" truecount="2" falsecount="0"/>
          <line num="7" count="2" type="stmt"/>
          <line num="13" count="1" type="stmt"/>
          <line num="21" count="1" type="stmt"/>
          <line num="28" count="1" type="stmt"/>
          <line num="29" count="1" type="stmt"/>
          <line num="32" count="4" type="stmt"/>
        </file>
        <file name="search.js" path="/Users/caioblasio/Documents/nanodegree/reactnd-p2-readable/client/src/reducers/search.js">
          <metrics statements="3" coveredstatements="3" conditionals="3" coveredconditionals="3" methods="1" coveredmethods="1"/>
          <line num="4" count="5" type="cond" truecount="2" falsecount="0"/>
          <line num="6" count="1" type="stmt"/>
          <line num="8" count="4" type="stmt"/>
        </file>
        <file name="sort.js" path="/Users/caioblasio/Documents/nanodegree/reactnd-p2-readable/client/src/reducers/sort.js">
          <metrics statements="3" coveredstatements="3" conditionals="3" coveredconditionals="3" methods="1" coveredmethods="1"/>
          <line num="4" count="5" type="cond" truecount="2" falsecount="0"/>
          <line num="6" count="1" type="stmt"/>
          <line num="9" count="4" type="stmt"/>
        </file>
      </package>
      <package name="src.utils">
        <metrics statements="62" coveredstatements="60" conditionals="12" coveredconditionals="10" methods="36" coveredmethods="33"/>
        <file name="contentAPI.js" path="/Users/caioblasio/Documents/nanodegree/reactnd-p2-readable/client/src/utils/contentAPI.js">
          <metrics statements="44" coveredstatements="44" conditionals="2" coveredconditionals="1" methods="26" coveredmethods="26"/>
          <line num="2" count="17" type="stmt"/>
          <line num="4" count="17" type="stmt"/>
          <line num="6" count="17" type="cond" truecount="1" falsecount="1"/>
          <line num="7" count="17" type="stmt"/>
          <line num="9" count="17" type="stmt"/>
          <line num="14" count="17" type="stmt"/>
          <line num="15" count="2" type="stmt"/>
          <line num="16" count="2" type="stmt"/>
          <line num="18" count="17" type="stmt"/>
          <line num="19" count="9" type="stmt"/>
          <line num="20" count="9" type="stmt"/>
          <line num="22" count="17" type="stmt"/>
          <line num="23" count="4" type="stmt"/>
          <line num="24" count="4" type="stmt"/>
          <line num="26" count="17" type="stmt"/>
          <line num="27" count="5" type="stmt"/>
          <line num="28" count="5" type="stmt"/>
          <line num="30" count="17" type="stmt"/>
          <line num="31" count="1" type="stmt"/>
          <line num="39" count="1" type="stmt"/>
          <line num="41" count="17" type="stmt"/>
          <line num="42" count="2" type="stmt"/>
          <line num="48" count="2" type="stmt"/>
          <line num="50" count="17" type="stmt"/>
          <line num="51" count="5" type="stmt"/>
          <line num="59" count="5" type="stmt"/>
          <line num="61" count="17" type="stmt"/>
          <line num="62" count="1" type="stmt"/>
          <line num="70" count="1" type="stmt"/>
          <line num="72" count="17" type="stmt"/>
          <line num="73" count="2" type="stmt"/>
          <line num="74" count="2" type="stmt"/>
          <line num="76" count="17" type="stmt"/>
          <line num="77" count="2" type="stmt"/>
          <line num="85" count="2" type="stmt"/>
          <line num="87" count="17" type="stmt"/>
          <line num="88" count="1" type="stmt"/>
          <line num="96" count="1" type="stmt"/>
          <line num="98" count="17" type="stmt"/>
          <line num="99" count="1" type="stmt"/>
          <line num="105" count="1" type="stmt"/>
          <line num="107" count="17" type="stmt"/>
          <line num="108" count="1" type="stmt"/>
          <line num="116" count="1" type="stmt"/>
        </file>
        <file name="date.js" path="/Users/caioblasio/Documents/nanodegree/reactnd-p2-readable/client/src/utils/date.js">
          <metrics statements="1" coveredstatements="1" conditionals="0" coveredconditionals="0" methods="1" coveredmethods="1"/>
          <line num="4" count="9" type="stmt"/>
        </file>
        <file name="locaStorage.js" path="/Users/caioblasio/Documents/nanodegree/reactnd-p2-readable/client/src/utils/locaStorage.js">
          <metrics statements="14" coveredstatements="12" conditionals="8" coveredconditionals="7" methods="6" coveredmethods="3"/>
          <line num="1" count="10" type="stmt"/>
          <line num="2" count="6" type="cond" truecount="2" falsecount="0"/>
          <line num="3" count="3" type="stmt"/>
          <line num="5" count="3" type="cond" truecount="2" falsecount="0"/>
          <line num="8" count="4" type="stmt"/>
          <line num="11" count="10" type="stmt"/>
          <line num="12" count="6" type="cond" truecount="2" falsecount="0"/>
          <line num="14" count="6" type="stmt"/>
          <line num="16" count="6" type="stmt"/>
          <line num="20" count="10" type="stmt"/>
          <line num="21" count="1" type="cond" truecount="1" falsecount="1"/>
          <line num="23" count="1" type="stmt"/>
          <line num="24" count="0" type="stmt"/>
          <line num="25" count="0" type="stmt"/>
        </file>
        <file name="sort.js" path="/Users/caioblasio/Documents/nanodegree/reactnd-p2-readable/client/src/utils/sort.js">
          <metrics statements="3" coveredstatements="3" conditionals="2" coveredconditionals="2" methods="3" coveredmethods="3"/>
          <line num="2" count="10" type="cond" truecount="2" falsecount="0"/>
          <line num="3" count="1" type="stmt"/>
          <line num="5" count="9" type="stmt"/>
        </file>
      </package>
    </metrics>
  </project>
</coverage>
