{"/Users/caioblasio/Documents/nanodegree/reactnd-p2-readable/client/src/setupTests.js": {"path":"/Users/caioblasio/Documents/nanodegree/reactnd-p2-readable/client/src/setupTests.js","statementMap":{"0":{"start":{"line":4,"column":0},"end":{"line":4,"column":45}},"1":{"start":{"line":9,"column":25},"end":{"line":13,"column":1}},"2":{"start":{"line":15,"column":0},"end":{"line":15,"column":39}},"3":{"start":{"line":16,"column":0},"end":{"line":16,"column":25}},"4":{"start":{"line":17,"column":0},"end":{"line":17,"column":25}},"5":{"start":{"line":18,"column":0},"end":{"line":18,"column":23}},"6":{"start":{"line":19,"column":0},"end":{"line":19,"column":21}},"7":{"start":{"line":20,"column":0},"end":{"line":20,"column":42}}},"fnMap":{},"branchMap":{},"s":{"0":32,"1":32,"2":32,"3":32,"4":32,"5":32,"6":32,"7":32},"f":{},"b":{},"_coverageSchema":"332fd63041d2c1bcb487cc26dd0d5f7d97098a6c","hash":"f9f688d8007b56370e7048e91f4e1c359be44de0"}
,"/Users/caioblasio/Documents/nanodegree/reactnd-p2-readable/client/src/actions/categories.js": {"path":"/Users/caioblasio/Documents/nanodegree/reactnd-p2-readable/client/src/actions/categories.js","statementMap":{"0":{"start":{"line":3,"column":34},"end":{"line":3,"column":54}},"1":{"start":{"line":6,"column":2},"end":{"line":11,"column":3}},"2":{"start":{"line":7,"column":4},"end":{"line":10,"column":8}},"3":{"start":{"line":9,"column":8},"end":{"line":9,"column":47}},"4":{"start":{"line":15,"column":2},"end":{"line":18,"column":3}}},"fnMap":{"0":{"name":"fetchCategories","decl":{"start":{"line":5,"column":16},"end":{"line":5,"column":31}},"loc":{"start":{"line":5,"column":34},"end":{"line":12,"column":1}},"line":5},"1":{"name":"(anonymous_1)","decl":{"start":{"line":6,"column":9},"end":{"line":6,"column":10}},"loc":{"start":{"line":6,"column":23},"end":{"line":11,"column":3}},"line":6},"2":{"name":"(anonymous_2)","decl":{"start":{"line":8,"column":12},"end":{"line":8,"column":13}},"loc":{"start":{"line":8,"column":26},"end":{"line":10,"column":7}},"line":8},"3":{"name":"receiveCategories","decl":{"start":{"line":14,"column":9},"end":{"line":14,"column":26}},"loc":{"start":{"line":14,"column":38},"end":{"line":19,"column":1}},"line":14}},"branchMap":{},"s":{"0":4,"1":2,"2":2,"3":1,"4":1},"f":{"0":2,"1":2,"2":1,"3":1},"b":{},"_coverageSchema":"332fd63041d2c1bcb487cc26dd0d5f7d97098a6c","hash":"b705ec5e361373a50a162b20ce9eb8a6bc54e93c"}
,"/Users/caioblasio/Documents/nanodegree/reactnd-p2-readable/client/src/actions/comments.js": {"path":"/Users/caioblasio/Documents/nanodegree/reactnd-p2-readable/client/src/actions/comments.js","statementMap":{"0":{"start":{"line":4,"column":32},"end":{"line":4,"column":50}},"1":{"start":{"line":5,"column":28},"end":{"line":5,"column":42}},"2":{"start":{"line":6,"column":27},"end":{"line":6,"column":40}},"3":{"start":{"line":7,"column":30},"end":{"line":7,"column":46}},"4":{"start":{"line":10,"column":2},"end":{"line":13,"column":3}},"5":{"start":{"line":11,"column":4},"end":{"line":12,"column":61}},"6":{"start":{"line":12,"column":24},"end":{"line":12,"column":60}},"7":{"start":{"line":17,"column":2},"end":{"line":22,"column":3}},"8":{"start":{"line":18,"column":4},"end":{"line":21,"column":8}},"9":{"start":{"line":20,"column":8},"end":{"line":20,"column":43}},"10":{"start":{"line":26,"column":2},"end":{"line":29,"column":3}},"11":{"start":{"line":27,"column":4},"end":{"line":28,"column":56}},"12":{"start":{"line":28,"column":25},"end":{"line":28,"column":55}},"13":{"start":{"line":33,"column":2},"end":{"line":36,"column":3}},"14":{"start":{"line":34,"column":4},"end":{"line":35,"column":62}},"15":{"start":{"line":35,"column":25},"end":{"line":35,"column":61}},"16":{"start":{"line":40,"column":2},"end":{"line":43,"column":3}},"17":{"start":{"line":41,"column":4},"end":{"line":42,"column":54}},"18":{"start":{"line":42,"column":18},"end":{"line":42,"column":53}},"19":{"start":{"line":47,"column":2},"end":{"line":50,"column":3}},"20":{"start":{"line":54,"column":2},"end":{"line":57,"column":3}},"21":{"start":{"line":61,"column":2},"end":{"line":65,"column":3}},"22":{"start":{"line":69,"column":2},"end":{"line":72,"column":3}}},"fnMap":{"0":{"name":"fetchComments","decl":{"start":{"line":9,"column":16},"end":{"line":9,"column":29}},"loc":{"start":{"line":9,"column":38},"end":{"line":14,"column":1}},"line":9},"1":{"name":"(anonymous_1)","decl":{"start":{"line":10,"column":9},"end":{"line":10,"column":10}},"loc":{"start":{"line":10,"column":23},"end":{"line":13,"column":3}},"line":10},"2":{"name":"(anonymous_2)","decl":{"start":{"line":12,"column":12},"end":{"line":12,"column":13}},"loc":{"start":{"line":12,"column":24},"end":{"line":12,"column":60}},"line":12},"3":{"name":"addVoteToComment","decl":{"start":{"line":16,"column":16},"end":{"line":16,"column":32}},"loc":{"start":{"line":16,"column":52},"end":{"line":23,"column":1}},"line":16},"4":{"name":"(anonymous_4)","decl":{"start":{"line":17,"column":9},"end":{"line":17,"column":10}},"loc":{"start":{"line":17,"column":23},"end":{"line":22,"column":3}},"line":17},"5":{"name":"(anonymous_5)","decl":{"start":{"line":19,"column":12},"end":{"line":19,"column":13}},"loc":{"start":{"line":19,"column":18},"end":{"line":21,"column":7}},"line":19},"6":{"name":"addComment","decl":{"start":{"line":25,"column":16},"end":{"line":25,"column":26}},"loc":{"start":{"line":25,"column":36},"end":{"line":30,"column":1}},"line":25},"7":{"name":"(anonymous_7)","decl":{"start":{"line":26,"column":9},"end":{"line":26,"column":10}},"loc":{"start":{"line":26,"column":23},"end":{"line":29,"column":3}},"line":26},"8":{"name":"(anonymous_8)","decl":{"start":{"line":28,"column":12},"end":{"line":28,"column":13}},"loc":{"start":{"line":28,"column":25},"end":{"line":28,"column":55}},"line":28},"9":{"name":"removeComment","decl":{"start":{"line":32,"column":16},"end":{"line":32,"column":29}},"loc":{"start":{"line":32,"column":34},"end":{"line":37,"column":1}},"line":32},"10":{"name":"(anonymous_10)","decl":{"start":{"line":33,"column":9},"end":{"line":33,"column":10}},"loc":{"start":{"line":33,"column":23},"end":{"line":36,"column":3}},"line":33},"11":{"name":"(anonymous_11)","decl":{"start":{"line":35,"column":12},"end":{"line":35,"column":13}},"loc":{"start":{"line":35,"column":25},"end":{"line":35,"column":61}},"line":35},"12":{"name":"editComment","decl":{"start":{"line":39,"column":16},"end":{"line":39,"column":27}},"loc":{"start":{"line":39,"column":41},"end":{"line":44,"column":1}},"line":39},"13":{"name":"(anonymous_13)","decl":{"start":{"line":40,"column":9},"end":{"line":40,"column":10}},"loc":{"start":{"line":40,"column":23},"end":{"line":43,"column":3}},"line":40},"14":{"name":"(anonymous_14)","decl":{"start":{"line":42,"column":12},"end":{"line":42,"column":13}},"loc":{"start":{"line":42,"column":18},"end":{"line":42,"column":53}},"line":42},"15":{"name":"_addComment","decl":{"start":{"line":46,"column":9},"end":{"line":46,"column":20}},"loc":{"start":{"line":46,"column":30},"end":{"line":51,"column":1}},"line":46},"16":{"name":"_removeComment","decl":{"start":{"line":53,"column":9},"end":{"line":53,"column":23}},"loc":{"start":{"line":53,"column":28},"end":{"line":58,"column":1}},"line":53},"17":{"name":"_editComment","decl":{"start":{"line":60,"column":9},"end":{"line":60,"column":21}},"loc":{"start":{"line":60,"column":34},"end":{"line":66,"column":1}},"line":60},"18":{"name":"_receiveComments","decl":{"start":{"line":68,"column":9},"end":{"line":68,"column":25}},"loc":{"start":{"line":68,"column":36},"end":{"line":73,"column":1}},"line":68}},"branchMap":{},"s":{"0":12,"1":12,"2":12,"3":12,"4":2,"5":2,"6":2,"7":2,"8":2,"9":2,"10":1,"11":1,"12":1,"13":1,"14":1,"15":1,"16":1,"17":1,"18":1,"19":1,"20":1,"21":3,"22":2},"f":{"0":2,"1":2,"2":2,"3":2,"4":2,"5":2,"6":1,"7":1,"8":1,"9":1,"10":1,"11":1,"12":1,"13":1,"14":1,"15":1,"16":1,"17":3,"18":2},"b":{},"_coverageSchema":"332fd63041d2c1bcb487cc26dd0d5f7d97098a6c","hash":"c73fc840ecb49743bf84dad31b57a51461def1e5"}
,"/Users/caioblasio/Documents/nanodegree/reactnd-p2-readable/client/src/actions/drawer.js": {"path":"/Users/caioblasio/Documents/nanodegree/reactnd-p2-readable/client/src/actions/drawer.js","statementMap":{"0":{"start":{"line":1,"column":27},"end":{"line":1,"column":40}},"1":{"start":{"line":2,"column":28},"end":{"line":2,"column":42}},"2":{"start":{"line":5,"column":2},"end":{"line":7,"column":3}},"3":{"start":{"line":11,"column":2},"end":{"line":13,"column":3}}},"fnMap":{"0":{"name":"openDrawer","decl":{"start":{"line":4,"column":16},"end":{"line":4,"column":26}},"loc":{"start":{"line":4,"column":29},"end":{"line":8,"column":1}},"line":4},"1":{"name":"closeDrawer","decl":{"start":{"line":10,"column":16},"end":{"line":10,"column":27}},"loc":{"start":{"line":10,"column":30},"end":{"line":14,"column":1}},"line":10}},"branchMap":{},"s":{"0":5,"1":5,"2":1,"3":1},"f":{"0":1,"1":1},"b":{},"_coverageSchema":"332fd63041d2c1bcb487cc26dd0d5f7d97098a6c","hash":"c2b58263194094ad18535082d79a6924da121ccb"}
,"/Users/caioblasio/Documents/nanodegree/reactnd-p2-readable/client/src/actions/loading.js": {"path":"/Users/caioblasio/Documents/nanodegree/reactnd-p2-readable/client/src/actions/loading.js","statementMap":{"0":{"start":{"line":1,"column":28},"end":{"line":1,"column":42}},"1":{"start":{"line":2,"column":28},"end":{"line":2,"column":42}},"2":{"start":{"line":5,"column":2},"end":{"line":7,"column":3}},"3":{"start":{"line":11,"column":2},"end":{"line":13,"column":3}}},"fnMap":{"0":{"name":"showLoading","decl":{"start":{"line":4,"column":16},"end":{"line":4,"column":27}},"loc":{"start":{"line":4,"column":30},"end":{"line":8,"column":1}},"line":4},"1":{"name":"hideLoading","decl":{"start":{"line":10,"column":16},"end":{"line":10,"column":27}},"loc":{"start":{"line":10,"column":30},"end":{"line":14,"column":1}},"line":10}},"branchMap":{},"s":{"0":17,"1":17,"2":23,"3":23},"f":{"0":23,"1":23},"b":{},"_coverageSchema":"332fd63041d2c1bcb487cc26dd0d5f7d97098a6c","hash":"3197c9f1494be213a9cd5cc110ac3f73f4e7d5cc"}
,"/Users/caioblasio/Documents/nanodegree/reactnd-p2-readable/client/src/actions/posts.js": {"path":"/Users/caioblasio/Documents/nanodegree/reactnd-p2-readable/client/src/actions/posts.js","statementMap":{"0":{"start":{"line":4,"column":29},"end":{"line":4,"column":44}},"1":{"start":{"line":5,"column":25},"end":{"line":5,"column":36}},"2":{"start":{"line":6,"column":24},"end":{"line":6,"column":34}},"3":{"start":{"line":7,"column":27},"end":{"line":7,"column":40}},"4":{"start":{"line":10,"column":2},"end":{"line":15,"column":3}},"5":{"start":{"line":11,"column":4},"end":{"line":11,"column":27}},"6":{"start":{"line":12,"column":4},"end":{"line":14,"column":42}},"7":{"start":{"line":13,"column":21},"end":{"line":13,"column":51}},"8":{"start":{"line":14,"column":18},"end":{"line":14,"column":41}},"9":{"start":{"line":19,"column":2},"end":{"line":24,"column":3}},"10":{"start":{"line":20,"column":4},"end":{"line":20,"column":27}},"11":{"start":{"line":21,"column":4},"end":{"line":23,"column":42}},"12":{"start":{"line":22,"column":21},"end":{"line":22,"column":51}},"13":{"start":{"line":23,"column":18},"end":{"line":23,"column":41}},"14":{"start":{"line":28,"column":2},"end":{"line":34,"column":3}},"15":{"start":{"line":29,"column":4},"end":{"line":29,"column":27}},"16":{"start":{"line":30,"column":4},"end":{"line":33,"column":43}},"17":{"start":{"line":31,"column":20},"end":{"line":31,"column":49}},"18":{"start":{"line":32,"column":18},"end":{"line":32,"column":41}},"19":{"start":{"line":33,"column":19},"end":{"line":33,"column":42}},"20":{"start":{"line":38,"column":2},"end":{"line":43,"column":3}},"21":{"start":{"line":39,"column":4},"end":{"line":42,"column":8}},"22":{"start":{"line":41,"column":8},"end":{"line":41,"column":40}},"23":{"start":{"line":47,"column":2},"end":{"line":52,"column":3}},"24":{"start":{"line":48,"column":4},"end":{"line":48,"column":27}},"25":{"start":{"line":49,"column":4},"end":{"line":51,"column":42}},"26":{"start":{"line":50,"column":22},"end":{"line":50,"column":46}},"27":{"start":{"line":51,"column":18},"end":{"line":51,"column":41}},"28":{"start":{"line":56,"column":2},"end":{"line":61,"column":3}},"29":{"start":{"line":57,"column":4},"end":{"line":57,"column":27}},"30":{"start":{"line":58,"column":4},"end":{"line":60,"column":42}},"31":{"start":{"line":59,"column":22},"end":{"line":59,"column":54}},"32":{"start":{"line":60,"column":18},"end":{"line":60,"column":41}},"33":{"start":{"line":65,"column":2},"end":{"line":70,"column":3}},"34":{"start":{"line":66,"column":4},"end":{"line":66,"column":27}},"35":{"start":{"line":67,"column":4},"end":{"line":69,"column":42}},"36":{"start":{"line":68,"column":22},"end":{"line":68,"column":52}},"37":{"start":{"line":69,"column":18},"end":{"line":69,"column":41}},"38":{"start":{"line":74,"column":2},"end":{"line":77,"column":3}},"39":{"start":{"line":81,"column":2},"end":{"line":84,"column":3}},"40":{"start":{"line":89,"column":2},"end":{"line":93,"column":3}},"41":{"start":{"line":97,"column":2},"end":{"line":100,"column":3}}},"fnMap":{"0":{"name":"fetchPosts","decl":{"start":{"line":9,"column":16},"end":{"line":9,"column":26}},"loc":{"start":{"line":9,"column":29},"end":{"line":16,"column":1}},"line":9},"1":{"name":"(anonymous_1)","decl":{"start":{"line":10,"column":9},"end":{"line":10,"column":10}},"loc":{"start":{"line":10,"column":23},"end":{"line":15,"column":3}},"line":10},"2":{"name":"(anonymous_2)","decl":{"start":{"line":13,"column":12},"end":{"line":13,"column":13}},"loc":{"start":{"line":13,"column":21},"end":{"line":13,"column":51}},"line":13},"3":{"name":"(anonymous_3)","decl":{"start":{"line":14,"column":12},"end":{"line":14,"column":13}},"loc":{"start":{"line":14,"column":18},"end":{"line":14,"column":41}},"line":14},"4":{"name":"fetchPostsByCategory","decl":{"start":{"line":18,"column":16},"end":{"line":18,"column":36}},"loc":{"start":{"line":18,"column":47},"end":{"line":25,"column":1}},"line":18},"5":{"name":"(anonymous_5)","decl":{"start":{"line":19,"column":9},"end":{"line":19,"column":10}},"loc":{"start":{"line":19,"column":23},"end":{"line":24,"column":3}},"line":19},"6":{"name":"(anonymous_6)","decl":{"start":{"line":22,"column":12},"end":{"line":22,"column":13}},"loc":{"start":{"line":22,"column":21},"end":{"line":22,"column":51}},"line":22},"7":{"name":"(anonymous_7)","decl":{"start":{"line":23,"column":12},"end":{"line":23,"column":13}},"loc":{"start":{"line":23,"column":18},"end":{"line":23,"column":41}},"line":23},"8":{"name":"fetchPostById","decl":{"start":{"line":27,"column":16},"end":{"line":27,"column":29}},"loc":{"start":{"line":27,"column":34},"end":{"line":35,"column":1}},"line":27},"9":{"name":"(anonymous_9)","decl":{"start":{"line":28,"column":9},"end":{"line":28,"column":10}},"loc":{"start":{"line":28,"column":23},"end":{"line":34,"column":3}},"line":28},"10":{"name":"(anonymous_10)","decl":{"start":{"line":31,"column":12},"end":{"line":31,"column":13}},"loc":{"start":{"line":31,"column":20},"end":{"line":31,"column":49}},"line":31},"11":{"name":"(anonymous_11)","decl":{"start":{"line":32,"column":12},"end":{"line":32,"column":13}},"loc":{"start":{"line":32,"column":18},"end":{"line":32,"column":41}},"line":32},"12":{"name":"(anonymous_12)","decl":{"start":{"line":33,"column":13},"end":{"line":33,"column":14}},"loc":{"start":{"line":33,"column":19},"end":{"line":33,"column":42}},"line":33},"13":{"name":"addVoteToPost","decl":{"start":{"line":37,"column":16},"end":{"line":37,"column":29}},"loc":{"start":{"line":37,"column":49},"end":{"line":44,"column":1}},"line":37},"14":{"name":"(anonymous_14)","decl":{"start":{"line":38,"column":9},"end":{"line":38,"column":10}},"loc":{"start":{"line":38,"column":23},"end":{"line":43,"column":3}},"line":38},"15":{"name":"(anonymous_15)","decl":{"start":{"line":40,"column":12},"end":{"line":40,"column":13}},"loc":{"start":{"line":40,"column":18},"end":{"line":42,"column":7}},"line":40},"16":{"name":"addPost","decl":{"start":{"line":46,"column":16},"end":{"line":46,"column":23}},"loc":{"start":{"line":46,"column":30},"end":{"line":53,"column":1}},"line":46},"17":{"name":"(anonymous_17)","decl":{"start":{"line":47,"column":9},"end":{"line":47,"column":10}},"loc":{"start":{"line":47,"column":23},"end":{"line":52,"column":3}},"line":47},"18":{"name":"(anonymous_18)","decl":{"start":{"line":50,"column":12},"end":{"line":50,"column":13}},"loc":{"start":{"line":50,"column":22},"end":{"line":50,"column":46}},"line":50},"19":{"name":"(anonymous_19)","decl":{"start":{"line":51,"column":12},"end":{"line":51,"column":13}},"loc":{"start":{"line":51,"column":18},"end":{"line":51,"column":41}},"line":51},"20":{"name":"editPost","decl":{"start":{"line":55,"column":16},"end":{"line":55,"column":24}},"loc":{"start":{"line":55,"column":38},"end":{"line":62,"column":1}},"line":55},"21":{"name":"(anonymous_21)","decl":{"start":{"line":56,"column":9},"end":{"line":56,"column":10}},"loc":{"start":{"line":56,"column":23},"end":{"line":61,"column":3}},"line":56},"22":{"name":"(anonymous_22)","decl":{"start":{"line":59,"column":12},"end":{"line":59,"column":13}},"loc":{"start":{"line":59,"column":22},"end":{"line":59,"column":54}},"line":59},"23":{"name":"(anonymous_23)","decl":{"start":{"line":60,"column":12},"end":{"line":60,"column":13}},"loc":{"start":{"line":60,"column":18},"end":{"line":60,"column":41}},"line":60},"24":{"name":"removePost","decl":{"start":{"line":64,"column":16},"end":{"line":64,"column":26}},"loc":{"start":{"line":64,"column":31},"end":{"line":71,"column":1}},"line":64},"25":{"name":"(anonymous_25)","decl":{"start":{"line":65,"column":9},"end":{"line":65,"column":10}},"loc":{"start":{"line":65,"column":23},"end":{"line":70,"column":3}},"line":65},"26":{"name":"(anonymous_26)","decl":{"start":{"line":68,"column":12},"end":{"line":68,"column":13}},"loc":{"start":{"line":68,"column":22},"end":{"line":68,"column":52}},"line":68},"27":{"name":"(anonymous_27)","decl":{"start":{"line":69,"column":12},"end":{"line":69,"column":13}},"loc":{"start":{"line":69,"column":18},"end":{"line":69,"column":41}},"line":69},"28":{"name":"_addPost","decl":{"start":{"line":73,"column":9},"end":{"line":73,"column":17}},"loc":{"start":{"line":73,"column":24},"end":{"line":78,"column":1}},"line":73},"29":{"name":"_removePost","decl":{"start":{"line":80,"column":9},"end":{"line":80,"column":20}},"loc":{"start":{"line":80,"column":25},"end":{"line":85,"column":1}},"line":80},"30":{"name":"_editPost","decl":{"start":{"line":88,"column":9},"end":{"line":88,"column":18}},"loc":{"start":{"line":88,"column":31},"end":{"line":94,"column":1}},"line":88},"31":{"name":"_receivePosts","decl":{"start":{"line":96,"column":9},"end":{"line":96,"column":22}},"loc":{"start":{"line":96,"column":30},"end":{"line":101,"column":1}},"line":96}},"branchMap":{},"s":{"0":12,"1":12,"2":12,"3":12,"4":9,"5":9,"6":9,"7":9,"8":9,"9":4,"10":4,"11":4,"12":4,"13":4,"14":5,"15":5,"16":5,"17":5,"18":5,"19":0,"20":5,"21":5,"22":5,"23":1,"24":1,"25":1,"26":1,"27":1,"28":1,"29":1,"30":1,"31":1,"32":1,"33":2,"34":2,"35":2,"36":2,"37":2,"38":1,"39":2,"40":6,"41":18},"f":{"0":9,"1":9,"2":9,"3":9,"4":4,"5":4,"6":4,"7":4,"8":5,"9":5,"10":5,"11":5,"12":0,"13":5,"14":5,"15":5,"16":1,"17":1,"18":1,"19":1,"20":1,"21":1,"22":1,"23":1,"24":2,"25":2,"26":2,"27":2,"28":1,"29":2,"30":6,"31":18},"b":{},"_coverageSchema":"332fd63041d2c1bcb487cc26dd0d5f7d97098a6c","hash":"2279ea65f6c0328c06f13302d2a8fe172c01b6eb"}
,"/Users/caioblasio/Documents/nanodegree/reactnd-p2-readable/client/src/actions/search.js": {"path":"/Users/caioblasio/Documents/nanodegree/reactnd-p2-readable/client/src/actions/search.js","statementMap":{"0":{"start":{"line":1,"column":29},"end":{"line":1,"column":44}},"1":{"start":{"line":4,"column":2},"end":{"line":7,"column":3}}},"fnMap":{"0":{"name":"changeSearch","decl":{"start":{"line":3,"column":16},"end":{"line":3,"column":28}},"loc":{"start":{"line":3,"column":36},"end":{"line":8,"column":1}},"line":3}},"branchMap":{},"s":{"0":5,"1":1},"f":{"0":1},"b":{},"_coverageSchema":"332fd63041d2c1bcb487cc26dd0d5f7d97098a6c","hash":"a20207fc3b336e561fbf4e17611fea87593ce995"}
,"/Users/caioblasio/Documents/nanodegree/reactnd-p2-readable/client/src/actions/sort.js": {"path":"/Users/caioblasio/Documents/nanodegree/reactnd-p2-readable/client/src/actions/sort.js","statementMap":{"0":{"start":{"line":1,"column":27},"end":{"line":1,"column":40}},"1":{"start":{"line":4,"column":2},"end":{"line":7,"column":3}}},"fnMap":{"0":{"name":"changeSort","decl":{"start":{"line":3,"column":16},"end":{"line":3,"column":26}},"loc":{"start":{"line":3,"column":35},"end":{"line":8,"column":1}},"line":3}},"branchMap":{},"s":{"0":9,"1":1},"f":{"0":1},"b":{},"_coverageSchema":"332fd63041d2c1bcb487cc26dd0d5f7d97098a6c","hash":"15a157554d7bf2799a247d2e40df55e4ff28e442"}
,"/Users/caioblasio/Documents/nanodegree/reactnd-p2-readable/client/src/components/App.js": {"path":"/Users/caioblasio/Documents/nanodegree/reactnd-p2-readable/client/src/components/App.js","statementMap":{"0":{"start":{"line":24,"column":14},"end":{"line":38,"column":2}},"1":{"start":{"line":40,"column":15},"end":{"line":79,"column":1}},"2":{"start":{"line":84,"column":4},"end":{"line":84,"column":42}},"3":{"start":{"line":88,"column":43},"end":{"line":88,"column":53}},"4":{"start":{"line":89,"column":4},"end":{"line":133,"column":6}},"5":{"start":{"line":111,"column":24},"end":{"line":111,"column":76}},"6":{"start":{"line":117,"column":24},"end":{"line":117,"column":75}},"7":{"start":{"line":123,"column":24},"end":{"line":123,"column":78}},"8":{"start":{"line":138,"column":2},"end":{"line":141,"column":3}}},"fnMap":{"0":{"name":"(anonymous_0)","decl":{"start":{"line":83,"column":2},"end":{"line":83,"column":3}},"loc":{"start":{"line":83,"column":21},"end":{"line":85,"column":3}},"line":83},"1":{"name":"(anonymous_1)","decl":{"start":{"line":87,"column":2},"end":{"line":87,"column":3}},"loc":{"start":{"line":87,"column":11},"end":{"line":134,"column":3}},"line":87},"2":{"name":"(anonymous_2)","decl":{"start":{"line":110,"column":30},"end":{"line":110,"column":31}},"loc":{"start":{"line":111,"column":24},"end":{"line":111,"column":76}},"line":111},"3":{"name":"(anonymous_3)","decl":{"start":{"line":116,"column":30},"end":{"line":116,"column":31}},"loc":{"start":{"line":117,"column":24},"end":{"line":117,"column":75}},"line":117},"4":{"name":"(anonymous_4)","decl":{"start":{"line":122,"column":30},"end":{"line":122,"column":31}},"loc":{"start":{"line":123,"column":24},"end":{"line":123,"column":78}},"line":123},"5":{"name":"mapStateToProps","decl":{"start":{"line":137,"column":9},"end":{"line":137,"column":24}},"loc":{"start":{"line":137,"column":46},"end":{"line":142,"column":1}},"line":137}},"branchMap":{"0":{"loc":{"start":{"line":96,"column":15},"end":{"line":97,"column":77}},"type":"binary-expr","locations":[{"start":{"line":96,"column":15},"end":{"line":96,"column":24}},{"start":{"line":97,"column":16},"end":{"line":97,"column":77}}],"line":96}},"s":{"0":1,"1":1,"2":1,"3":1,"4":1,"5":0,"6":0,"7":0,"8":1},"f":{"0":1,"1":1,"2":0,"3":0,"4":0,"5":1},"b":{"0":[1,0]},"_coverageSchema":"332fd63041d2c1bcb487cc26dd0d5f7d97098a6c","hash":"81caabd9e99ebe26ec51f24ca1ca0990517c28e1"}
,"/Users/caioblasio/Documents/nanodegree/reactnd-p2-readable/client/src/components/Category.js": {"path":"/Users/caioblasio/Documents/nanodegree/reactnd-p2-readable/client/src/components/Category.js","statementMap":{"0":{"start":{"line":11,"column":15},"end":{"line":17,"column":2}},"1":{"start":{"line":11,"column":25},"end":{"line":17,"column":1}},"2":{"start":{"line":22,"column":4},"end":{"line":22,"column":74}},"3":{"start":{"line":22,"column":43},"end":{"line":22,"column":73}},"4":{"start":{"line":25,"column":24},"end":{"line":25,"column":34}},"5":{"start":{"line":26,"column":21},"end":{"line":26,"column":58}},"6":{"start":{"line":27,"column":4},"end":{"line":39,"column":5}},"7":{"start":{"line":44,"column":24},"end":{"line":44,"column":60}},"8":{"start":{"line":44,"column":45},"end":{"line":44,"column":59}}},"fnMap":{"0":{"name":"(anonymous_0)","decl":{"start":{"line":11,"column":15},"end":{"line":11,"column":16}},"loc":{"start":{"line":11,"column":25},"end":{"line":17,"column":1}},"line":11},"1":{"name":"(anonymous_1)","decl":{"start":{"line":21,"column":16},"end":{"line":21,"column":17}},"loc":{"start":{"line":22,"column":4},"end":{"line":22,"column":74}},"line":22},"2":{"name":"(anonymous_2)","decl":{"start":{"line":22,"column":31},"end":{"line":22,"column":32}},"loc":{"start":{"line":22,"column":43},"end":{"line":22,"column":73}},"line":22},"3":{"name":"(anonymous_3)","decl":{"start":{"line":24,"column":2},"end":{"line":24,"column":3}},"loc":{"start":{"line":24,"column":11},"end":{"line":40,"column":3}},"line":24},"4":{"name":"(anonymous_4)","decl":{"start":{"line":44,"column":24},"end":{"line":44,"column":25}},"loc":{"start":{"line":44,"column":45},"end":{"line":44,"column":59}},"line":44}},"branchMap":{"0":{"loc":{"start":{"line":29,"column":9},"end":{"line":31,"column":23}},"type":"cond-expr","locations":[{"start":{"line":30,"column":12},"end":{"line":30,"column":74}},{"start":{"line":31,"column":12},"end":{"line":31,"column":23}}],"line":29}},"s":{"0":2,"1":1,"2":2,"3":3,"4":2,"5":2,"6":2,"7":2,"8":3},"f":{"0":1,"1":2,"2":3,"3":2,"4":3},"b":{"0":[1,1]},"_coverageSchema":"332fd63041d2c1bcb487cc26dd0d5f7d97098a6c","hash":"c5d040284496fa623f6e962109d0b2eec66a59bc"}
,"/Users/caioblasio/Documents/nanodegree/reactnd-p2-readable/client/src/components/FavoriteControl.js": {"path":"/Users/caioblasio/Documents/nanodegree/reactnd-p2-readable/client/src/components/FavoriteControl.js","statementMap":{"0":{"start":{"line":16,"column":32},"end":{"line":16,"column":42}},"1":{"start":{"line":17,"column":24},"end":{"line":17,"column":40}},"2":{"start":{"line":18,"column":4},"end":{"line":18,"column":54}},"3":{"start":{"line":19,"column":4},"end":{"line":19,"column":51}},"4":{"start":{"line":24,"column":32},"end":{"line":24,"column":42}},"5":{"start":{"line":26,"column":4},"end":{"line":36,"column":5}}},"fnMap":{"0":{"name":"(anonymous_0)","decl":{"start":{"line":15,"column":19},"end":{"line":15,"column":20}},"loc":{"start":{"line":15,"column":25},"end":{"line":20,"column":3}},"line":15},"1":{"name":"(anonymous_1)","decl":{"start":{"line":23,"column":2},"end":{"line":23,"column":3}},"loc":{"start":{"line":23,"column":11},"end":{"line":37,"column":3}},"line":23}},"branchMap":{"0":{"loc":{"start":{"line":31,"column":17},"end":{"line":31,"column":65}},"type":"cond-expr","locations":[{"start":{"line":31,"column":44},"end":{"line":31,"column":53}},{"start":{"line":31,"column":56},"end":{"line":31,"column":65}}],"line":31}},"s":{"0":1,"1":1,"2":1,"3":1,"4":2,"5":2},"f":{"0":1,"1":2},"b":{"0":[1,1]},"_coverageSchema":"332fd63041d2c1bcb487cc26dd0d5f7d97098a6c","hash":"518f18f7a441858640d54a70fd6e0a0f119b5b3e"}
,"/Users/caioblasio/Documents/nanodegree/reactnd-p2-readable/client/src/components/Favorites.js": {"path":"/Users/caioblasio/Documents/nanodegree/reactnd-p2-readable/client/src/components/Favorites.js","statementMap":{"0":{"start":{"line":10,"column":15},"end":{"line":16,"column":2}},"1":{"start":{"line":10,"column":25},"end":{"line":16,"column":1}},"2":{"start":{"line":18,"column":18},"end":{"line":33,"column":1}},"3":{"start":{"line":20,"column":22},"end":{"line":20,"column":27}},"4":{"start":{"line":22,"column":2},"end":{"line":31,"column":3}}},"fnMap":{"0":{"name":"(anonymous_0)","decl":{"start":{"line":10,"column":15},"end":{"line":10,"column":16}},"loc":{"start":{"line":10,"column":25},"end":{"line":16,"column":1}},"line":10},"1":{"name":"(anonymous_1)","decl":{"start":{"line":18,"column":18},"end":{"line":18,"column":19}},"loc":{"start":{"line":18,"column":27},"end":{"line":33,"column":1}},"line":18}},"branchMap":{},"s":{"0":2,"1":1,"2":2,"3":1,"4":1},"f":{"0":1,"1":1},"b":{},"_coverageSchema":"332fd63041d2c1bcb487cc26dd0d5f7d97098a6c","hash":"10c89d34a071a8d2db4acf35939c03c61a1ab816"}
,"/Users/caioblasio/Documents/nanodegree/reactnd-p2-readable/client/src/components/Home.js": {"path":"/Users/caioblasio/Documents/nanodegree/reactnd-p2-readable/client/src/components/Home.js","statementMap":{"0":{"start":{"line":8,"column":15},"end":{"line":14,"column":2}},"1":{"start":{"line":8,"column":25},"end":{"line":14,"column":1}},"2":{"start":{"line":16,"column":13},"end":{"line":31,"column":1}},"3":{"start":{"line":18,"column":22},"end":{"line":18,"column":27}},"4":{"start":{"line":20,"column":2},"end":{"line":29,"column":3}}},"fnMap":{"0":{"name":"(anonymous_0)","decl":{"start":{"line":8,"column":15},"end":{"line":8,"column":16}},"loc":{"start":{"line":8,"column":25},"end":{"line":14,"column":1}},"line":8},"1":{"name":"(anonymous_1)","decl":{"start":{"line":16,"column":13},"end":{"line":16,"column":14}},"loc":{"start":{"line":16,"column":22},"end":{"line":31,"column":1}},"line":16}},"branchMap":{},"s":{"0":2,"1":1,"2":2,"3":1,"4":1},"f":{"0":1,"1":1},"b":{},"_coverageSchema":"332fd63041d2c1bcb487cc26dd0d5f7d97098a6c","hash":"6f0a60439a0329386b1bb62cad489b15d85a3b97"}
,"/Users/caioblasio/Documents/nanodegree/reactnd-p2-readable/client/src/components/NotFound.js": {"path":"/Users/caioblasio/Documents/nanodegree/reactnd-p2-readable/client/src/components/NotFound.js","statementMap":{"0":{"start":{"line":17,"column":15},"end":{"line":30,"column":2}},"1":{"start":{"line":17,"column":25},"end":{"line":30,"column":1}},"2":{"start":{"line":36,"column":33},"end":{"line":36,"column":43}},"3":{"start":{"line":37,"column":4},"end":{"line":56,"column":5}},"4":{"start":{"line":48,"column":65},"end":{"line":48,"column":81}},"5":{"start":{"line":51,"column":65},"end":{"line":51,"column":82}}},"fnMap":{"0":{"name":"(anonymous_0)","decl":{"start":{"line":17,"column":15},"end":{"line":17,"column":16}},"loc":{"start":{"line":17,"column":25},"end":{"line":30,"column":1}},"line":17},"1":{"name":"(anonymous_1)","decl":{"start":{"line":34,"column":2},"end":{"line":34,"column":3}},"loc":{"start":{"line":34,"column":11},"end":{"line":57,"column":3}},"line":34},"2":{"name":"(anonymous_2)","decl":{"start":{"line":48,"column":58},"end":{"line":48,"column":59}},"loc":{"start":{"line":48,"column":64},"end":{"line":48,"column":82}},"line":48},"3":{"name":"(anonymous_3)","decl":{"start":{"line":51,"column":58},"end":{"line":51,"column":59}},"loc":{"start":{"line":51,"column":64},"end":{"line":51,"column":83}},"line":51}},"branchMap":{},"s":{"0":4,"1":2,"2":5,"3":5,"4":1,"5":1},"f":{"0":2,"1":5,"2":1,"3":1},"b":{},"_coverageSchema":"332fd63041d2c1bcb487cc26dd0d5f7d97098a6c","hash":"b75ce97eddfc68f39d2a56d09abd0e8bcd96fbdb"}
,"/Users/caioblasio/Documents/nanodegree/reactnd-p2-readable/client/src/components/PostDetail.js": {"path":"/Users/caioblasio/Documents/nanodegree/reactnd-p2-readable/client/src/components/PostDetail.js","statementMap":{"0":{"start":{"line":24,"column":15},"end":{"line":71,"column":2}},"1":{"start":{"line":24,"column":25},"end":{"line":71,"column":1}},"2":{"start":{"line":76,"column":34},"end":{"line":76,"column":44}},"3":{"start":{"line":77,"column":4},"end":{"line":77,"column":22}},"4":{"start":{"line":81,"column":42},"end":{"line":81,"column":52}},"5":{"start":{"line":82,"column":30},"end":{"line":84,"column":5}},"6":{"start":{"line":86,"column":4},"end":{"line":89,"column":5}},"7":{"start":{"line":87,"column":6},"end":{"line":88,"column":42}},"8":{"start":{"line":88,"column":22},"end":{"line":88,"column":39}},"9":{"start":{"line":93,"column":39},"end":{"line":93,"column":49}},"10":{"start":{"line":95,"column":4},"end":{"line":97,"column":5}},"11":{"start":{"line":96,"column":6},"end":{"line":96,"column":24}},"12":{"start":{"line":99,"column":4},"end":{"line":166,"column":5}},"13":{"start":{"line":170,"column":24},"end":{"line":175,"column":1}},"14":{"start":{"line":171,"column":2},"end":{"line":174,"column":3}},"15":{"start":{"line":177,"column":27},"end":{"line":186,"column":1}},"16":{"start":{"line":178,"column":2},"end":{"line":185,"column":3}},"17":{"start":{"line":180,"column":6},"end":{"line":180,"column":33}},"18":{"start":{"line":183,"column":6},"end":{"line":183,"column":37}}},"fnMap":{"0":{"name":"(anonymous_0)","decl":{"start":{"line":24,"column":15},"end":{"line":24,"column":16}},"loc":{"start":{"line":24,"column":25},"end":{"line":71,"column":1}},"line":24},"1":{"name":"(anonymous_1)","decl":{"start":{"line":75,"column":2},"end":{"line":75,"column":3}},"loc":{"start":{"line":75,"column":21},"end":{"line":78,"column":3}},"line":75},"2":{"name":"(anonymous_2)","decl":{"start":{"line":80,"column":17},"end":{"line":80,"column":18}},"loc":{"start":{"line":80,"column":23},"end":{"line":90,"column":3}},"line":80},"3":{"name":"(anonymous_3)","decl":{"start":{"line":88,"column":14},"end":{"line":88,"column":15}},"loc":{"start":{"line":88,"column":20},"end":{"line":88,"column":41}},"line":88},"4":{"name":"(anonymous_4)","decl":{"start":{"line":92,"column":2},"end":{"line":92,"column":3}},"loc":{"start":{"line":92,"column":11},"end":{"line":167,"column":3}},"line":92},"5":{"name":"(anonymous_5)","decl":{"start":{"line":127,"column":31},"end":{"line":127,"column":32}},"loc":{"start":{"line":127,"column":37},"end":{"line":127,"column":39}},"line":127},"6":{"name":"(anonymous_6)","decl":{"start":{"line":170,"column":24},"end":{"line":170,"column":25}},"loc":{"start":{"line":170,"column":54},"end":{"line":175,"column":1}},"line":170},"7":{"name":"(anonymous_7)","decl":{"start":{"line":177,"column":27},"end":{"line":177,"column":28}},"loc":{"start":{"line":177,"column":39},"end":{"line":186,"column":1}},"line":177},"8":{"name":"(anonymous_8)","decl":{"start":{"line":179,"column":19},"end":{"line":179,"column":20}},"loc":{"start":{"line":179,"column":27},"end":{"line":181,"column":5}},"line":179},"9":{"name":"(anonymous_9)","decl":{"start":{"line":182,"column":16},"end":{"line":182,"column":17}},"loc":{"start":{"line":182,"column":24},"end":{"line":184,"column":5}},"line":182}},"branchMap":{"0":{"loc":{"start":{"line":86,"column":4},"end":{"line":89,"column":5}},"type":"if","locations":[{"start":{"line":86,"column":4},"end":{"line":89,"column":5}},{"start":{"line":86,"column":4},"end":{"line":89,"column":5}}],"line":86},"1":{"loc":{"start":{"line":95,"column":4},"end":{"line":97,"column":5}},"type":"if","locations":[{"start":{"line":95,"column":4},"end":{"line":97,"column":5}},{"start":{"line":95,"column":4},"end":{"line":97,"column":5}}],"line":95},"2":{"loc":{"start":{"line":95,"column":7},"end":{"line":95,"column":24}},"type":"binary-expr","locations":[{"start":{"line":95,"column":7},"end":{"line":95,"column":12}},{"start":{"line":95,"column":16},"end":{"line":95,"column":24}}],"line":95},"3":{"loc":{"start":{"line":101,"column":9},"end":{"line":162,"column":15}},"type":"binary-expr","locations":[{"start":{"line":101,"column":9},"end":{"line":101,"column":13}},{"start":{"line":102,"column":10},"end":{"line":162,"column":15}}],"line":101}},"s":{"0":2,"1":1,"2":3,"3":3,"4":1,"5":1,"6":1,"7":1,"8":1,"9":3,"10":3,"11":1,"12":2,"13":2,"14":4,"15":2,"16":4,"17":3,"18":1},"f":{"0":1,"1":3,"2":1,"3":1,"4":3,"5":0,"6":4,"7":4,"8":3,"9":1},"b":{"0":[1,0],"1":[1,2],"2":[3,1],"3":[2,2]},"_coverageSchema":"332fd63041d2c1bcb487cc26dd0d5f7d97098a6c","hash":"3276f8729da735767b1efd914051a53fe40f67d1"}
,"/Users/caioblasio/Documents/nanodegree/reactnd-p2-readable/client/src/components/VoteControl.js": {"path":"/Users/caioblasio/Documents/nanodegree/reactnd-p2-readable/client/src/components/VoteControl.js","statementMap":{"0":{"start":{"line":23,"column":28},"end":{"line":23,"column":38}},"1":{"start":{"line":25,"column":4},"end":{"line":32,"column":5}},"2":{"start":{"line":26,"column":6},"end":{"line":26,"column":26}},"3":{"start":{"line":27,"column":11},"end":{"line":32,"column":5}},"4":{"start":{"line":28,"column":6},"end":{"line":28,"column":30}},"5":{"start":{"line":29,"column":6},"end":{"line":29,"column":25}},"6":{"start":{"line":31,"column":6},"end":{"line":31,"column":25}},"7":{"start":{"line":36,"column":4},"end":{"line":40,"column":5}},"8":{"start":{"line":37,"column":6},"end":{"line":37,"column":41}},"9":{"start":{"line":38,"column":11},"end":{"line":40,"column":5}},"10":{"start":{"line":39,"column":6},"end":{"line":39,"column":39}},"11":{"start":{"line":42,"column":4},"end":{"line":42,"column":40}},"12":{"start":{"line":43,"column":4},"end":{"line":43,"column":43}},"13":{"start":{"line":47,"column":4},"end":{"line":47,"column":43}},"14":{"start":{"line":48,"column":4},"end":{"line":48,"column":33}},"15":{"start":{"line":49,"column":4},"end":{"line":49,"column":40}},"16":{"start":{"line":55,"column":58},"end":{"line":55,"column":68}},"17":{"start":{"line":56,"column":4},"end":{"line":56,"column":52}},"18":{"start":{"line":57,"column":20},"end":{"line":57,"column":45}},"19":{"start":{"line":59,"column":4},"end":{"line":61,"column":43}},"20":{"start":{"line":66,"column":28},"end":{"line":66,"column":38}},"21":{"start":{"line":67,"column":31},"end":{"line":67,"column":41}},"22":{"start":{"line":69,"column":4},"end":{"line":89,"column":5}},"23":{"start":{"line":73,"column":25},"end":{"line":73,"column":50}},"24":{"start":{"line":83,"column":25},"end":{"line":83,"column":52}},"25":{"start":{"line":93,"column":27},"end":{"line":102,"column":1}},"26":{"start":{"line":94,"column":2},"end":{"line":101,"column":3}},"27":{"start":{"line":96,"column":6},"end":{"line":96,"column":48}},"28":{"start":{"line":99,"column":6},"end":{"line":99,"column":51}}},"fnMap":{"0":{"name":"(anonymous_0)","decl":{"start":{"line":22,"column":15},"end":{"line":22,"column":16}},"loc":{"start":{"line":22,"column":26},"end":{"line":33,"column":3}},"line":22},"1":{"name":"(anonymous_1)","decl":{"start":{"line":35,"column":11},"end":{"line":35,"column":12}},"loc":{"start":{"line":35,"column":19},"end":{"line":44,"column":3}},"line":35},"2":{"name":"(anonymous_2)","decl":{"start":{"line":46,"column":10},"end":{"line":46,"column":11}},"loc":{"start":{"line":46,"column":18},"end":{"line":50,"column":3}},"line":46},"3":{"name":"(anonymous_3)","decl":{"start":{"line":53,"column":23},"end":{"line":53,"column":24}},"loc":{"start":{"line":53,"column":31},"end":{"line":63,"column":3}},"line":53},"4":{"name":"(anonymous_4)","decl":{"start":{"line":65,"column":2},"end":{"line":65,"column":3}},"loc":{"start":{"line":65,"column":11},"end":{"line":90,"column":3}},"line":65},"5":{"name":"(anonymous_5)","decl":{"start":{"line":73,"column":19},"end":{"line":73,"column":20}},"loc":{"start":{"line":73,"column":25},"end":{"line":73,"column":50}},"line":73},"6":{"name":"(anonymous_6)","decl":{"start":{"line":83,"column":19},"end":{"line":83,"column":20}},"loc":{"start":{"line":83,"column":25},"end":{"line":83,"column":52}},"line":83},"7":{"name":"(anonymous_7)","decl":{"start":{"line":93,"column":27},"end":{"line":93,"column":28}},"loc":{"start":{"line":93,"column":39},"end":{"line":102,"column":1}},"line":93},"8":{"name":"(anonymous_8)","decl":{"start":{"line":95,"column":19},"end":{"line":95,"column":20}},"loc":{"start":{"line":95,"column":42},"end":{"line":97,"column":5}},"line":95},"9":{"name":"(anonymous_9)","decl":{"start":{"line":98,"column":22},"end":{"line":98,"column":23}},"loc":{"start":{"line":98,"column":45},"end":{"line":100,"column":5}},"line":98}},"branchMap":{"0":{"loc":{"start":{"line":25,"column":4},"end":{"line":32,"column":5}},"type":"if","locations":[{"start":{"line":25,"column":4},"end":{"line":32,"column":5}},{"start":{"line":25,"column":4},"end":{"line":32,"column":5}}],"line":25},"1":{"loc":{"start":{"line":25,"column":8},"end":{"line":25,"column":46}},"type":"binary-expr","locations":[{"start":{"line":25,"column":8},"end":{"line":25,"column":19}},{"start":{"line":25,"column":23},"end":{"line":25,"column":46}}],"line":25},"2":{"loc":{"start":{"line":27,"column":11},"end":{"line":32,"column":5}},"type":"if","locations":[{"start":{"line":27,"column":11},"end":{"line":32,"column":5}},{"start":{"line":27,"column":11},"end":{"line":32,"column":5}}],"line":27},"3":{"loc":{"start":{"line":36,"column":4},"end":{"line":40,"column":5}},"type":"if","locations":[{"start":{"line":36,"column":4},"end":{"line":40,"column":5}},{"start":{"line":36,"column":4},"end":{"line":40,"column":5}}],"line":36},"4":{"loc":{"start":{"line":38,"column":11},"end":{"line":40,"column":5}},"type":"if","locations":[{"start":{"line":38,"column":11},"end":{"line":40,"column":5}},{"start":{"line":38,"column":11},"end":{"line":40,"column":5}}],"line":38},"5":{"loc":{"start":{"line":56,"column":4},"end":{"line":56,"column":51}},"type":"cond-expr","locations":[{"start":{"line":56,"column":24},"end":{"line":56,"column":36}},{"start":{"line":56,"column":39},"end":{"line":56,"column":51}}],"line":56},"6":{"loc":{"start":{"line":59,"column":4},"end":{"line":61,"column":43}},"type":"cond-expr","locations":[{"start":{"line":60,"column":8},"end":{"line":60,"column":40}},{"start":{"line":61,"column":8},"end":{"line":61,"column":43}}],"line":59},"7":{"loc":{"start":{"line":74,"column":17},"end":{"line":74,"column":66}},"type":"cond-expr","locations":[{"start":{"line":74,"column":43},"end":{"line":74,"column":54}},{"start":{"line":74,"column":57},"end":{"line":74,"column":66}}],"line":74},"8":{"loc":{"start":{"line":84,"column":17},"end":{"line":84,"column":68}},"type":"cond-expr","locations":[{"start":{"line":84,"column":45},"end":{"line":84,"column":56}},{"start":{"line":84,"column":59},"end":{"line":84,"column":68}}],"line":84}},"s":{"0":4,"1":4,"2":1,"3":3,"4":1,"5":1,"6":2,"7":2,"8":1,"9":1,"10":1,"11":2,"12":2,"13":3,"14":3,"15":3,"16":5,"17":5,"18":5,"19":5,"20":10,"21":10,"22":10,"23":2,"24":2,"25":8,"26":5,"27":4,"28":1},"f":{"0":4,"1":2,"2":3,"3":5,"4":10,"5":2,"6":2,"7":5,"8":4,"9":1},"b":{"0":[1,3],"1":[4,2],"2":[1,2],"3":[1,1],"4":[1,0],"5":[3,2],"6":[4,1],"7":[3,7],"8":[2,8]},"_coverageSchema":"332fd63041d2c1bcb487cc26dd0d5f7d97098a6c","hash":"bd9b86f6ed7afe1e002ef01c9c8c82a6a1ac924f"}
,"/Users/caioblasio/Documents/nanodegree/reactnd-p2-readable/client/src/components/CommentList/index.js": {"path":"/Users/caioblasio/Documents/nanodegree/reactnd-p2-readable/client/src/components/CommentList/index.js","statementMap":{"0":{"start":{"line":9,"column":15},"end":{"line":13,"column":2}},"1":{"start":{"line":9,"column":25},"end":{"line":13,"column":1}},"2":{"start":{"line":19,"column":38},"end":{"line":19,"column":48}},"3":{"start":{"line":20,"column":4},"end":{"line":20,"column":26}},"4":{"start":{"line":24,"column":62},"end":{"line":24,"column":72}},"5":{"start":{"line":25,"column":4},"end":{"line":40,"column":5}},"6":{"start":{"line":32,"column":10},"end":{"line":37,"column":12}},"7":{"start":{"line":44,"column":25},"end":{"line":44,"column":57}},"8":{"start":{"line":44,"column":44},"end":{"line":44,"column":56}},"9":{"start":{"line":46,"column":27},"end":{"line":58,"column":1}},"10":{"start":{"line":47,"column":2},"end":{"line":57,"column":3}},"11":{"start":{"line":49,"column":6},"end":{"line":49,"column":37}},"12":{"start":{"line":52,"column":6},"end":{"line":52,"column":40}},"13":{"start":{"line":55,"column":6},"end":{"line":55,"column":47}}},"fnMap":{"0":{"name":"(anonymous_0)","decl":{"start":{"line":9,"column":15},"end":{"line":9,"column":16}},"loc":{"start":{"line":9,"column":25},"end":{"line":13,"column":1}},"line":9},"1":{"name":"(anonymous_1)","decl":{"start":{"line":18,"column":2},"end":{"line":18,"column":3}},"loc":{"start":{"line":18,"column":22},"end":{"line":21,"column":3}},"line":18},"2":{"name":"(anonymous_2)","decl":{"start":{"line":23,"column":2},"end":{"line":23,"column":3}},"loc":{"start":{"line":23,"column":11},"end":{"line":41,"column":3}},"line":23},"3":{"name":"(anonymous_3)","decl":{"start":{"line":31,"column":22},"end":{"line":31,"column":23}},"loc":{"start":{"line":32,"column":10},"end":{"line":37,"column":12}},"line":32},"4":{"name":"(anonymous_4)","decl":{"start":{"line":44,"column":25},"end":{"line":44,"column":26}},"loc":{"start":{"line":44,"column":44},"end":{"line":44,"column":56}},"line":44},"5":{"name":"(anonymous_5)","decl":{"start":{"line":46,"column":27},"end":{"line":46,"column":28}},"loc":{"start":{"line":46,"column":39},"end":{"line":58,"column":1}},"line":46},"6":{"name":"(anonymous_6)","decl":{"start":{"line":48,"column":19},"end":{"line":48,"column":20}},"loc":{"start":{"line":48,"column":31},"end":{"line":50,"column":5}},"line":48},"7":{"name":"(anonymous_7)","decl":{"start":{"line":51,"column":19},"end":{"line":51,"column":20}},"loc":{"start":{"line":51,"column":34},"end":{"line":53,"column":5}},"line":51},"8":{"name":"(anonymous_8)","decl":{"start":{"line":54,"column":17},"end":{"line":54,"column":18}},"loc":{"start":{"line":54,"column":42},"end":{"line":56,"column":5}},"line":54}},"branchMap":{"0":{"loc":{"start":{"line":29,"column":20},"end":{"line":29,"column":89}},"type":"cond-expr","locations":[{"start":{"line":29,"column":42},"end":{"line":29,"column":73}},{"start":{"line":29,"column":76},"end":{"line":29,"column":89}}],"line":29}},"s":{"0":3,"1":1,"2":1,"3":1,"4":1,"5":1,"6":2,"7":3,"8":1,"9":3,"10":1,"11":1,"12":0,"13":0},"f":{"0":1,"1":1,"2":1,"3":2,"4":1,"5":1,"6":1,"7":0,"8":0},"b":{"0":[1,0]},"_coverageSchema":"332fd63041d2c1bcb487cc26dd0d5f7d97098a6c","hash":"c1e718ca64367bde664f34c2ba75b3c02d7c7b79"}
,"/Users/caioblasio/Documents/nanodegree/reactnd-p2-readable/client/src/components/CommentList/Comment/Content.js": {"path":"/Users/caioblasio/Documents/nanodegree/reactnd-p2-readable/client/src/components/CommentList/Comment/Content.js","statementMap":{"0":{"start":{"line":12,"column":15},"end":{"line":25,"column":2}},"1":{"start":{"line":12,"column":25},"end":{"line":25,"column":1}},"2":{"start":{"line":30,"column":57},"end":{"line":30,"column":67}},"3":{"start":{"line":31,"column":30},"end":{"line":33,"column":5}},"4":{"start":{"line":35,"column":4},"end":{"line":37,"column":5}},"5":{"start":{"line":36,"column":6},"end":{"line":36,"column":25}},"6":{"start":{"line":41,"column":70},"end":{"line":41,"column":80}},"7":{"start":{"line":43,"column":4},"end":{"line":73,"column":5}},"8":{"start":{"line":59,"column":30},"end":{"line":59,"column":46}}},"fnMap":{"0":{"name":"(anonymous_0)","decl":{"start":{"line":12,"column":15},"end":{"line":12,"column":16}},"loc":{"start":{"line":12,"column":25},"end":{"line":25,"column":1}},"line":12},"1":{"name":"(anonymous_1)","decl":{"start":{"line":29,"column":17},"end":{"line":29,"column":18}},"loc":{"start":{"line":29,"column":23},"end":{"line":38,"column":3}},"line":29},"2":{"name":"(anonymous_2)","decl":{"start":{"line":40,"column":2},"end":{"line":40,"column":3}},"loc":{"start":{"line":40,"column":11},"end":{"line":74,"column":3}},"line":40},"3":{"name":"(anonymous_3)","decl":{"start":{"line":59,"column":23},"end":{"line":59,"column":24}},"loc":{"start":{"line":59,"column":29},"end":{"line":59,"column":47}},"line":59}},"branchMap":{"0":{"loc":{"start":{"line":35,"column":4},"end":{"line":37,"column":5}},"type":"if","locations":[{"start":{"line":35,"column":4},"end":{"line":37,"column":5}},{"start":{"line":35,"column":4},"end":{"line":37,"column":5}}],"line":35}},"s":{"0":3,"1":1,"2":1,"3":1,"4":1,"5":1,"6":2,"7":2,"8":1},"f":{"0":1,"1":1,"2":2,"3":1},"b":{"0":[1,0]},"_coverageSchema":"332fd63041d2c1bcb487cc26dd0d5f7d97098a6c","hash":"83edf501d93d305213003ed456af5b42c4e0f851"}
,"/Users/caioblasio/Documents/nanodegree/reactnd-p2-readable/client/src/components/CommentList/Comment/Edit.js": {"path":"/Users/caioblasio/Documents/nanodegree/reactnd-p2-readable/client/src/components/CommentList/Comment/Edit.js","statementMap":{"0":{"start":{"line":7,"column":15},"end":{"line":18,"column":2}},"1":{"start":{"line":7,"column":25},"end":{"line":18,"column":1}},"2":{"start":{"line":26,"column":25},"end":{"line":30,"column":3}},"3":{"start":{"line":27,"column":4},"end":{"line":29,"column":7}},"4":{"start":{"line":33,"column":4},"end":{"line":33,"column":23}},"5":{"start":{"line":35,"column":21},"end":{"line":35,"column":31}},"6":{"start":{"line":36,"column":47},"end":{"line":36,"column":57}},"7":{"start":{"line":38,"column":4},"end":{"line":41,"column":7}},"8":{"start":{"line":43,"column":4},"end":{"line":43,"column":32}},"9":{"start":{"line":45,"column":4},"end":{"line":45,"column":22}},"10":{"start":{"line":49,"column":21},"end":{"line":49,"column":31}},"11":{"start":{"line":50,"column":32},"end":{"line":50,"column":42}},"12":{"start":{"line":52,"column":4},"end":{"line":78,"column":5}},"13":{"start":{"line":69,"column":94},"end":{"line":69,"column":111}}},"fnMap":{"0":{"name":"(anonymous_0)","decl":{"start":{"line":7,"column":15},"end":{"line":7,"column":16}},"loc":{"start":{"line":7,"column":25},"end":{"line":18,"column":1}},"line":7},"1":{"name":"(anonymous_1)","decl":{"start":{"line":26,"column":17},"end":{"line":26,"column":18}},"loc":{"start":{"line":26,"column":25},"end":{"line":30,"column":3}},"line":26},"2":{"name":"(anonymous_2)","decl":{"start":{"line":26,"column":25},"end":{"line":26,"column":26}},"loc":{"start":{"line":26,"column":34},"end":{"line":30,"column":3}},"line":26},"3":{"name":"(anonymous_3)","decl":{"start":{"line":32,"column":17},"end":{"line":32,"column":18}},"loc":{"start":{"line":32,"column":24},"end":{"line":46,"column":3}},"line":32},"4":{"name":"(anonymous_4)","decl":{"start":{"line":48,"column":2},"end":{"line":48,"column":3}},"loc":{"start":{"line":48,"column":11},"end":{"line":79,"column":3}},"line":48},"5":{"name":"(anonymous_5)","decl":{"start":{"line":69,"column":87},"end":{"line":69,"column":88}},"loc":{"start":{"line":69,"column":93},"end":{"line":69,"column":112}},"line":69}},"branchMap":{},"s":{"0":3,"1":1,"2":3,"3":0,"4":1,"5":1,"6":1,"7":1,"8":1,"9":1,"10":3,"11":3,"12":3,"13":1},"f":{"0":1,"1":3,"2":0,"3":1,"4":3,"5":1},"b":{},"_coverageSchema":"332fd63041d2c1bcb487cc26dd0d5f7d97098a6c","hash":"7ece05a5e88445484dab6d9b34945ce3f8494d17"}
,"/Users/caioblasio/Documents/nanodegree/reactnd-p2-readable/client/src/components/CommentList/Comment/index.js": {"path":"/Users/caioblasio/Documents/nanodegree/reactnd-p2-readable/client/src/components/CommentList/Comment/index.js","statementMap":{"0":{"start":{"line":11,"column":15},"end":{"line":21,"column":2}},"1":{"start":{"line":11,"column":25},"end":{"line":21,"column":1}},"2":{"start":{"line":31,"column":4},"end":{"line":33,"column":6}},"3":{"start":{"line":37,"column":99},"end":{"line":37,"column":109}},"4":{"start":{"line":38,"column":17},"end":{"line":38,"column":27}},"5":{"start":{"line":40,"column":4},"end":{"line":51,"column":5}}},"fnMap":{"0":{"name":"(anonymous_0)","decl":{"start":{"line":11,"column":15},"end":{"line":11,"column":16}},"loc":{"start":{"line":11,"column":25},"end":{"line":21,"column":1}},"line":11},"1":{"name":"(anonymous_1)","decl":{"start":{"line":30,"column":20},"end":{"line":30,"column":21}},"loc":{"start":{"line":30,"column":30},"end":{"line":34,"column":3}},"line":30},"2":{"name":"(anonymous_2)","decl":{"start":{"line":36,"column":2},"end":{"line":36,"column":3}},"loc":{"start":{"line":36,"column":11},"end":{"line":52,"column":3}},"line":36}},"branchMap":{"0":{"loc":{"start":{"line":45,"column":9},"end":{"line":47,"column":109}},"type":"cond-expr","locations":[{"start":{"line":46,"column":12},"end":{"line":46,"column":102}},{"start":{"line":47,"column":12},"end":{"line":47,"column":109}}],"line":45}},"s":{"0":3,"1":1,"2":0,"3":3,"4":3,"5":3},"f":{"0":1,"1":0,"2":3},"b":{"0":[1,2]},"_coverageSchema":"332fd63041d2c1bcb487cc26dd0d5f7d97098a6c","hash":"749af5bcbf4f06959248c634a02fa0e2ba81796b"}
,"/Users/caioblasio/Documents/nanodegree/reactnd-p2-readable/client/src/components/Header/Drawer.js": {"path":"/Users/caioblasio/Documents/nanodegree/reactnd-p2-readable/client/src/components/Header/Drawer.js","statementMap":{"0":{"start":{"line":20,"column":15},"end":{"line":39,"column":2}},"1":{"start":{"line":20,"column":25},"end":{"line":39,"column":1}},"2":{"start":{"line":44,"column":64},"end":{"line":44,"column":74}},"3":{"start":{"line":47,"column":6},"end":{"line":89,"column":17}},"4":{"start":{"line":60,"column":12},"end":{"line":64,"column":19}},"5":{"start":{"line":92,"column":4},"end":{"line":122,"column":6}},"6":{"start":{"line":126,"column":0},"end":{"line":130,"column":2}}},"fnMap":{"0":{"name":"(anonymous_0)","decl":{"start":{"line":20,"column":15},"end":{"line":20,"column":16}},"loc":{"start":{"line":20,"column":25},"end":{"line":39,"column":1}},"line":20},"1":{"name":"(anonymous_1)","decl":{"start":{"line":43,"column":2},"end":{"line":43,"column":3}},"loc":{"start":{"line":43,"column":11},"end":{"line":123,"column":3}},"line":43},"2":{"name":"(anonymous_2)","decl":{"start":{"line":59,"column":26},"end":{"line":59,"column":27}},"loc":{"start":{"line":60,"column":12},"end":{"line":64,"column":19}},"line":60}},"branchMap":{"0":{"loc":{"start":{"line":97,"column":20},"end":{"line":97,"column":64}},"type":"cond-expr","locations":[{"start":{"line":97,"column":48},"end":{"line":97,"column":55}},{"start":{"line":97,"column":58},"end":{"line":97,"column":64}}],"line":97}},"s":{"0":2,"1":1,"2":1,"3":1,"4":2,"5":1,"6":2},"f":{"0":1,"1":1,"2":2},"b":{"0":[0,1]},"_coverageSchema":"332fd63041d2c1bcb487cc26dd0d5f7d97098a6c","hash":"272739c6f0e90e00eda20d6b862f900f51ea1282"}
,"/Users/caioblasio/Documents/nanodegree/reactnd-p2-readable/client/src/components/Header/SearchAppBar.js": {"path":"/Users/caioblasio/Documents/nanodegree/reactnd-p2-readable/client/src/components/Header/SearchAppBar.js","statementMap":{"0":{"start":{"line":16,"column":15},"end":{"line":78,"column":2}},"1":{"start":{"line":16,"column":25},"end":{"line":78,"column":1}},"2":{"start":{"line":95,"column":29},"end":{"line":95,"column":39}},"3":{"start":{"line":96,"column":17},"end":{"line":96,"column":21}},"4":{"start":{"line":97,"column":18},"end":{"line":97,"column":36}},"5":{"start":{"line":99,"column":4},"end":{"line":101,"column":5}},"6":{"start":{"line":100,"column":6},"end":{"line":100,"column":45}},"7":{"start":{"line":103,"column":4},"end":{"line":108,"column":7}},"8":{"start":{"line":106,"column":8},"end":{"line":106,"column":42}},"9":{"start":{"line":112,"column":57},"end":{"line":112,"column":67}},"10":{"start":{"line":113,"column":4},"end":{"line":148,"column":6}},"11":{"start":{"line":152,"column":0},"end":{"line":154,"column":2}}},"fnMap":{"0":{"name":"(anonymous_0)","decl":{"start":{"line":16,"column":15},"end":{"line":16,"column":16}},"loc":{"start":{"line":16,"column":25},"end":{"line":78,"column":1}},"line":16},"1":{"name":"(anonymous_1)","decl":{"start":{"line":93,"column":17},"end":{"line":93,"column":18}},"loc":{"start":{"line":93,"column":28},"end":{"line":109,"column":3}},"line":93},"2":{"name":"(anonymous_2)","decl":{"start":{"line":105,"column":32},"end":{"line":105,"column":33}},"loc":{"start":{"line":105,"column":44},"end":{"line":107,"column":7}},"line":105},"3":{"name":"(anonymous_3)","decl":{"start":{"line":111,"column":2},"end":{"line":111,"column":3}},"loc":{"start":{"line":111,"column":11},"end":{"line":149,"column":3}},"line":111}},"branchMap":{"0":{"loc":{"start":{"line":99,"column":4},"end":{"line":101,"column":5}},"type":"if","locations":[{"start":{"line":99,"column":4},"end":{"line":101,"column":5}},{"start":{"line":99,"column":4},"end":{"line":101,"column":5}}],"line":99},"1":{"loc":{"start":{"line":121,"column":23},"end":{"line":121,"column":56}},"type":"cond-expr","locations":[{"start":{"line":121,"column":32},"end":{"line":121,"column":43}},{"start":{"line":121,"column":46},"end":{"line":121,"column":56}}],"line":121}},"s":{"0":2,"1":1,"2":1,"3":1,"4":1,"5":1,"6":0,"7":1,"8":1,"9":3,"10":3,"11":2},"f":{"0":1,"1":1,"2":1,"3":3},"b":{"0":[0,1],"1":[3,0]},"_coverageSchema":"332fd63041d2c1bcb487cc26dd0d5f7d97098a6c","hash":"afe05eb7c204486df8fcacb3ca26977934b9bf75"}
,"/Users/caioblasio/Documents/nanodegree/reactnd-p2-readable/client/src/components/Header/index.js": {"path":"/Users/caioblasio/Documents/nanodegree/reactnd-p2-readable/client/src/components/Header/index.js","statementMap":{"0":{"start":{"line":15,"column":4},"end":{"line":18,"column":7}},"1":{"start":{"line":16,"column":6},"end":{"line":17,"column":22}},"2":{"start":{"line":17,"column":8},"end":{"line":17,"column":22}},"3":{"start":{"line":22,"column":80},"end":{"line":22,"column":90}},"4":{"start":{"line":23,"column":4},"end":{"line":38,"column":5}},"5":{"start":{"line":42,"column":24},"end":{"line":42,"column":84}},"6":{"start":{"line":42,"column":53},"end":{"line":42,"column":83}},"7":{"start":{"line":44,"column":27},"end":{"line":56,"column":1}},"8":{"start":{"line":45,"column":2},"end":{"line":55,"column":3}},"9":{"start":{"line":47,"column":6},"end":{"line":47,"column":28}},"10":{"start":{"line":50,"column":6},"end":{"line":50,"column":29}},"11":{"start":{"line":53,"column":6},"end":{"line":53,"column":35}}},"fnMap":{"0":{"name":"(anonymous_0)","decl":{"start":{"line":14,"column":2},"end":{"line":14,"column":3}},"loc":{"start":{"line":14,"column":62},"end":{"line":19,"column":3}},"line":14},"1":{"name":"(anonymous_1)","decl":{"start":{"line":15,"column":19},"end":{"line":15,"column":20}},"loc":{"start":{"line":15,"column":25},"end":{"line":18,"column":5}},"line":15},"2":{"name":"(anonymous_2)","decl":{"start":{"line":21,"column":2},"end":{"line":21,"column":3}},"loc":{"start":{"line":21,"column":10},"end":{"line":39,"column":3}},"line":21},"3":{"name":"(anonymous_3)","decl":{"start":{"line":42,"column":24},"end":{"line":42,"column":25}},"loc":{"start":{"line":42,"column":53},"end":{"line":42,"column":83}},"line":42},"4":{"name":"(anonymous_4)","decl":{"start":{"line":44,"column":27},"end":{"line":44,"column":28}},"loc":{"start":{"line":44,"column":39},"end":{"line":56,"column":1}},"line":44},"5":{"name":"(anonymous_5)","decl":{"start":{"line":46,"column":16},"end":{"line":46,"column":17}},"loc":{"start":{"line":46,"column":22},"end":{"line":48,"column":5}},"line":46},"6":{"name":"(anonymous_6)","decl":{"start":{"line":49,"column":17},"end":{"line":49,"column":18}},"loc":{"start":{"line":49,"column":23},"end":{"line":51,"column":5}},"line":49},"7":{"name":"(anonymous_7)","decl":{"start":{"line":52,"column":18},"end":{"line":52,"column":19}},"loc":{"start":{"line":52,"column":29},"end":{"line":54,"column":5}},"line":52}},"branchMap":{"0":{"loc":{"start":{"line":16,"column":6},"end":{"line":17,"column":22}},"type":"if","locations":[{"start":{"line":16,"column":6},"end":{"line":17,"column":22}},{"start":{"line":16,"column":6},"end":{"line":17,"column":22}}],"line":16},"1":{"loc":{"start":{"line":16,"column":9},"end":{"line":16,"column":27}},"type":"binary-expr","locations":[{"start":{"line":16,"column":9},"end":{"line":16,"column":17}},{"start":{"line":16,"column":21},"end":{"line":16,"column":27}}],"line":16}},"s":{"0":0,"1":0,"2":0,"3":1,"4":1,"5":2,"6":1,"7":2,"8":1,"9":0,"10":0,"11":0},"f":{"0":0,"1":0,"2":1,"3":1,"4":1,"5":0,"6":0,"7":0},"b":{"0":[0,0],"1":[0,0]},"_coverageSchema":"332fd63041d2c1bcb487cc26dd0d5f7d97098a6c","hash":"d60f6fcd847b949d8b8f577fe904af5c6b846fe1"}
,"/Users/caioblasio/Documents/nanodegree/reactnd-p2-readable/client/src/components/ManagePost/Form.js": {"path":"/Users/caioblasio/Documents/nanodegree/reactnd-p2-readable/client/src/components/ManagePost/Form.js","statementMap":{"0":{"start":{"line":11,"column":15},"end":{"line":25,"column":2}},"1":{"start":{"line":11,"column":25},"end":{"line":25,"column":1}},"2":{"start":{"line":33,"column":18},"end":{"line":44,"column":5}},"3":{"start":{"line":46,"column":4},"end":{"line":46,"column":16}},"4":{"start":{"line":50,"column":4},"end":{"line":50,"column":45}},"5":{"start":{"line":53,"column":25},"end":{"line":57,"column":3}},"6":{"start":{"line":54,"column":4},"end":{"line":56,"column":7}},"7":{"start":{"line":60,"column":4},"end":{"line":60,"column":23}},"8":{"start":{"line":62,"column":31},"end":{"line":62,"column":41}},"9":{"start":{"line":63,"column":42},"end":{"line":63,"column":52}},"10":{"start":{"line":65,"column":4},"end":{"line":72,"column":7}},"11":{"start":{"line":74,"column":4},"end":{"line":79,"column":7}},"12":{"start":{"line":84,"column":46},"end":{"line":84,"column":56}},"13":{"start":{"line":85,"column":41},"end":{"line":85,"column":51}},"14":{"start":{"line":87,"column":4},"end":{"line":166,"column":5}},"15":{"start":{"line":150,"column":12},"end":{"line":152,"column":23}},"16":{"start":{"line":157,"column":94},"end":{"line":157,"column":121}}},"fnMap":{"0":{"name":"(anonymous_0)","decl":{"start":{"line":11,"column":15},"end":{"line":11,"column":16}},"loc":{"start":{"line":11,"column":25},"end":{"line":25,"column":1}},"line":11},"1":{"name":"(anonymous_1)","decl":{"start":{"line":31,"column":2},"end":{"line":31,"column":3}},"loc":{"start":{"line":31,"column":24},"end":{"line":47,"column":3}},"line":31},"2":{"name":"(anonymous_2)","decl":{"start":{"line":49,"column":30},"end":{"line":49,"column":31}},"loc":{"start":{"line":49,"column":44},"end":{"line":51,"column":3}},"line":49},"3":{"name":"(anonymous_3)","decl":{"start":{"line":53,"column":17},"end":{"line":53,"column":18}},"loc":{"start":{"line":53,"column":25},"end":{"line":57,"column":3}},"line":53},"4":{"name":"(anonymous_4)","decl":{"start":{"line":53,"column":25},"end":{"line":53,"column":26}},"loc":{"start":{"line":53,"column":34},"end":{"line":57,"column":3}},"line":53},"5":{"name":"(anonymous_5)","decl":{"start":{"line":59,"column":17},"end":{"line":59,"column":18}},"loc":{"start":{"line":59,"column":24},"end":{"line":81,"column":3}},"line":59},"6":{"name":"(anonymous_6)","decl":{"start":{"line":83,"column":2},"end":{"line":83,"column":3}},"loc":{"start":{"line":83,"column":11},"end":{"line":167,"column":3}},"line":83},"7":{"name":"(anonymous_7)","decl":{"start":{"line":149,"column":26},"end":{"line":149,"column":27}},"loc":{"start":{"line":150,"column":12},"end":{"line":152,"column":23}},"line":150},"8":{"name":"(anonymous_8)","decl":{"start":{"line":157,"column":87},"end":{"line":157,"column":88}},"loc":{"start":{"line":157,"column":93},"end":{"line":157,"column":122}},"line":157}},"branchMap":{"0":{"loc":{"start":{"line":33,"column":18},"end":{"line":44,"column":5}},"type":"cond-expr","locations":[{"start":{"line":34,"column":6},"end":{"line":39,"column":5}},{"start":{"line":39,"column":8},"end":{"line":44,"column":5}}],"line":33},"1":{"loc":{"start":{"line":66,"column":10},"end":{"line":66,"column":35}},"type":"cond-expr","locations":[{"start":{"line":66,"column":17},"end":{"line":66,"column":24}},{"start":{"line":66,"column":27},"end":{"line":66,"column":35}}],"line":66}},"s":{"0":2,"1":1,"2":7,"3":7,"4":1,"5":64,"6":8,"7":1,"8":1,"9":1,"10":1,"11":1,"12":16,"13":16,"14":16,"15":32,"16":1},"f":{"0":1,"1":7,"2":1,"3":64,"4":8,"5":1,"6":16,"7":32,"8":1},"b":{"0":[1,6],"1":[0,1]},"_coverageSchema":"332fd63041d2c1bcb487cc26dd0d5f7d97098a6c","hash":"6dc50790297db0bda3c0755804a417c8913b64ae"}
,"/Users/caioblasio/Documents/nanodegree/reactnd-p2-readable/client/src/components/ManagePost/index.js": {"path":"/Users/caioblasio/Documents/nanodegree/reactnd-p2-readable/client/src/components/ManagePost/index.js","statementMap":{"0":{"start":{"line":13,"column":15},"end":{"line":31,"column":2}},"1":{"start":{"line":13,"column":25},"end":{"line":31,"column":1}},"2":{"start":{"line":40,"column":38},"end":{"line":40,"column":48}},"3":{"start":{"line":42,"column":4},"end":{"line":43,"column":27}},"4":{"start":{"line":43,"column":6},"end":{"line":43,"column":27}},"5":{"start":{"line":47,"column":40},"end":{"line":47,"column":50}},"6":{"start":{"line":49,"column":4},"end":{"line":53,"column":5}},"7":{"start":{"line":50,"column":6},"end":{"line":50,"column":30}},"8":{"start":{"line":52,"column":6},"end":{"line":52,"column":20}},"9":{"start":{"line":55,"column":4},"end":{"line":57,"column":6}},"10":{"start":{"line":62,"column":48},"end":{"line":62,"column":58}},"11":{"start":{"line":64,"column":4},"end":{"line":66,"column":5}},"12":{"start":{"line":65,"column":6},"end":{"line":65,"column":46}},"13":{"start":{"line":68,"column":4},"end":{"line":83,"column":5}},"14":{"start":{"line":87,"column":24},"end":{"line":92,"column":1}},"15":{"start":{"line":88,"column":2},"end":{"line":91,"column":3}},"16":{"start":{"line":94,"column":27},"end":{"line":106,"column":1}},"17":{"start":{"line":95,"column":2},"end":{"line":105,"column":3}},"18":{"start":{"line":97,"column":6},"end":{"line":97,"column":33}},"19":{"start":{"line":100,"column":6},"end":{"line":100,"column":34}},"20":{"start":{"line":103,"column":6},"end":{"line":103,"column":29}}},"fnMap":{"0":{"name":"(anonymous_0)","decl":{"start":{"line":13,"column":15},"end":{"line":13,"column":16}},"loc":{"start":{"line":13,"column":25},"end":{"line":31,"column":1}},"line":13},"1":{"name":"(anonymous_1)","decl":{"start":{"line":39,"column":2},"end":{"line":39,"column":3}},"loc":{"start":{"line":39,"column":22},"end":{"line":44,"column":3}},"line":39},"2":{"name":"(anonymous_2)","decl":{"start":{"line":46,"column":17},"end":{"line":46,"column":18}},"loc":{"start":{"line":46,"column":27},"end":{"line":59,"column":3}},"line":46},"3":{"name":"(anonymous_3)","decl":{"start":{"line":61,"column":2},"end":{"line":61,"column":3}},"loc":{"start":{"line":61,"column":11},"end":{"line":84,"column":3}},"line":61},"4":{"name":"(anonymous_4)","decl":{"start":{"line":87,"column":24},"end":{"line":87,"column":25}},"loc":{"start":{"line":87,"column":63},"end":{"line":92,"column":1}},"line":87},"5":{"name":"(anonymous_5)","decl":{"start":{"line":94,"column":27},"end":{"line":94,"column":28}},"loc":{"start":{"line":94,"column":39},"end":{"line":106,"column":1}},"line":94},"6":{"name":"(anonymous_6)","decl":{"start":{"line":96,"column":19},"end":{"line":96,"column":20}},"loc":{"start":{"line":96,"column":27},"end":{"line":98,"column":5}},"line":96},"7":{"name":"(anonymous_7)","decl":{"start":{"line":99,"column":14},"end":{"line":99,"column":15}},"loc":{"start":{"line":99,"column":28},"end":{"line":101,"column":5}},"line":99},"8":{"name":"(anonymous_8)","decl":{"start":{"line":102,"column":13},"end":{"line":102,"column":14}},"loc":{"start":{"line":102,"column":23},"end":{"line":104,"column":5}},"line":102}},"branchMap":{"0":{"loc":{"start":{"line":42,"column":4},"end":{"line":43,"column":27}},"type":"if","locations":[{"start":{"line":42,"column":4},"end":{"line":43,"column":27}},{"start":{"line":42,"column":4},"end":{"line":43,"column":27}}],"line":42},"1":{"loc":{"start":{"line":49,"column":4},"end":{"line":53,"column":5}},"type":"if","locations":[{"start":{"line":49,"column":4},"end":{"line":53,"column":5}},{"start":{"line":49,"column":4},"end":{"line":53,"column":5}}],"line":49},"2":{"loc":{"start":{"line":64,"column":4},"end":{"line":66,"column":5}},"type":"if","locations":[{"start":{"line":64,"column":4},"end":{"line":66,"column":5}},{"start":{"line":64,"column":4},"end":{"line":66,"column":5}}],"line":64},"3":{"loc":{"start":{"line":72,"column":15},"end":{"line":72,"column":46}},"type":"cond-expr","locations":[{"start":{"line":72,"column":22},"end":{"line":72,"column":33}},{"start":{"line":72,"column":36},"end":{"line":72,"column":46}}],"line":72}},"s":{"0":2,"1":1,"2":2,"3":2,"4":1,"5":0,"6":0,"7":0,"8":0,"9":0,"10":2,"11":2,"12":0,"13":2,"14":2,"15":3,"16":2,"17":3,"18":1,"19":0,"20":0},"f":{"0":1,"1":2,"2":0,"3":2,"4":3,"5":3,"6":1,"7":0,"8":0},"b":{"0":[1,1],"1":[0,0],"2":[0,2],"3":[1,1]},"_coverageSchema":"332fd63041d2c1bcb487cc26dd0d5f7d97098a6c","hash":"856ca142cbac96fa9f0f592901b8e5c12e73c591"}
,"/Users/caioblasio/Documents/nanodegree/reactnd-p2-readable/client/src/components/NewComment/Form.js": {"path":"/Users/caioblasio/Documents/nanodegree/reactnd-p2-readable/client/src/components/NewComment/Form.js","statementMap":{"0":{"start":{"line":7,"column":15},"end":{"line":14,"column":2}},"1":{"start":{"line":7,"column":25},"end":{"line":14,"column":1}},"2":{"start":{"line":23,"column":25},"end":{"line":27,"column":3}},"3":{"start":{"line":24,"column":4},"end":{"line":26,"column":7}},"4":{"start":{"line":30,"column":4},"end":{"line":30,"column":23}},"5":{"start":{"line":32,"column":29},"end":{"line":32,"column":39}},"6":{"start":{"line":33,"column":21},"end":{"line":33,"column":31}},"7":{"start":{"line":35,"column":4},"end":{"line":40,"column":7}},"8":{"start":{"line":42,"column":4},"end":{"line":42,"column":44}},"9":{"start":{"line":47,"column":29},"end":{"line":47,"column":39}},"10":{"start":{"line":48,"column":20},"end":{"line":48,"column":30}},"11":{"start":{"line":50,"column":4},"end":{"line":86,"column":5}}},"fnMap":{"0":{"name":"(anonymous_0)","decl":{"start":{"line":7,"column":15},"end":{"line":7,"column":16}},"loc":{"start":{"line":7,"column":25},"end":{"line":14,"column":1}},"line":7},"1":{"name":"(anonymous_1)","decl":{"start":{"line":23,"column":17},"end":{"line":23,"column":18}},"loc":{"start":{"line":23,"column":25},"end":{"line":27,"column":3}},"line":23},"2":{"name":"(anonymous_2)","decl":{"start":{"line":23,"column":25},"end":{"line":23,"column":26}},"loc":{"start":{"line":23,"column":34},"end":{"line":27,"column":3}},"line":23},"3":{"name":"(anonymous_3)","decl":{"start":{"line":29,"column":17},"end":{"line":29,"column":18}},"loc":{"start":{"line":29,"column":24},"end":{"line":44,"column":3}},"line":29},"4":{"name":"(anonymous_4)","decl":{"start":{"line":46,"column":2},"end":{"line":46,"column":3}},"loc":{"start":{"line":46,"column":11},"end":{"line":87,"column":3}},"line":46}},"branchMap":{},"s":{"0":3,"1":1,"2":18,"3":4,"4":1,"5":1,"6":1,"7":1,"8":1,"9":9,"10":9,"11":9},"f":{"0":1,"1":18,"2":4,"3":1,"4":9},"b":{},"_coverageSchema":"332fd63041d2c1bcb487cc26dd0d5f7d97098a6c","hash":"4043f6881d652e149d70a29d9b4ac3ba95258f1a"}
,"/Users/caioblasio/Documents/nanodegree/reactnd-p2-readable/client/src/components/NewComment/index.js": {"path":"/Users/caioblasio/Documents/nanodegree/reactnd-p2-readable/client/src/components/NewComment/index.js","statementMap":{"0":{"start":{"line":9,"column":15},"end":{"line":13,"column":2}},"1":{"start":{"line":9,"column":25},"end":{"line":13,"column":1}},"2":{"start":{"line":18,"column":37},"end":{"line":18,"column":47}},"3":{"start":{"line":19,"column":4},"end":{"line":19,"column":32}},"4":{"start":{"line":20,"column":4},"end":{"line":20,"column":24}},"5":{"start":{"line":24,"column":24},"end":{"line":24,"column":34}},"6":{"start":{"line":26,"column":4},"end":{"line":35,"column":5}},"7":{"start":{"line":39,"column":27},"end":{"line":45,"column":1}},"8":{"start":{"line":40,"column":2},"end":{"line":44,"column":3}},"9":{"start":{"line":42,"column":6},"end":{"line":42,"column":35}}},"fnMap":{"0":{"name":"(anonymous_0)","decl":{"start":{"line":9,"column":15},"end":{"line":9,"column":16}},"loc":{"start":{"line":9,"column":25},"end":{"line":13,"column":1}},"line":9},"1":{"name":"(anonymous_1)","decl":{"start":{"line":17,"column":17},"end":{"line":17,"column":18}},"loc":{"start":{"line":17,"column":30},"end":{"line":21,"column":3}},"line":17},"2":{"name":"(anonymous_2)","decl":{"start":{"line":23,"column":2},"end":{"line":23,"column":3}},"loc":{"start":{"line":23,"column":11},"end":{"line":36,"column":3}},"line":23},"3":{"name":"(anonymous_3)","decl":{"start":{"line":39,"column":27},"end":{"line":39,"column":28}},"loc":{"start":{"line":39,"column":39},"end":{"line":45,"column":1}},"line":39},"4":{"name":"(anonymous_4)","decl":{"start":{"line":41,"column":16},"end":{"line":41,"column":17}},"loc":{"start":{"line":41,"column":29},"end":{"line":43,"column":5}},"line":41}},"branchMap":{},"s":{"0":3,"1":1,"2":0,"3":0,"4":0,"5":1,"6":1,"7":3,"8":1,"9":0},"f":{"0":1,"1":0,"2":1,"3":1,"4":0},"b":{},"_coverageSchema":"332fd63041d2c1bcb487cc26dd0d5f7d97098a6c","hash":"76f5388e693108af06b8142b2ceb65633e0fd165"}
,"/Users/caioblasio/Documents/nanodegree/reactnd-p2-readable/client/src/components/PostList/Headline.js": {"path":"/Users/caioblasio/Documents/nanodegree/reactnd-p2-readable/client/src/components/PostList/Headline.js","statementMap":{"0":{"start":{"line":13,"column":15},"end":{"line":30,"column":2}},"1":{"start":{"line":13,"column":25},"end":{"line":30,"column":1}},"2":{"start":{"line":39,"column":4},"end":{"line":39,"column":53}},"3":{"start":{"line":43,"column":4},"end":{"line":43,"column":38}},"4":{"start":{"line":48,"column":25},"end":{"line":48,"column":35}},"5":{"start":{"line":49,"column":52},"end":{"line":49,"column":62}},"6":{"start":{"line":51,"column":4},"end":{"line":96,"column":5}},"7":{"start":{"line":80,"column":36},"end":{"line":80,"column":52}},"8":{"start":{"line":80,"column":53},"end":{"line":80,"column":71}},"9":{"start":{"line":86,"column":36},"end":{"line":86,"column":51}},"10":{"start":{"line":86,"column":52},"end":{"line":86,"column":71}}},"fnMap":{"0":{"name":"(anonymous_0)","decl":{"start":{"line":13,"column":15},"end":{"line":13,"column":16}},"loc":{"start":{"line":13,"column":25},"end":{"line":30,"column":1}},"line":13},"1":{"name":"(anonymous_1)","decl":{"start":{"line":38,"column":16},"end":{"line":38,"column":17}},"loc":{"start":{"line":38,"column":25},"end":{"line":40,"column":3}},"line":38},"2":{"name":"(anonymous_2)","decl":{"start":{"line":42,"column":16},"end":{"line":42,"column":17}},"loc":{"start":{"line":42,"column":22},"end":{"line":44,"column":3}},"line":42},"3":{"name":"(anonymous_3)","decl":{"start":{"line":47,"column":2},"end":{"line":47,"column":3}},"loc":{"start":{"line":47,"column":11},"end":{"line":97,"column":3}},"line":47},"4":{"name":"(anonymous_4)","decl":{"start":{"line":80,"column":29},"end":{"line":80,"column":30}},"loc":{"start":{"line":80,"column":35},"end":{"line":80,"column":72}},"line":80},"5":{"name":"(anonymous_5)","decl":{"start":{"line":86,"column":29},"end":{"line":86,"column":30}},"loc":{"start":{"line":86,"column":35},"end":{"line":86,"column":72}},"line":86}},"branchMap":{"0":{"loc":{"start":{"line":54,"column":48},"end":{"line":54,"column":74}},"type":"cond-expr","locations":[{"start":{"line":54,"column":55},"end":{"line":54,"column":69}},{"start":{"line":54,"column":72},"end":{"line":54,"column":74}}],"line":54},"1":{"loc":{"start":{"line":59,"column":13},"end":{"line":91,"column":20}},"type":"binary-expr","locations":[{"start":{"line":59,"column":13},"end":{"line":59,"column":18}},{"start":{"line":60,"column":14},"end":{"line":91,"column":20}}],"line":59},"2":{"loc":{"start":{"line":65,"column":29},"end":{"line":65,"column":65}},"type":"cond-expr","locations":[{"start":{"line":65,"column":40},"end":{"line":65,"column":53}},{"start":{"line":65,"column":56},"end":{"line":65,"column":65}}],"line":65},"3":{"loc":{"start":{"line":94,"column":11},"end":{"line":94,"column":30}},"type":"binary-expr","locations":[{"start":{"line":94,"column":11},"end":{"line":94,"column":16}},{"start":{"line":94,"column":20},"end":{"line":94,"column":30}}],"line":94}},"s":{"0":6,"1":1,"2":0,"3":2,"4":5,"5":5,"6":5,"7":1,"8":1,"9":1,"10":1},"f":{"0":1,"1":0,"2":2,"3":5,"4":1,"5":1},"b":{"0":[0,5],"1":[5,5],"2":[0,5],"3":[5,5]},"_coverageSchema":"332fd63041d2c1bcb487cc26dd0d5f7d97098a6c","hash":"f92d5646969ff5e53d979c18eee000b9a77460fb"}
,"/Users/caioblasio/Documents/nanodegree/reactnd-p2-readable/client/src/components/PostList/Post.js": {"path":"/Users/caioblasio/Documents/nanodegree/reactnd-p2-readable/client/src/components/PostList/Post.js","statementMap":{"0":{"start":{"line":24,"column":15},"end":{"line":48,"column":2}},"1":{"start":{"line":24,"column":25},"end":{"line":48,"column":1}},"2":{"start":{"line":59,"column":4},"end":{"line":59,"column":27}},"3":{"start":{"line":60,"column":4},"end":{"line":60,"column":53}},"4":{"start":{"line":64,"column":4},"end":{"line":64,"column":38}},"5":{"start":{"line":68,"column":32},"end":{"line":68,"column":42}},"6":{"start":{"line":69,"column":31},"end":{"line":71,"column":7}},"7":{"start":{"line":72,"column":4},"end":{"line":74,"column":5}},"8":{"start":{"line":73,"column":6},"end":{"line":73,"column":23}},"9":{"start":{"line":76,"column":4},"end":{"line":76,"column":27}},"10":{"start":{"line":80,"column":30},"end":{"line":80,"column":40}},"11":{"start":{"line":81,"column":86},"end":{"line":81,"column":90}},"12":{"start":{"line":82,"column":25},"end":{"line":82,"column":35}},"13":{"start":{"line":83,"column":17},"end":{"line":83,"column":34}},"14":{"start":{"line":85,"column":4},"end":{"line":150,"column":5}}},"fnMap":{"0":{"name":"(anonymous_0)","decl":{"start":{"line":24,"column":15},"end":{"line":24,"column":16}},"loc":{"start":{"line":24,"column":25},"end":{"line":48,"column":1}},"line":24},"1":{"name":"(anonymous_1)","decl":{"start":{"line":58,"column":20},"end":{"line":58,"column":21}},"loc":{"start":{"line":58,"column":29},"end":{"line":61,"column":3}},"line":58},"2":{"name":"(anonymous_2)","decl":{"start":{"line":63,"column":20},"end":{"line":63,"column":21}},"loc":{"start":{"line":63,"column":26},"end":{"line":65,"column":3}},"line":63},"3":{"name":"(anonymous_3)","decl":{"start":{"line":67,"column":21},"end":{"line":67,"column":22}},"loc":{"start":{"line":67,"column":26},"end":{"line":77,"column":3}},"line":67},"4":{"name":"(anonymous_4)","decl":{"start":{"line":79,"column":2},"end":{"line":79,"column":3}},"loc":{"start":{"line":79,"column":11},"end":{"line":151,"column":3}},"line":79}},"branchMap":{"0":{"loc":{"start":{"line":72,"column":4},"end":{"line":74,"column":5}},"type":"if","locations":[{"start":{"line":72,"column":4},"end":{"line":74,"column":5}},{"start":{"line":72,"column":4},"end":{"line":74,"column":5}}],"line":72},"1":{"loc":{"start":{"line":108,"column":27},"end":{"line":108,"column":52}},"type":"cond-expr","locations":[{"start":{"line":108,"column":34},"end":{"line":108,"column":45}},{"start":{"line":108,"column":48},"end":{"line":108,"column":52}}],"line":108}},"s":{"0":6,"1":1,"2":0,"3":0,"4":1,"5":1,"6":1,"7":1,"8":1,"9":1,"10":3,"11":3,"12":3,"13":3,"14":3},"f":{"0":1,"1":0,"2":1,"3":1,"4":3},"b":{"0":[1,0],"1":[0,3]},"_coverageSchema":"332fd63041d2c1bcb487cc26dd0d5f7d97098a6c","hash":"f23365de76b836ec224eb89c0bdd2b06e57bede3"}
[...]
,"/Users/caioblasio/Documents/nanodegree/reactnd-p2-readable/client/src/reducers/posts.js": {"path":"/Users/caioblasio/Documents/nanodegree/reactnd-p2-readable/client/src/reducers/posts.js","statementMap":{"0":{"start":{"line":4,"column":2},"end":{"line":33,"column":3}},"1":{"start":{"line":6,"column":21},"end":{"line":6,"column":82}},"2":{"start":{"line":7,"column":6},"end":{"line":11,"column":7}},"3":{"start":{"line":13,"column":6},"end":{"line":19,"column":7}},"4":{"start":{"line":21,"column":6},"end":{"line":26,"column":7}},"5":{"start":{"line":28,"column":49},"end":{"line":28,"column":54}},"6":{"start":{"line":29,"column":6},"end":{"line":29,"column":21}},"7":{"start":{"line":32,"column":6},"end":{"line":32,"column":18}}},"fnMap":{"0":{"name":"posts","decl":{"start":{"line":3,"column":24},"end":{"line":3,"column":29}},"loc":{"start":{"line":3,"column":51},"end":{"line":34,"column":1}},"line":3}},"branchMap":{"0":{"loc":{"start":{"line":3,"column":31},"end":{"line":3,"column":41}},"type":"default-arg","locations":[{"start":{"line":3,"column":39},"end":{"line":3,"column":41}}],"line":3},"1":{"loc":{"start":{"line":4,"column":2},"end":{"line":33,"column":3}},"type":"switch","locations":[{"start":{"line":5,"column":4},"end":{"line":11,"column":7}},{"start":{"line":12,"column":4},"end":{"line":19,"column":7}},{"start":{"line":20,"column":4},"end":{"line":26,"column":7}},{"start":{"line":27,"column":4},"end":{"line":29,"column":21}},{"start":{"line":31,"column":4},"end":{"line":32,"column":18}}],"line":4},"2":{"loc":{"start":{"line":6,"column":21},"end":{"line":6,"column":82}},"type":"cond-expr","locations":[{"start":{"line":6,"column":60},"end":{"line":6,"column":62}},{"start":{"line":6,"column":65},"end":{"line":6,"column":82}}],"line":6}},"s":{"0":9,"1":2,"2":2,"3":1,"4":1,"5":1,"6":1,"7":4},"f":{"0":9},"b":{"0":[4],"1":[2,1,1,1,4],"2":[1,1]},"_coverageSchema":"332fd63041d2c1bcb487cc26dd0d5f7d97098a6c","hash":"d6800c48f60c17d5a9feadb5bbd91e94df0c18c4"}
,"/Users/caioblasio/Documents/nanodegree/reactnd-p2-readable/client/src/reducers/search.js": {"path":"/Users/caioblasio/Documents/nanodegree/reactnd-p2-readable/client/src/reducers/search.js","statementMap":{"0":{"start":{"line":4,"column":2},"end":{"line":9,"column":3}},"1":{"start":{"line":6,"column":6},"end":{"line":6,"column":26}},"2":{"start":{"line":8,"column":6},"end":{"line":8,"column":18}}},"fnMap":{"0":{"name":"posts","decl":{"start":{"line":3,"column":24},"end":{"line":3,"column":29}},"loc":{"start":{"line":3,"column":51},"end":{"line":10,"column":1}},"line":3}},"branchMap":{"0":{"loc":{"start":{"line":3,"column":31},"end":{"line":3,"column":41}},"type":"default-arg","locations":[{"start":{"line":3,"column":39},"end":{"line":3,"column":41}}],"line":3},"1":{"loc":{"start":{"line":4,"column":2},"end":{"line":9,"column":3}},"type":"switch","locations":[{"start":{"line":5,"column":4},"end":{"line":6,"column":26}},{"start":{"line":7,"column":4},"end":{"line":8,"column":18}}],"line":4}},"s":{"0":5,"1":1,"2":4},"f":{"0":5},"b":{"0":[4],"1":[1,4]},"_coverageSchema":"332fd63041d2c1bcb487cc26dd0d5f7d97098a6c","hash":"9e17738d7dc226d486b4b87213064aa60e7eb695"}
,"/Users/caioblasio/Documents/nanodegree/reactnd-p2-readable/client/src/reducers/sort.js": {"path":"/Users/caioblasio/Documents/nanodegree/reactnd-p2-readable/client/src/reducers/sort.js","statementMap":{"0":{"start":{"line":4,"column":2},"end":{"line":10,"column":3}},"1":{"start":{"line":6,"column":6},"end":{"line":6,"column":26}},"2":{"start":{"line":9,"column":6},"end":{"line":9,"column":18}}},"fnMap":{"0":{"name":"reducer","decl":{"start":{"line":3,"column":24},"end":{"line":3,"column":31}},"loc":{"start":{"line":3,"column":57},"end":{"line":11,"column":1}},"line":3}},"branchMap":{"0":{"loc":{"start":{"line":3,"column":32},"end":{"line":3,"column":47}},"type":"default-arg","locations":[{"start":{"line":3,"column":40},"end":{"line":3,"column":47}}],"line":3},"1":{"loc":{"start":{"line":4,"column":2},"end":{"line":10,"column":3}},"type":"switch","locations":[{"start":{"line":5,"column":4},"end":{"line":6,"column":26}},{"start":{"line":8,"column":4},"end":{"line":9,"column":18}}],"line":4}},"s":{"0":5,"1":1,"2":4},"f":{"0":5},"b":{"0":[4],"1":[1,4]},"_coverageSchema":"332fd63041d2c1bcb487cc26dd0d5f7d97098a6c","hash":"d12a896209ef3e63c0f11cec776af440408ef47f"}
,"/Users/caioblasio/Documents/nanodegree/reactnd-p2-readable/client/src/utils/contentAPI.js": {"path":"/Users/caioblasio/Documents/nanodegree/reactnd-p2-readable/client/src/utils/contentAPI.js","statementMap":{"0":{"start":{"line":2,"column":12},"end":{"line":2,"column":35}},"1":{"start":{"line":4,"column":12},"end":{"line":4,"column":30}},"2":{"start":{"line":6,"column":0},"end":{"line":7,"column":68}},"3":{"start":{"line":7,"column":2},"end":{"line":7,"column":68}},"4":{"start":{"line":9,"column":16},"end":{"line":12,"column":1}},"5":{"start":{"line":14,"column":29},"end":{"line":16,"column":28}},"6":{"start":{"line":15,"column":2},"end":{"line":16,"column":28}},"7":{"start":{"line":16,"column":17},"end":{"line":16,"column":27}},"8":{"start":{"line":18,"column":24},"end":{"line":20,"column":28}},"9":{"start":{"line":19,"column":2},"end":{"line":20,"column":28}},"10":{"start":{"line":20,"column":17},"end":{"line":20,"column":27}},"11":{"start":{"line":22,"column":34},"end":{"line":24,"column":28}},"12":{"start":{"line":23,"column":2},"end":{"line":24,"column":28}},"13":{"start":{"line":24,"column":17},"end":{"line":24,"column":27}},"14":{"start":{"line":26,"column":27},"end":{"line":28,"column":28}},"15":{"start":{"line":27,"column":2},"end":{"line":28,"column":28}},"16":{"start":{"line":28,"column":17},"end":{"line":28,"column":27}},"17":{"start":{"line":30,"column":24},"end":{"line":39,"column":26}},"18":{"start":{"line":31,"column":2},"end":{"line":39,"column":26}},"19":{"start":{"line":39,"column":15},"end":{"line":39,"column":25}},"20":{"start":{"line":41,"column":26},"end":{"line":48,"column":26}},"21":{"start":{"line":42,"column":2},"end":{"line":48,"column":26}},"22":{"start":{"line":48,"column":15},"end":{"line":48,"column":25}},"23":{"start":{"line":50,"column":24},"end":{"line":59,"column":28}},"24":{"start":{"line":51,"column":2},"end":{"line":59,"column":28}},"25":{"start":{"line":59,"column":17},"end":{"line":59,"column":27}},"26":{"start":{"line":61,"column":26},"end":{"line":70,"column":26}},"27":{"start":{"line":62,"column":2},"end":{"line":70,"column":26}},"28":{"start":{"line":70,"column":15},"end":{"line":70,"column":25}},"29":{"start":{"line":72,"column":35},"end":{"line":74,"column":28}},"30":{"start":{"line":73,"column":2},"end":{"line":74,"column":28}},"31":{"start":{"line":74,"column":17},"end":{"line":74,"column":27}},"32":{"start":{"line":76,"column":27},"end":{"line":85,"column":26}},"33":{"start":{"line":77,"column":2},"end":{"line":85,"column":26}},"34":{"start":{"line":85,"column":15},"end":{"line":85,"column":25}},"35":{"start":{"line":87,"column":29},"end":{"line":96,"column":26}},"36":{"start":{"line":88,"column":2},"end":{"line":96,"column":26}},"37":{"start":{"line":96,"column":15},"end":{"line":96,"column":25}},"38":{"start":{"line":98,"column":29},"end":{"line":105,"column":26}},"39":{"start":{"line":99,"column":2},"end":{"line":105,"column":26}},"40":{"start":{"line":105,"column":15},"end":{"line":105,"column":25}},"41":{"start":{"line":107,"column":27},"end":{"line":116,"column":26}},"42":{"start":{"line":108,"column":2},"end":{"line":116,"column":26}},"43":{"start":{"line":116,"column":15},"end":{"line":116,"column":25}}},"fnMap":{"0":{"name":"(anonymous_0)","decl":{"start":{"line":14,"column":29},"end":{"line":14,"column":30}},"loc":{"start":{"line":15,"column":2},"end":{"line":16,"column":28}},"line":15},"1":{"name":"(anonymous_1)","decl":{"start":{"line":16,"column":10},"end":{"line":16,"column":11}},"loc":{"start":{"line":16,"column":17},"end":{"line":16,"column":27}},"line":16},"2":{"name":"(anonymous_2)","decl":{"start":{"line":18,"column":24},"end":{"line":18,"column":25}},"loc":{"start":{"line":19,"column":2},"end":{"line":20,"column":28}},"line":19},"3":{"name":"(anonymous_3)","decl":{"start":{"line":20,"column":10},"end":{"line":20,"column":11}},"loc":{"start":{"line":20,"column":17},"end":{"line":20,"column":27}},"line":20},"4":{"name":"(anonymous_4)","decl":{"start":{"line":22,"column":34},"end":{"line":22,"column":35}},"loc":{"start":{"line":23,"column":2},"end":{"line":24,"column":28}},"line":23},"5":{"name":"(anonymous_5)","decl":{"start":{"line":24,"column":10},"end":{"line":24,"column":11}},"loc":{"start":{"line":24,"column":17},"end":{"line":24,"column":27}},"line":24},"6":{"name":"(anonymous_6)","decl":{"start":{"line":26,"column":27},"end":{"line":26,"column":28}},"loc":{"start":{"line":27,"column":2},"end":{"line":28,"column":28}},"line":27},"7":{"name":"(anonymous_7)","decl":{"start":{"line":28,"column":10},"end":{"line":28,"column":11}},"loc":{"start":{"line":28,"column":17},"end":{"line":28,"column":27}},"line":28},"8":{"name":"(anonymous_8)","decl":{"start":{"line":30,"column":24},"end":{"line":30,"column":25}},"loc":{"start":{"line":31,"column":2},"end":{"line":39,"column":26}},"line":31},"9":{"name":"(anonymous_9)","decl":{"start":{"line":39,"column":8},"end":{"line":39,"column":9}},"loc":{"start":{"line":39,"column":15},"end":{"line":39,"column":25}},"line":39},"10":{"name":"(anonymous_10)","decl":{"start":{"line":41,"column":26},"end":{"line":41,"column":27}},"loc":{"start":{"line":42,"column":2},"end":{"line":48,"column":26}},"line":42},"11":{"name":"(anonymous_11)","decl":{"start":{"line":48,"column":8},"end":{"line":48,"column":9}},"loc":{"start":{"line":48,"column":15},"end":{"line":48,"column":25}},"line":48},"12":{"name":"(anonymous_12)","decl":{"start":{"line":50,"column":24},"end":{"line":50,"column":25}},"loc":{"start":{"line":51,"column":2},"end":{"line":59,"column":28}},"line":51},"13":{"name":"(anonymous_13)","decl":{"start":{"line":59,"column":10},"end":{"line":59,"column":11}},"loc":{"start":{"line":59,"column":17},"end":{"line":59,"column":27}},"line":59},"14":{"name":"(anonymous_14)","decl":{"start":{"line":61,"column":26},"end":{"line":61,"column":27}},"loc":{"start":{"line":62,"column":2},"end":{"line":70,"column":26}},"line":62},"15":{"name":"(anonymous_15)","decl":{"start":{"line":70,"column":8},"end":{"line":70,"column":9}},"loc":{"start":{"line":70,"column":15},"end":{"line":70,"column":25}},"line":70},"16":{"name":"(anonymous_16)","decl":{"start":{"line":72,"column":35},"end":{"line":72,"column":36}},"loc":{"start":{"line":73,"column":2},"end":{"line":74,"column":28}},"line":73},"17":{"name":"(anonymous_17)","decl":{"start":{"line":74,"column":10},"end":{"line":74,"column":11}},"loc":{"start":{"line":74,"column":17},"end":{"line":74,"column":27}},"line":74},"18":{"name":"(anonymous_18)","decl":{"start":{"line":76,"column":27},"end":{"line":76,"column":28}},"loc":{"start":{"line":77,"column":2},"end":{"line":85,"column":26}},"line":77},"19":{"name":"(anonymous_19)","decl":{"start":{"line":85,"column":8},"end":{"line":85,"column":9}},"loc":{"start":{"line":85,"column":15},"end":{"line":85,"column":25}},"line":85},"20":{"name":"(anonymous_20)","decl":{"start":{"line":87,"column":29},"end":{"line":87,"column":30}},"loc":{"start":{"line":88,"column":2},"end":{"line":96,"column":26}},"line":88},"21":{"name":"(anonymous_21)","decl":{"start":{"line":96,"column":8},"end":{"line":96,"column":9}},"loc":{"start":{"line":96,"column":15},"end":{"line":96,"column":25}},"line":96},"22":{"name":"(anonymous_22)","decl":{"start":{"line":98,"column":29},"end":{"line":98,"column":30}},"loc":{"start":{"line":99,"column":2},"end":{"line":105,"column":26}},"line":99},"23":{"name":"(anonymous_23)","decl":{"start":{"line":105,"column":8},"end":{"line":105,"column":9}},"loc":{"start":{"line":105,"column":15},"end":{"line":105,"column":25}},"line":105},"24":{"name":"(anonymous_24)","decl":{"start":{"line":107,"column":27},"end":{"line":107,"column":28}},"loc":{"start":{"line":108,"column":2},"end":{"line":116,"column":26}},"line":108},"25":{"name":"(anonymous_25)","decl":{"start":{"line":116,"column":8},"end":{"line":116,"column":9}},"loc":{"start":{"line":116,"column":15},"end":{"line":116,"column":25}},"line":116}},"branchMap":{"0":{"loc":{"start":{"line":6,"column":0},"end":{"line":7,"column":68}},"type":"if","locations":[{"start":{"line":6,"column":0},"end":{"line":7,"column":68}},{"start":{"line":6,"column":0},"end":{"line":7,"column":68}}],"line":6}},"s":{"0":17,"1":17,"2":17,"3":17,"4":17,"5":17,"6":2,"7":2,"8":17,"9":9,"10":9,"11":17,"12":4,"13":4,"14":17,"15":5,"16":5,"17":17,"18":1,"19":1,"20":17,"21":2,"22":2,"23":17,"24":5,"25":5,"26":17,"27":1,"28":1,"29":17,"30":2,"31":2,"32":17,"33":2,"34":2,"35":17,"36":1,"37":1,"38":17,"39":1,"40":1,"41":17,"42":1,"43":1},"f":{"0":2,"1":2,"2":9,"3":9,"4":4,"5":4,"6":5,"7":5,"8":1,"9":1,"10":2,"11":2,"12":5,"13":5,"14":1,"15":1,"16":2,"17":2,"18":2,"19":2,"20":1,"21":1,"22":1,"23":1,"24":1,"25":1},"b":{"0":[17,0]},"_coverageSchema":"332fd63041d2c1bcb487cc26dd0d5f7d97098a6c","hash":"c9141fe6aaf68bf76d700b493ec477ab8c3f03ea"}
,"/Users/caioblasio/Documents/nanodegree/reactnd-p2-readable/client/src/utils/date.js": {"path":"/Users/caioblasio/Documents/nanodegree/reactnd-p2-readable/client/src/utils/date.js","statementMap":{"0":{"start":{"line":4,"column":2},"end":{"line":4,"column":39}}},"fnMap":{"0":{"name":"getFormatedDate","decl":{"start":{"line":3,"column":16},"end":{"line":3,"column":31}},"loc":{"start":{"line":3,"column":43},"end":{"line":5,"column":1}},"line":3}},"branchMap":{},"s":{"0":9},"f":{"0":9},"b":{},"_coverageSchema":"332fd63041d2c1bcb487cc26dd0d5f7d97098a6c","hash":"b2f6fd2a5fa78d82b9385e35a8fee2f70cf31cbc"}
,"/Users/caioblasio/Documents/nanodegree/reactnd-p2-readable/client/src/utils/locaStorage.js": {"path":"/Users/caioblasio/Documents/nanodegree/reactnd-p2-readable/client/src/utils/locaStorage.js","statementMap":{"0":{"start":{"line":1,"column":26},"end":{"line":9,"column":1}},"1":{"start":{"line":2,"column":2},"end":{"line":6,"column":3}},"2":{"start":{"line":3,"column":17},"end":{"line":3,"column":46}},"3":{"start":{"line":5,"column":4},"end":{"line":5,"column":44}},"4":{"start":{"line":5,"column":20},"end":{"line":5,"column":44}},"5":{"start":{"line":8,"column":2},"end":{"line":8,"column":14}},"6":{"start":{"line":11,"column":25},"end":{"line":18,"column":1}},"7":{"start":{"line":12,"column":20},"end":{"line":12,"column":78}},"8":{"start":{"line":14,"column":2},"end":{"line":14,"column":34}},"9":{"start":{"line":16,"column":2},"end":{"line":16,"column":59}},"10":{"start":{"line":20,"column":24},"end":{"line":26,"column":1}},"11":{"start":{"line":21,"column":20},"end":{"line":21,"column":78}},"12":{"start":{"line":23,"column":2},"end":{"line":25,"column":24}},"13":{"start":{"line":23,"column":44},"end":{"line":23,"column":59}},"14":{"start":{"line":24,"column":19},"end":{"line":24,"column":43}},"15":{"start":{"line":25,"column":16},"end":{"line":25,"column":22}}},"fnMap":{"0":{"name":"(anonymous_0)","decl":{"start":{"line":1,"column":26},"end":{"line":1,"column":27}},"loc":{"start":{"line":1,"column":39},"end":{"line":9,"column":1}},"line":1},"1":{"name":"(anonymous_1)","decl":{"start":{"line":11,"column":25},"end":{"line":11,"column":26}},"loc":{"start":{"line":11,"column":48},"end":{"line":18,"column":1}},"line":11},"2":{"name":"(anonymous_2)","decl":{"start":{"line":20,"column":24},"end":{"line":20,"column":25}},"loc":{"start":{"line":20,"column":46},"end":{"line":26,"column":1}},"line":20},"3":{"name":"(anonymous_3)","decl":{"start":{"line":23,"column":38},"end":{"line":23,"column":39}},"loc":{"start":{"line":23,"column":44},"end":{"line":23,"column":59}},"line":23},"4":{"name":"(anonymous_4)","decl":{"start":{"line":24,"column":12},"end":{"line":24,"column":13}},"loc":{"start":{"line":24,"column":19},"end":{"line":24,"column":43}},"line":24},"5":{"name":"(anonymous_5)","decl":{"start":{"line":25,"column":9},"end":{"line":25,"column":10}},"loc":{"start":{"line":25,"column":16},"end":{"line":25,"column":22}},"line":25}},"branchMap":{"0":{"loc":{"start":{"line":2,"column":2},"end":{"line":6,"column":3}},"type":"if","locations":[{"start":{"line":2,"column":2},"end":{"line":6,"column":3}},{"start":{"line":2,"column":2},"end":{"line":6,"column":3}}],"line":2},"1":{"loc":{"start":{"line":5,"column":4},"end":{"line":5,"column":44}},"type":"if","locations":[{"start":{"line":5,"column":4},"end":{"line":5,"column":44}},{"start":{"line":5,"column":4},"end":{"line":5,"column":44}}],"line":5},"2":{"loc":{"start":{"line":12,"column":20},"end":{"line":12,"column":78}},"type":"cond-expr","locations":[{"start":{"line":12,"column":42},"end":{"line":12,"column":73}},{"start":{"line":12,"column":76},"end":{"line":12,"column":78}}],"line":12},"3":{"loc":{"start":{"line":21,"column":20},"end":{"line":21,"column":78}},"type":"cond-expr","locations":[{"start":{"line":21,"column":42},"end":{"line":21,"column":73}},{"start":{"line":21,"column":76},"end":{"line":21,"column":78}}],"line":21}},"s":{"0":10,"1":6,"2":3,"3":3,"4":2,"5":4,"6":10,"7":6,"8":6,"9":6,"10":10,"11":1,"12":1,"13":0,"14":0,"15":0},"f":{"0":6,"1":6,"2":1,"3":0,"4":0,"5":0},"b":{"0":[3,3],"1":[2,1],"2":[4,2],"3":[0,1]},"_coverageSchema":"332fd63041d2c1bcb487cc26dd0d5f7d97098a6c","hash":"abfd9071424a27e37d0a4bf9935d18f8a96c06e0"}
,"/Users/caioblasio/Documents/nanodegree/reactnd-p2-readable/client/src/utils/sort.js": {"path":"/Users/caioblasio/Documents/nanodegree/reactnd-p2-readable/client/src/utils/sort.js","statementMap":{"0":{"start":{"line":2,"column":2},"end":{"line":6,"column":3}},"1":{"start":{"line":3,"column":4},"end":{"line":3,"column":57}},"2":{"start":{"line":3,"column":31},"end":{"line":3,"column":56}},"3":{"start":{"line":5,"column":4},"end":{"line":5,"column":57}},"4":{"start":{"line":5,"column":31},"end":{"line":5,"column":56}}},"fnMap":{"0":{"name":"(anonymous_0)","decl":{"start":{"line":1,"column":15},"end":{"line":1,"column":16}},"loc":{"start":{"line":1,"column":33},"end":{"line":7,"column":1}},"line":1},"1":{"name":"(anonymous_1)","decl":{"start":{"line":3,"column":21},"end":{"line":3,"column":22}},"loc":{"start":{"line":3,"column":31},"end":{"line":3,"column":56}},"line":3},"2":{"name":"(anonymous_2)","decl":{"start":{"line":5,"column":21},"end":{"line":5,"column":22}},"loc":{"start":{"line":5,"column":31},"end":{"line":5,"column":56}},"line":5}},"branchMap":{"0":{"loc":{"start":{"line":2,"column":2},"end":{"line":6,"column":3}},"type":"if","locations":[{"start":{"line":2,"column":2},"end":{"line":6,"column":3}},{"start":{"line":2,"column":2},"end":{"line":6,"column":3}}],"line":2}},"s":{"0":10,"1":1,"2":1,"3":9,"4":9},"f":{"0":10,"1":1,"2":9},"b":{"0":[1,9]},"_coverageSchema":"332fd63041d2c1bcb487cc26dd0d5f7d97098a6c","hash":"7afe5d80ebade1453724f3f97b976e8f3cbd8cc7"}
}
