{"/Users/caioblasio/Documents/nanodegree/reactnd-p2-readable/client/src/setupTests.js": {"path":"/Users/caioblasio/Documents/nanodegree/reactnd-p2-readable/client/src/setupTests.js","statementMap":{"0":{"start":{"line":4,"column":0},"end":{"line":4,"column":45}},"1":{"start":{"line":9,"column":25},"end":{"line":13,"column":1}},"2":{"start":{"line":15,"column":0},"end":{"line":15,"column":39}},"3":{"start":{"line":16,"column":0},"end":{"line":16,"column":25}},"4":{"start":{"line":17,"column":0},"end":{"line":17,"column":25}},"5":{"start":{"line":18,"column":0},"end":{"line":18,"column":23}},"6":{"start":{"line":19,"column":0},"end":{"line":19,"column":21}},"7":{"start":{"line":20,"column":0},"end":{"line":20,"column":42}}},"fnMap":{},"branchMap":{},"s":{"0":32,"1":32,"2":32,"3":32,"4":32,"5":32,"6":32,"7":32},"f":{},"b":{},"_coverageSchema":"332fd63041d2c1bcb487cc26dd0d5f7d97098a6c","hash":"f9f688d8007b56370e7048e91f4e1c359be44de0"}
,"/Users/caioblasio/Documents/nanodegree/reactnd-p2-readable/client/src/actions/categories.js": {"path":"/Users/caioblasio/Documents/nanodegree/reactnd-p2-readable/client/src/actions/categories.js","statementMap":{"0":{"start":{"line":3,"column":34},"end":{"line":3,"column":54}},"1":{"start":{"line":6,"column":2},"end":{"line":11,"column":3}},"2":{"start":{"line":7,"column":4},"end":{"line":10,"column":8}},"3":{"start":{"line":9,"column":8},"end":{"line":9,"column":47}},"4":{"start":{"line":15,"column":2},"end":{"line":18,"column":3}}},"fnMap":{"0":{"name":"fetchCategories","decl":{"start":{"line":5,"column":16},"end":{"line":5,"column":31}},"loc":{"start":{"line":5,"column":34},"end":{"line":12,"column":1}},"line":5},"1":{"name":"(anonymous_1)","decl":{"start":{"line":6,"column":9},"end":{"line":6,"column":10}},"loc":{"start":{"line":6,"column":23},"end":{"line":11,"column":3}},"line":6},"2":{"name":"(anonymous_2)","decl":{"start":{"line":8,"column":12},"end":{"line":8,"column":13}},"loc":{"start":{"line":8,"column":26},"end":{"line":10,"column":7}},"line":8},"3":{"name":"receiveCategories","decl":{"start":{"line":14,"column":9},"end":{"line":14,"column":26}},"loc":{"start":{"line":14,"column":38},"end":{"line":19,"column":1}},"line":14}},"branchMap":{},"s":{"0":5,"1":2,"2":2,"3":2,"4":2},"f":{"0":2,"1":2,"2":2,"3":2},"b":{},"_coverageSchema":"332fd63041d2c1bcb487cc26dd0d5f7d97098a6c","hash":"b705ec5e361373a50a162b20ce9eb8a6bc54e93c"}
,"/Users/caioblasio/Documents/nanodegree/reactnd-p2-readable/client/src/actions/comments.js": {"path":"/Users/caioblasio/Documents/nanodegree/reactnd-p2-readable/client/src/actions/comments.js","statementMap":{"0":{"start":{"line":3,"column":32},"end":{"line":3,"column":50}},"1":{"start":{"line":4,"column":28},"end":{"line":4,"column":42}},"2":{"start":{"line":5,"column":27},"end":{"line":5,"column":40}},"3":{"start":{"line":6,"column":30},"end":{"line":6,"column":46}},"4":{"start":{"line":9,"column":2},"end":{"line":12,"column":3}},"5":{"start":{"line":10,"column":4},"end":{"line":11,"column":61}},"6":{"start":{"line":11,"column":24},"end":{"line":11,"column":60}},"7":{"start":{"line":16,"column":2},"end":{"line":21,"column":3}},"8":{"start":{"line":17,"column":4},"end":{"line":20,"column":8}},"9":{"start":{"line":19,"column":8},"end":{"line":19,"column":43}},"10":{"start":{"line":25,"column":2},"end":{"line":28,"column":3}},"11":{"start":{"line":26,"column":4},"end":{"line":27,"column":56}},"12":{"start":{"line":27,"column":25},"end":{"line":27,"column":55}},"13":{"start":{"line":32,"column":2},"end":{"line":35,"column":3}},"14":{"start":{"line":33,"column":4},"end":{"line":34,"column":62}},"15":{"start":{"line":34,"column":25},"end":{"line":34,"column":61}},"16":{"start":{"line":39,"column":2},"end":{"line":42,"column":3}},"17":{"start":{"line":40,"column":4},"end":{"line":41,"column":54}},"18":{"start":{"line":41,"column":18},"end":{"line":41,"column":53}},"19":{"start":{"line":46,"column":2},"end":{"line":49,"column":3}},"20":{"start":{"line":53,"column":2},"end":{"line":56,"column":3}},"21":{"start":{"line":60,"column":2},"end":{"line":64,"column":3}},"22":{"start":{"line":68,"column":2},"end":{"line":71,"column":3}}},"fnMap":{"0":{"name":"fetchComments","decl":{"start":{"line":8,"column":16},"end":{"line":8,"column":29}},"loc":{"start":{"line":8,"column":38},"end":{"line":13,"column":1}},"line":8},"1":{"name":"(anonymous_1)","decl":{"start":{"line":9,"column":9},"end":{"line":9,"column":10}},"loc":{"start":{"line":9,"column":23},"end":{"line":12,"column":3}},"line":9},"2":{"name":"(anonymous_2)","decl":{"start":{"line":11,"column":12},"end":{"line":11,"column":13}},"loc":{"start":{"line":11,"column":24},"end":{"line":11,"column":60}},"line":11},"3":{"name":"addVoteToComment","decl":{"start":{"line":15,"column":16},"end":{"line":15,"column":32}},"loc":{"start":{"line":15,"column":52},"end":{"line":22,"column":1}},"line":15},"4":{"name":"(anonymous_4)","decl":{"start":{"line":16,"column":9},"end":{"line":16,"column":10}},"loc":{"start":{"line":16,"column":23},"end":{"line":21,"column":3}},"line":16},"5":{"name":"(anonymous_5)","decl":{"start":{"line":18,"column":12},"end":{"line":18,"column":13}},"loc":{"start":{"line":18,"column":18},"end":{"line":20,"column":7}},"line":18},"6":{"name":"addComment","decl":{"start":{"line":24,"column":16},"end":{"line":24,"column":26}},"loc":{"start":{"line":24,"column":36},"end":{"line":29,"column":1}},"line":24},"7":{"name":"(anonymous_7)","decl":{"start":{"line":25,"column":9},"end":{"line":25,"column":10}},"loc":{"start":{"line":25,"column":23},"end":{"line":28,"column":3}},"line":25},"8":{"name":"(anonymous_8)","decl":{"start":{"line":27,"column":12},"end":{"line":27,"column":13}},"loc":{"start":{"line":27,"column":25},"end":{"line":27,"column":55}},"line":27},"9":{"name":"removeComment","decl":{"start":{"line":31,"column":16},"end":{"line":31,"column":29}},"loc":{"start":{"line":31,"column":34},"end":{"line":36,"column":1}},"line":31},"10":{"name":"(anonymous_10)","decl":{"start":{"line":32,"column":9},"end":{"line":32,"column":10}},"loc":{"start":{"line":32,"column":23},"end":{"line":35,"column":3}},"line":32},"11":{"name":"(anonymous_11)","decl":{"start":{"line":34,"column":12},"end":{"line":34,"column":13}},"loc":{"start":{"line":34,"column":25},"end":{"line":34,"column":61}},"line":34},"12":{"name":"editComment","decl":{"start":{"line":38,"column":16},"end":{"line":38,"column":27}},"loc":{"start":{"line":38,"column":41},"end":{"line":43,"column":1}},"line":38},"13":{"name":"(anonymous_13)","decl":{"start":{"line":39,"column":9},"end":{"line":39,"column":10}},"loc":{"start":{"line":39,"column":23},"end":{"line":42,"column":3}},"line":39},"14":{"name":"(anonymous_14)","decl":{"start":{"line":41,"column":12},"end":{"line":41,"column":13}},"loc":{"start":{"line":41,"column":18},"end":{"line":41,"column":53}},"line":41},"15":{"name":"_addComment","decl":{"start":{"line":45,"column":9},"end":{"line":45,"column":20}},"loc":{"start":{"line":45,"column":30},"end":{"line":50,"column":1}},"line":45},"16":{"name":"_removeComment","decl":{"start":{"line":52,"column":9},"end":{"line":52,"column":23}},"loc":{"start":{"line":52,"column":28},"end":{"line":57,"column":1}},"line":52},"17":{"name":"_editComment","decl":{"start":{"line":59,"column":9},"end":{"line":59,"column":21}},"loc":{"start":{"line":59,"column":34},"end":{"line":65,"column":1}},"line":59},"18":{"name":"_receiveComments","decl":{"start":{"line":67,"column":9},"end":{"line":67,"column":25}},"loc":{"start":{"line":67,"column":36},"end":{"line":72,"column":1}},"line":67}},"branchMap":{},"s":{"0":12,"1":12,"2":12,"3":12,"4":2,"5":2,"6":2,"7":2,"8":2,"9":2,"10":1,"11":1,"12":1,"13":1,"14":1,"15":1,"16":1,"17":1,"18":1,"19":1,"20":1,"21":3,"22":2},"f":{"0":2,"1":2,"2":2,"3":2,"4":2,"5":2,"6":1,"7":1,"8":1,"9":1,"10":1,"11":1,"12":1,"13":1,"14":1,"15":1,"16":1,"17":3,"18":2},"b":{},"_coverageSchema":"332fd63041d2c1bcb487cc26dd0d5f7d97098a6c","hash":"c584790992b73ed7541b80e4a25cf3f245b452f4"}
,"/Users/caioblasio/Documents/nanodegree/reactnd-p2-readable/client/src/actions/drawer.js": {"path":"/Users/caioblasio/Documents/nanodegree/reactnd-p2-readable/client/src/actions/drawer.js","statementMap":{"0":{"start":{"line":1,"column":27},"end":{"line":1,"column":40}},"1":{"start":{"line":2,"column":28},"end":{"line":2,"column":42}},"2":{"start":{"line":5,"column":2},"end":{"line":7,"column":3}},"3":{"start":{"line":11,"column":2},"end":{"line":13,"column":3}}},"fnMap":{"0":{"name":"openDrawer","decl":{"start":{"line":4,"column":16},"end":{"line":4,"column":26}},"loc":{"start":{"line":4,"column":29},"end":{"line":8,"column":1}},"line":4},"1":{"name":"closeDrawer","decl":{"start":{"line":10,"column":16},"end":{"line":10,"column":27}},"loc":{"start":{"line":10,"column":30},"end":{"line":14,"column":1}},"line":10}},"branchMap":{},"s":{"0":5,"1":5,"2":1,"3":1},"f":{"0":1,"1":1},"b":{},"_coverageSchema":"332fd63041d2c1bcb487cc26dd0d5f7d97098a6c","hash":"c2b58263194094ad18535082d79a6924da121ccb"}
,"/Users/caioblasio/Documents/nanodegree/reactnd-p2-readable/client/src/actions/loading.js": {"path":"/Users/caioblasio/Documents/nanodegree/reactnd-p2-readable/client/src/actions/loading.js","statementMap":{"0":{"start":{"line":1,"column":28},"end":{"line":1,"column":42}},"1":{"start":{"line":2,"column":28},"end":{"line":2,"column":42}},"2":{"start":{"line":5,"column":2},"end":{"line":7,"column":3}},"3":{"start":{"line":11,"column":2},"end":{"line":13,"column":3}}},"fnMap":{"0":{"name":"showLoading","decl":{"start":{"line":4,"column":16},"end":{"line":4,"column":27}},"loc":{"start":{"line":4,"column":30},"end":{"line":8,"column":1}},"line":4},"1":{"name":"hideLoading","decl":{"start":{"line":10,"column":16},"end":{"line":10,"column":27}},"loc":{"start":{"line":10,"column":30},"end":{"line":14,"column":1}},"line":10}},"branchMap":{},"s":{"0":14,"1":14,"2":23,"3":23},"f":{"0":23,"1":23},"b":{},"_coverageSchema":"332fd63041d2c1bcb487cc26dd0d5f7d97098a6c","hash":"3197c9f1494be213a9cd5cc110ac3f73f4e7d5cc"}
,"/Users/caioblasio/Documents/nanodegree/reactnd-p2-readable/client/src/actions/posts.js": {"path":"/Users/caioblasio/Documents/nanodegree/reactnd-p2-readable/client/src/actions/posts.js","statementMap":{"0":{"start":{"line":4,"column":29},"end":{"line":4,"column":44}},"1":{"start":{"line":5,"column":25},"end":{"line":5,"column":36}},"2":{"start":{"line":6,"column":24},"end":{"line":6,"column":34}},"3":{"start":{"line":7,"column":27},"end":{"line":7,"column":40}},"4":{"start":{"line":10,"column":2},"end":{"line":15,"column":3}},"5":{"start":{"line":11,"column":4},"end":{"line":11,"column":27}},"6":{"start":{"line":12,"column":4},"end":{"line":14,"column":42}},"7":{"start":{"line":13,"column":21},"end":{"line":13,"column":51}},"8":{"start":{"line":14,"column":18},"end":{"line":14,"column":41}},"9":{"start":{"line":19,"column":2},"end":{"line":24,"column":3}},"10":{"start":{"line":20,"column":4},"end":{"line":20,"column":27}},"11":{"start":{"line":21,"column":4},"end":{"line":23,"column":42}},"12":{"start":{"line":22,"column":21},"end":{"line":22,"column":51}},"13":{"start":{"line":23,"column":18},"end":{"line":23,"column":41}},"14":{"start":{"line":28,"column":2},"end":{"line":34,"column":3}},"15":{"start":{"line":29,"column":4},"end":{"line":29,"column":27}},"16":{"start":{"line":30,"column":4},"end":{"line":33,"column":43}},"17":{"start":{"line":31,"column":20},"end":{"line":31,"column":49}},"18":{"start":{"line":32,"column":18},"end":{"line":32,"column":41}},"19":{"start":{"line":33,"column":19},"end":{"line":33,"column":42}},"20":{"start":{"line":38,"column":2},"end":{"line":43,"column":3}},"21":{"start":{"line":39,"column":4},"end":{"line":42,"column":8}},"22":{"start":{"line":41,"column":8},"end":{"line":41,"column":40}},"23":{"start":{"line":47,"column":2},"end":{"line":52,"column":3}},"24":{"start":{"line":48,"column":4},"end":{"line":48,"column":27}},"25":{"start":{"line":49,"column":4},"end":{"line":51,"column":42}},"26":{"start":{"line":50,"column":22},"end":{"line":50,"column":46}},"27":{"start":{"line":51,"column":18},"end":{"line":51,"column":41}},"28":{"start":{"line":56,"column":2},"end":{"line":61,"column":3}},"29":{"start":{"line":57,"column":4},"end":{"line":57,"column":27}},"30":{"start":{"line":58,"column":4},"end":{"line":60,"column":42}},"31":{"start":{"line":59,"column":22},"end":{"line":59,"column":54}},"32":{"start":{"line":60,"column":18},"end":{"line":60,"column":41}},"33":{"start":{"line":65,"column":2},"end":{"line":70,"column":3}},"34":{"start":{"line":66,"column":4},"end":{"line":66,"column":27}},"35":{"start":{"line":67,"column":4},"end":{"line":69,"column":42}},"36":{"start":{"line":68,"column":22},"end":{"line":68,"column":52}},"37":{"start":{"line":69,"column":18},"end":{"line":69,"column":41}},"38":{"start":{"line":74,"column":2},"end":{"line":77,"column":3}},"39":{"start":{"line":81,"column":2},"end":{"line":84,"column":3}},"40":{"start":{"line":89,"column":2},"end":{"line":93,"column":3}},"41":{"start":{"line":97,"column":2},"end":{"line":100,"column":3}}},"fnMap":{"0":{"name":"fetchPosts","decl":{"start":{"line":9,"column":16},"end":{"line":9,"column":26}},"loc":{"start":{"line":9,"column":29},"end":{"line":16,"column":1}},"line":9},"1":{"name":"(anonymous_1)","decl":{"start":{"line":10,"column":9},"end":{"line":10,"column":10}},"loc":{"start":{"line":10,"column":23},"end":{"line":15,"column":3}},"line":10},"2":{"name":"(anonymous_2)","decl":{"start":{"line":13,"column":12},"end":{"line":13,"column":13}},"loc":{"start":{"line":13,"column":21},"end":{"line":13,"column":51}},"line":13},"3":{"name":"(anonymous_3)","decl":{"start":{"line":14,"column":12},"end":{"line":14,"column":13}},"loc":{"start":{"line":14,"column":18},"end":{"line":14,"column":41}},"line":14},"4":{"name":"fetchPostsByCategory","decl":{"start":{"line":18,"column":16},"end":{"line":18,"column":36}},"loc":{"start":{"line":18,"column":47},"end":{"line":25,"column":1}},"line":18},"5":{"name":"(anonymous_5)","decl":{"start":{"line":19,"column":9},"end":{"line":19,"column":10}},"loc":{"start":{"line":19,"column":23},"end":{"line":24,"column":3}},"line":19},"6":{"name":"(anonymous_6)","decl":{"start":{"line":22,"column":12},"end":{"line":22,"column":13}},"loc":{"start":{"line":22,"column":21},"end":{"line":22,"column":51}},"line":22},"7":{"name":"(anonymous_7)","decl":{"start":{"line":23,"column":12},"end":{"line":23,"column":13}},"loc":{"start":{"line":23,"column":18},"end":{"line":23,"column":41}},"line":23},"8":{"name":"fetchPostById","decl":{"start":{"line":27,"column":16},"end":{"line":27,"column":29}},"loc":{"start":{"line":27,"column":34},"end":{"line":35,"column":1}},"line":27},"9":{"name":"(anonymous_9)","decl":{"start":{"line":28,"column":9},"end":{"line":28,"column":10}},"loc":{"start":{"line":28,"column":23},"end":{"line":34,"column":3}},"line":28},"10":{"name":"(anonymous_10)","decl":{"start":{"line":31,"column":12},"end":{"line":31,"column":13}},"loc":{"start":{"line":31,"column":20},"end":{"line":31,"column":49}},"line":31},"11":{"name":"(anonymous_11)","decl":{"start":{"line":32,"column":12},"end":{"line":32,"column":13}},"loc":{"start":{"line":32,"column":18},"end":{"line":32,"column":41}},"line":32},"12":{"name":"(anonymous_12)","decl":{"start":{"line":33,"column":13},"end":{"line":33,"column":14}},"loc":{"start":{"line":33,"column":19},"end":{"line":33,"column":42}},"line":33},"13":{"name":"addVoteToPost","decl":{"start":{"line":37,"column":16},"end":{"line":37,"column":29}},"loc":{"start":{"line":37,"column":49},"end":{"line":44,"column":1}},"line":37},"14":{"name":"(anonymous_14)","decl":{"start":{"line":38,"column":9},"end":{"line":38,"column":10}},"loc":{"start":{"line":38,"column":23},"end":{"line":43,"column":3}},"line":38},"15":{"name":"(anonymous_15)","decl":{"start":{"line":40,"column":12},"end":{"line":40,"column":13}},"loc":{"start":{"line":40,"column":18},"end":{"line":42,"column":7}},"line":40},"16":{"name":"addPost","decl":{"start":{"line":46,"column":16},"end":{"line":46,"column":23}},"loc":{"start":{"line":46,"column":30},"end":{"line":53,"column":1}},"line":46},"17":{"name":"(anonymous_17)","decl":{"start":{"line":47,"column":9},"end":{"line":47,"column":10}},"loc":{"start":{"line":47,"column":23},"end":{"line":52,"column":3}},"line":47},"18":{"name":"(anonymous_18)","decl":{"start":{"line":50,"column":12},"end":{"line":50,"column":13}},"loc":{"start":{"line":50,"column":22},"end":{"line":50,"column":46}},"line":50},"19":{"name":"(anonymous_19)","decl":{"start":{"line":51,"column":12},"end":{"line":51,"column":13}},"loc":{"start":{"line":51,"column":18},"end":{"line":51,"column":41}},"line":51},"20":{"name":"editPost","decl":{"start":{"line":55,"column":16},"end":{"line":55,"column":24}},"loc":{"start":{"line":55,"column":38},"end":{"line":62,"column":1}},"line":55},"21":{"name":"(anonymous_21)","decl":{"start":{"line":56,"column":9},"end":{"line":56,"column":10}},"loc":{"start":{"line":56,"column":23},"end":{"line":61,"column":3}},"line":56},"22":{"name":"(anonymous_22)","decl":{"start":{"line":59,"column":12},"end":{"line":59,"column":13}},"loc":{"start":{"line":59,"column":22},"end":{"line":59,"column":54}},"line":59},"23":{"name":"(anonymous_23)","decl":{"start":{"line":60,"column":12},"end":{"line":60,"column":13}},"loc":{"start":{"line":60,"column":18},"end":{"line":60,"column":41}},"line":60},"24":{"name":"removePost","decl":{"start":{"line":64,"column":16},"end":{"line":64,"column":26}},"loc":{"start":{"line":64,"column":31},"end":{"line":71,"column":1}},"line":64},"25":{"name":"(anonymous_25)","decl":{"start":{"line":65,"column":9},"end":{"line":65,"column":10}},"loc":{"start":{"line":65,"column":23},"end":{"line":70,"column":3}},"line":65},"26":{"name":"(anonymous_26)","decl":{"start":{"line":68,"column":12},"end":{"line":68,"column":13}},"loc":{"start":{"line":68,"column":22},"end":{"line":68,"column":52}},"line":68},"27":{"name":"(anonymous_27)","decl":{"start":{"line":69,"column":12},"end":{"line":69,"column":13}},"loc":{"start":{"line":69,"column":18},"end":{"line":69,"column":41}},"line":69},"28":{"name":"_addPost","decl":{"start":{"line":73,"column":9},"end":{"line":73,"column":17}},"loc":{"start":{"line":73,"column":24},"end":{"line":78,"column":1}},"line":73},"29":{"name":"_removePost","decl":{"start":{"line":80,"column":9},"end":{"line":80,"column":20}},"loc":{"start":{"line":80,"column":25},"end":{"line":85,"column":1}},"line":80},"30":{"name":"_editPost","decl":{"start":{"line":88,"column":9},"end":{"line":88,"column":18}},"loc":{"start":{"line":88,"column":31},"end":{"line":94,"column":1}},"line":88},"31":{"name":"_receivePosts","decl":{"start":{"line":96,"column":9},"end":{"line":96,"column":22}},"loc":{"start":{"line":96,"column":30},"end":{"line":101,"column":1}},"line":96}},"branchMap":{},"s":{"0":12,"1":12,"2":12,"3":12,"4":9,"5":9,"6":9,"7":9,"8":9,"9":4,"10":4,"11":4,"12":4,"13":4,"14":5,"15":5,"16":5,"17":5,"18":5,"19":0,"20":5,"21":5,"22":5,"23":1,"24":1,"25":1,"26":1,"27":1,"28":1,"29":1,"30":1,"31":1,"32":1,"33":2,"34":2,"35":2,"36":2,"37":2,"38":1,"39":2,"40":6,"41":18},"f":{"0":9,"1":9,"2":9,"3":9,"4":4,"5":4,"6":4,"7":4,"8":5,"9":5,"10":5,"11":5,"12":0,"13":5,"14":5,"15":5,"16":1,"17":1,"18":1,"19":1,"20":1,"21":1,"22":1,"23":1,"24":2,"25":2,"26":2,"27":2,"28":1,"29":2,"30":6,"31":18},"b":{},"_coverageSchema":"332fd63041d2c1bcb487cc26dd0d5f7d97098a6c","hash":"2279ea65f6c0328c06f13302d2a8fe172c01b6eb"}
,"/Users/caioblasio/Documents/nanodegree/reactnd-p2-readable/client/src/actions/search.js": {"path":"/Users/caioblasio/Documents/nanodegree/reactnd-p2-readable/client/src/actions/search.js","statementMap":{"0":{"start":{"line":1,"column":29},"end":{"line":1,"column":44}},"1":{"start":{"line":4,"column":2},"end":{"line":7,"column":3}}},"fnMap":{"0":{"name":"changeSearch","decl":{"start":{"line":3,"column":16},"end":{"line":3,"column":28}},"loc":{"start":{"line":3,"column":36},"end":{"line":8,"column":1}},"line":3}},"branchMap":{},"s":{"0":5,"1":1},"f":{"0":1},"b":{},"_coverageSchema":"332fd63041d2c1bcb487cc26dd0d5f7d97098a6c","hash":"a20207fc3b336e561fbf4e17611fea87593ce995"}
,"/Users/caioblasio/Documents/nanodegree/reactnd-p2-readable/client/src/actions/sort.js": {"path":"/Users/caioblasio/Documents/nanodegree/reactnd-p2-readable/client/src/actions/sort.js","statementMap":{"0":{"start":{"line":1,"column":27},"end":{"line":1,"column":40}},"1":{"start":{"line":4,"column":2},"end":{"line":7,"column":3}}},"fnMap":{"0":{"name":"changeSort","decl":{"start":{"line":3,"column":16},"end":{"line":3,"column":26}},"loc":{"start":{"line":3,"column":35},"end":{"line":8,"column":1}},"line":3}},"branchMap":{},"s":{"0":9,"1":1},"f":{"0":1},"b":{},"_coverageSchema":"332fd63041d2c1bcb487cc26dd0d5f7d97098a6c","hash":"15a157554d7bf2799a247d2e40df55e4ff28e442"}
,"/Users/caioblasio/Documents/nanodegree/reactnd-p2-readable/client/src/components/App.js": {"path":"/Users/caioblasio/Documents/nanodegree/reactnd-p2-readable/client/src/components/App.js","statementMap":{"0":{"start":{"line":18,"column":14},"end":{"line":31,"column":2}},"1":{"start":{"line":33,"column":15},"end":{"line":72,"column":1}},"2":{"start":{"line":77,"column":43},"end":{"line":77,"column":53}},"3":{"start":{"line":78,"column":4},"end":{"line":122,"column":6}},"4":{"start":{"line":100,"column":24},"end":{"line":100,"column":76}},"5":{"start":{"line":106,"column":24},"end":{"line":106,"column":75}},"6":{"start":{"line":112,"column":24},"end":{"line":112,"column":78}},"7":{"start":{"line":126,"column":24},"end":{"line":126,"column":89}},"8":{"start":{"line":126,"column":50},"end":{"line":126,"column":88}}},"fnMap":{"0":{"name":"(anonymous_0)","decl":{"start":{"line":76,"column":2},"end":{"line":76,"column":3}},"loc":{"start":{"line":76,"column":11},"end":{"line":123,"column":3}},"line":76},"1":{"name":"(anonymous_1)","decl":{"start":{"line":99,"column":30},"end":{"line":99,"column":31}},"loc":{"start":{"line":100,"column":24},"end":{"line":100,"column":76}},"line":100},"2":{"name":"(anonymous_2)","decl":{"start":{"line":105,"column":30},"end":{"line":105,"column":31}},"loc":{"start":{"line":106,"column":24},"end":{"line":106,"column":75}},"line":106},"3":{"name":"(anonymous_3)","decl":{"start":{"line":111,"column":30},"end":{"line":111,"column":31}},"loc":{"start":{"line":112,"column":24},"end":{"line":112,"column":78}},"line":112},"4":{"name":"(anonymous_4)","decl":{"start":{"line":126,"column":24},"end":{"line":126,"column":25}},"loc":{"start":{"line":126,"column":50},"end":{"line":126,"column":88}},"line":126}},"branchMap":{"0":{"loc":{"start":{"line":85,"column":15},"end":{"line":86,"column":77}},"type":"binary-expr","locations":[{"start":{"line":85,"column":15},"end":{"line":85,"column":24}},{"start":{"line":86,"column":16},"end":{"line":86,"column":77}}],"line":85}},"s":{"0":1,"1":1,"2":1,"3":1,"4":0,"5":0,"6":0,"7":1,"8":1},"f":{"0":1,"1":0,"2":0,"3":0,"4":1},"b":{"0":[1,0]},"_coverageSchema":"332fd63041d2c1bcb487cc26dd0d5f7d97098a6c","hash":"5753709f9f81b55520f96e07148afac4315193ef"}
,"/Users/caioblasio/Documents/nanodegree/reactnd-p2-readable/client/src/components/Category.js": {"path":"/Users/caioblasio/Documents/nanodegree/reactnd-p2-readable/client/src/components/Category.js","statementMap":{"0":{"start":{"line":11,"column":15},"end":{"line":17,"column":2}},"1":{"start":{"line":11,"column":25},"end":{"line":17,"column":1}},"2":{"start":{"line":36,"column":4},"end":{"line":36,"column":74}},"3":{"start":{"line":36,"column":43},"end":{"line":36,"column":73}},"4":{"start":{"line":39,"column":24},"end":{"line":39,"column":34}},"5":{"start":{"line":40,"column":21},"end":{"line":40,"column":58}},"6":{"start":{"line":41,"column":4},"end":{"line":53,"column":5}},"7":{"start":{"line":58,"column":24},"end":{"line":58,"column":60}},"8":{"start":{"line":58,"column":45},"end":{"line":58,"column":59}}},"fnMap":{"0":{"name":"(anonymous_0)","decl":{"start":{"line":11,"column":15},"end":{"line":11,"column":16}},"loc":{"start":{"line":11,"column":25},"end":{"line":17,"column":1}},"line":11},"1":{"name":"(anonymous_1)","decl":{"start":{"line":35,"column":16},"end":{"line":35,"column":17}},"loc":{"start":{"line":36,"column":4},"end":{"line":36,"column":74}},"line":36},"2":{"name":"(anonymous_2)","decl":{"start":{"line":36,"column":31},"end":{"line":36,"column":32}},"loc":{"start":{"line":36,"column":43},"end":{"line":36,"column":73}},"line":36},"3":{"name":"(anonymous_3)","decl":{"start":{"line":38,"column":2},"end":{"line":38,"column":3}},"loc":{"start":{"line":38,"column":11},"end":{"line":54,"column":3}},"line":38},"4":{"name":"(anonymous_4)","decl":{"start":{"line":58,"column":24},"end":{"line":58,"column":25}},"loc":{"start":{"line":58,"column":45},"end":{"line":58,"column":59}},"line":58}},"branchMap":{"0":{"loc":{"start":{"line":43,"column":9},"end":{"line":45,"column":23}},"type":"cond-expr","locations":[{"start":{"line":44,"column":12},"end":{"line":44,"column":74}},{"start":{"line":45,"column":12},"end":{"line":45,"column":23}}],"line":43}},"s":{"0":2,"1":1,"2":2,"3":3,"4":2,"5":2,"6":2,"7":2,"8":3},"f":{"0":1,"1":2,"2":3,"3":2,"4":3},"b":{"0":[1,1]},"_coverageSchema":"332fd63041d2c1bcb487cc26dd0d5f7d97098a6c","hash":"8044afbc3dde282b249cb037cf7f94dc3104b748"}
,"/Users/caioblasio/Documents/nanodegree/reactnd-p2-readable/client/src/components/FavoriteControl.js": {"path":"/Users/caioblasio/Documents/nanodegree/reactnd-p2-readable/client/src/components/FavoriteControl.js","statementMap":{"0":{"start":{"line":25,"column":32},"end":{"line":25,"column":42}},"1":{"start":{"line":26,"column":24},"end":{"line":26,"column":40}},"2":{"start":{"line":27,"column":4},"end":{"line":27,"column":54}},"3":{"start":{"line":28,"column":4},"end":{"line":28,"column":51}},"4":{"start":{"line":32,"column":32},"end":{"line":32,"column":42}},"5":{"start":{"line":34,"column":4},"end":{"line":44,"column":5}}},"fnMap":{"0":{"name":"(anonymous_0)","decl":{"start":{"line":24,"column":19},"end":{"line":24,"column":20}},"loc":{"start":{"line":24,"column":25},"end":{"line":29,"column":3}},"line":24},"1":{"name":"(anonymous_1)","decl":{"start":{"line":31,"column":2},"end":{"line":31,"column":3}},"loc":{"start":{"line":31,"column":11},"end":{"line":45,"column":3}},"line":31}},"branchMap":{"0":{"loc":{"start":{"line":39,"column":17},"end":{"line":39,"column":65}},"type":"cond-expr","locations":[{"start":{"line":39,"column":44},"end":{"line":39,"column":53}},{"start":{"line":39,"column":56},"end":{"line":39,"column":65}}],"line":39}},"s":{"0":1,"1":1,"2":1,"3":1,"4":2,"5":2},"f":{"0":1,"1":2},"b":{"0":[1,1]},"_coverageSchema":"332fd63041d2c1bcb487cc26dd0d5f7d97098a6c","hash":"96b50c51ec24e8224372ad1aa37890a099147718"}
,"/Users/caioblasio/Documents/nanodegree/reactnd-p2-readable/client/src/components/Favorites.js": {"path":"/Users/caioblasio/Documents/nanodegree/reactnd-p2-readable/client/src/components/Favorites.js","statementMap":{"0":{"start":{"line":10,"column":15},"end":{"line":16,"column":2}},"1":{"start":{"line":10,"column":25},"end":{"line":16,"column":1}},"2":{"start":{"line":22,"column":18},"end":{"line":37,"column":1}},"3":{"start":{"line":24,"column":22},"end":{"line":24,"column":27}},"4":{"start":{"line":26,"column":2},"end":{"line":35,"column":3}},"5":{"start":{"line":39,"column":0},"end":{"line":41,"column":2}}},"fnMap":{"0":{"name":"(anonymous_0)","decl":{"start":{"line":10,"column":15},"end":{"line":10,"column":16}},"loc":{"start":{"line":10,"column":25},"end":{"line":16,"column":1}},"line":10},"1":{"name":"(anonymous_1)","decl":{"start":{"line":22,"column":18},"end":{"line":22,"column":19}},"loc":{"start":{"line":22,"column":27},"end":{"line":37,"column":1}},"line":22}},"branchMap":{},"s":{"0":2,"1":1,"2":2,"3":1,"4":1,"5":2},"f":{"0":1,"1":1},"b":{},"_coverageSchema":"332fd63041d2c1bcb487cc26dd0d5f7d97098a6c","hash":"87c625dbe18c25db7a16f4bf8bc4415ca56874a8"}
,"/Users/caioblasio/Documents/nanodegree/reactnd-p2-readable/client/src/components/Home.js": {"path":"/Users/caioblasio/Documents/nanodegree/reactnd-p2-readable/client/src/components/Home.js","statementMap":{"0":{"start":{"line":9,"column":15},"end":{"line":15,"column":2}},"1":{"start":{"line":9,"column":25},"end":{"line":15,"column":1}},"2":{"start":{"line":21,"column":13},"end":{"line":36,"column":1}},"3":{"start":{"line":23,"column":22},"end":{"line":23,"column":27}},"4":{"start":{"line":25,"column":2},"end":{"line":34,"column":3}},"5":{"start":{"line":38,"column":0},"end":{"line":40,"column":2}}},"fnMap":{"0":{"name":"(anonymous_0)","decl":{"start":{"line":9,"column":15},"end":{"line":9,"column":16}},"loc":{"start":{"line":9,"column":25},"end":{"line":15,"column":1}},"line":9},"1":{"name":"(anonymous_1)","decl":{"start":{"line":21,"column":13},"end":{"line":21,"column":14}},"loc":{"start":{"line":21,"column":22},"end":{"line":36,"column":1}},"line":21}},"branchMap":{},"s":{"0":2,"1":1,"2":2,"3":1,"4":1,"5":2},"f":{"0":1,"1":1},"b":{},"_coverageSchema":"332fd63041d2c1bcb487cc26dd0d5f7d97098a6c","hash":"436aa93062dd9c7bdb08e7f1f781bccabda9948c"}
,"/Users/caioblasio/Documents/nanodegree/reactnd-p2-readable/client/src/components/NotFound.js": {"path":"/Users/caioblasio/Documents/nanodegree/reactnd-p2-readable/client/src/components/NotFound.js","statementMap":{"0":{"start":{"line":12,"column":15},"end":{"line":25,"column":2}},"1":{"start":{"line":12,"column":25},"end":{"line":25,"column":1}},"2":{"start":{"line":41,"column":33},"end":{"line":41,"column":43}},"3":{"start":{"line":42,"column":4},"end":{"line":61,"column":5}},"4":{"start":{"line":53,"column":65},"end":{"line":53,"column":81}},"5":{"start":{"line":56,"column":65},"end":{"line":56,"column":82}}},"fnMap":{"0":{"name":"(anonymous_0)","decl":{"start":{"line":12,"column":15},"end":{"line":12,"column":16}},"loc":{"start":{"line":12,"column":25},"end":{"line":25,"column":1}},"line":12},"1":{"name":"(anonymous_1)","decl":{"start":{"line":39,"column":2},"end":{"line":39,"column":3}},"loc":{"start":{"line":39,"column":11},"end":{"line":62,"column":3}},"line":39},"2":{"name":"(anonymous_2)","decl":{"start":{"line":53,"column":58},"end":{"line":53,"column":59}},"loc":{"start":{"line":53,"column":64},"end":{"line":53,"column":82}},"line":53},"3":{"name":"(anonymous_3)","decl":{"start":{"line":56,"column":58},"end":{"line":56,"column":59}},"loc":{"start":{"line":56,"column":64},"end":{"line":56,"column":83}},"line":56}},"branchMap":{},"s":{"0":4,"1":2,"2":5,"3":5,"4":1,"5":1},"f":{"0":2,"1":5,"2":1,"3":1},"b":{},"_coverageSchema":"332fd63041d2c1bcb487cc26dd0d5f7d97098a6c","hash":"43220923766c4a0325baef3cb5317230726632fc"}
,"/Users/caioblasio/Documents/nanodegree/reactnd-p2-readable/client/src/components/PostDetail.js": {"path":"/Users/caioblasio/Documents/nanodegree/reactnd-p2-readable/client/src/components/PostDetail.js","statementMap":{"0":{"start":{"line":20,"column":15},"end":{"line":67,"column":2}},"1":{"start":{"line":20,"column":25},"end":{"line":67,"column":1}},"2":{"start":{"line":95,"column":34},"end":{"line":95,"column":44}},"3":{"start":{"line":96,"column":4},"end":{"line":96,"column":22}},"4":{"start":{"line":103,"column":42},"end":{"line":103,"column":52}},"5":{"start":{"line":104,"column":30},"end":{"line":106,"column":5}},"6":{"start":{"line":108,"column":4},"end":{"line":111,"column":5}},"7":{"start":{"line":109,"column":6},"end":{"line":110,"column":42}},"8":{"start":{"line":110,"column":22},"end":{"line":110,"column":39}},"9":{"start":{"line":115,"column":39},"end":{"line":115,"column":49}},"10":{"start":{"line":117,"column":4},"end":{"line":119,"column":5}},"11":{"start":{"line":118,"column":6},"end":{"line":118,"column":24}},"12":{"start":{"line":121,"column":4},"end":{"line":182,"column":5}},"13":{"start":{"line":186,"column":24},"end":{"line":186,"column":83}},"14":{"start":{"line":186,"column":55},"end":{"line":186,"column":82}},"15":{"start":{"line":188,"column":27},"end":{"line":197,"column":1}},"16":{"start":{"line":189,"column":2},"end":{"line":196,"column":3}},"17":{"start":{"line":191,"column":6},"end":{"line":191,"column":33}},"18":{"start":{"line":194,"column":6},"end":{"line":194,"column":37}}},"fnMap":{"0":{"name":"(anonymous_0)","decl":{"start":{"line":20,"column":15},"end":{"line":20,"column":16}},"loc":{"start":{"line":20,"column":25},"end":{"line":67,"column":1}},"line":20},"1":{"name":"(anonymous_1)","decl":{"start":{"line":94,"column":2},"end":{"line":94,"column":3}},"loc":{"start":{"line":94,"column":21},"end":{"line":97,"column":3}},"line":94},"2":{"name":"(anonymous_2)","decl":{"start":{"line":102,"column":17},"end":{"line":102,"column":18}},"loc":{"start":{"line":102,"column":23},"end":{"line":112,"column":3}},"line":102},"3":{"name":"(anonymous_3)","decl":{"start":{"line":110,"column":14},"end":{"line":110,"column":15}},"loc":{"start":{"line":110,"column":20},"end":{"line":110,"column":41}},"line":110},"4":{"name":"(anonymous_4)","decl":{"start":{"line":114,"column":2},"end":{"line":114,"column":3}},"loc":{"start":{"line":114,"column":11},"end":{"line":183,"column":3}},"line":114},"5":{"name":"(anonymous_5)","decl":{"start":{"line":148,"column":31},"end":{"line":148,"column":32}},"loc":{"start":{"line":148,"column":37},"end":{"line":148,"column":39}},"line":148},"6":{"name":"(anonymous_6)","decl":{"start":{"line":186,"column":24},"end":{"line":186,"column":25}},"loc":{"start":{"line":186,"column":55},"end":{"line":186,"column":82}},"line":186},"7":{"name":"(anonymous_7)","decl":{"start":{"line":188,"column":27},"end":{"line":188,"column":28}},"loc":{"start":{"line":188,"column":39},"end":{"line":197,"column":1}},"line":188},"8":{"name":"(anonymous_8)","decl":{"start":{"line":190,"column":19},"end":{"line":190,"column":20}},"loc":{"start":{"line":190,"column":27},"end":{"line":192,"column":5}},"line":190},"9":{"name":"(anonymous_9)","decl":{"start":{"line":193,"column":16},"end":{"line":193,"column":17}},"loc":{"start":{"line":193,"column":24},"end":{"line":195,"column":5}},"line":193}},"branchMap":{"0":{"loc":{"start":{"line":108,"column":4},"end":{"line":111,"column":5}},"type":"if","locations":[{"start":{"line":108,"column":4},"end":{"line":111,"column":5}},{"start":{"line":108,"column":4},"end":{"line":111,"column":5}}],"line":108},"1":{"loc":{"start":{"line":117,"column":4},"end":{"line":119,"column":5}},"type":"if","locations":[{"start":{"line":117,"column":4},"end":{"line":119,"column":5}},{"start":{"line":117,"column":4},"end":{"line":119,"column":5}}],"line":117},"2":{"loc":{"start":{"line":117,"column":7},"end":{"line":117,"column":24}},"type":"binary-expr","locations":[{"start":{"line":117,"column":7},"end":{"line":117,"column":12}},{"start":{"line":117,"column":16},"end":{"line":117,"column":24}}],"line":117},"3":{"loc":{"start":{"line":123,"column":9},"end":{"line":179,"column":15}},"type":"binary-expr","locations":[{"start":{"line":123,"column":9},"end":{"line":123,"column":13}},{"start":{"line":124,"column":10},"end":{"line":179,"column":15}}],"line":123}},"s":{"0":2,"1":1,"2":3,"3":3,"4":1,"5":1,"6":1,"7":1,"8":1,"9":3,"10":3,"11":1,"12":2,"13":2,"14":4,"15":2,"16":4,"17":3,"18":1},"f":{"0":1,"1":3,"2":1,"3":1,"4":3,"5":0,"6":4,"7":4,"8":3,"9":1},"b":{"0":[1,0],"1":[1,2],"2":[3,1],"3":[2,2]},"_coverageSchema":"332fd63041d2c1bcb487cc26dd0d5f7d97098a6c","hash":"71df035b4460596d44dc8c907df368ee2b3726bb"}
,"/Users/caioblasio/Documents/nanodegree/reactnd-p2-readable/client/src/components/VoteControl.js": {"path":"/Users/caioblasio/Documents/nanodegree/reactnd-p2-readable/client/src/components/VoteControl.js","statementMap":{"0":{"start":{"line":41,"column":28},"end":{"line":41,"column":38}},"1":{"start":{"line":42,"column":4},"end":{"line":49,"column":5}},"2":{"start":{"line":43,"column":6},"end":{"line":43,"column":26}},"3":{"start":{"line":44,"column":11},"end":{"line":49,"column":5}},"4":{"start":{"line":45,"column":6},"end":{"line":45,"column":30}},"5":{"start":{"line":46,"column":6},"end":{"line":46,"column":25}},"6":{"start":{"line":48,"column":6},"end":{"line":48,"column":25}},"7":{"start":{"line":57,"column":4},"end":{"line":61,"column":5}},"8":{"start":{"line":58,"column":6},"end":{"line":58,"column":41}},"9":{"start":{"line":59,"column":11},"end":{"line":61,"column":5}},"10":{"start":{"line":60,"column":6},"end":{"line":60,"column":39}},"11":{"start":{"line":63,"column":4},"end":{"line":63,"column":40}},"12":{"start":{"line":64,"column":4},"end":{"line":64,"column":43}},"13":{"start":{"line":72,"column":4},"end":{"line":72,"column":43}},"14":{"start":{"line":73,"column":4},"end":{"line":73,"column":33}},"15":{"start":{"line":74,"column":4},"end":{"line":74,"column":40}},"16":{"start":{"line":83,"column":58},"end":{"line":83,"column":68}},"17":{"start":{"line":84,"column":4},"end":{"line":84,"column":52}},"18":{"start":{"line":85,"column":20},"end":{"line":85,"column":45}},"19":{"start":{"line":87,"column":4},"end":{"line":89,"column":43}},"20":{"start":{"line":94,"column":28},"end":{"line":94,"column":38}},"21":{"start":{"line":95,"column":22},"end":{"line":95,"column":32}},"22":{"start":{"line":97,"column":4},"end":{"line":117,"column":5}},"23":{"start":{"line":101,"column":25},"end":{"line":101,"column":50}},"24":{"start":{"line":111,"column":25},"end":{"line":111,"column":52}},"25":{"start":{"line":121,"column":27},"end":{"line":130,"column":1}},"26":{"start":{"line":122,"column":2},"end":{"line":129,"column":3}},"27":{"start":{"line":124,"column":6},"end":{"line":124,"column":48}},"28":{"start":{"line":127,"column":6},"end":{"line":127,"column":51}}},"fnMap":{"0":{"name":"(anonymous_0)","decl":{"start":{"line":40,"column":15},"end":{"line":40,"column":16}},"loc":{"start":{"line":40,"column":26},"end":{"line":50,"column":3}},"line":40},"1":{"name":"(anonymous_1)","decl":{"start":{"line":56,"column":11},"end":{"line":56,"column":12}},"loc":{"start":{"line":56,"column":19},"end":{"line":65,"column":3}},"line":56},"2":{"name":"(anonymous_2)","decl":{"start":{"line":71,"column":10},"end":{"line":71,"column":11}},"loc":{"start":{"line":71,"column":18},"end":{"line":75,"column":3}},"line":71},"3":{"name":"(anonymous_3)","decl":{"start":{"line":82,"column":23},"end":{"line":82,"column":24}},"loc":{"start":{"line":82,"column":31},"end":{"line":91,"column":3}},"line":82},"4":{"name":"(anonymous_4)","decl":{"start":{"line":93,"column":2},"end":{"line":93,"column":3}},"loc":{"start":{"line":93,"column":11},"end":{"line":118,"column":3}},"line":93},"5":{"name":"(anonymous_5)","decl":{"start":{"line":101,"column":19},"end":{"line":101,"column":20}},"loc":{"start":{"line":101,"column":25},"end":{"line":101,"column":50}},"line":101},"6":{"name":"(anonymous_6)","decl":{"start":{"line":111,"column":19},"end":{"line":111,"column":20}},"loc":{"start":{"line":111,"column":25},"end":{"line":111,"column":52}},"line":111},"7":{"name":"(anonymous_7)","decl":{"start":{"line":121,"column":27},"end":{"line":121,"column":28}},"loc":{"start":{"line":121,"column":39},"end":{"line":130,"column":1}},"line":121},"8":{"name":"(anonymous_8)","decl":{"start":{"line":123,"column":19},"end":{"line":123,"column":20}},"loc":{"start":{"line":123,"column":42},"end":{"line":125,"column":5}},"line":123},"9":{"name":"(anonymous_9)","decl":{"start":{"line":126,"column":22},"end":{"line":126,"column":23}},"loc":{"start":{"line":126,"column":45},"end":{"line":128,"column":5}},"line":126}},"branchMap":{"0":{"loc":{"start":{"line":42,"column":4},"end":{"line":49,"column":5}},"type":"if","locations":[{"start":{"line":42,"column":4},"end":{"line":49,"column":5}},{"start":{"line":42,"column":4},"end":{"line":49,"column":5}}],"line":42},"1":{"loc":{"start":{"line":42,"column":8},"end":{"line":42,"column":46}},"type":"binary-expr","locations":[{"start":{"line":42,"column":8},"end":{"line":42,"column":19}},{"start":{"line":42,"column":23},"end":{"line":42,"column":46}}],"line":42},"2":{"loc":{"start":{"line":44,"column":11},"end":{"line":49,"column":5}},"type":"if","locations":[{"start":{"line":44,"column":11},"end":{"line":49,"column":5}},{"start":{"line":44,"column":11},"end":{"line":49,"column":5}}],"line":44},"3":{"loc":{"start":{"line":57,"column":4},"end":{"line":61,"column":5}},"type":"if","locations":[{"start":{"line":57,"column":4},"end":{"line":61,"column":5}},{"start":{"line":57,"column":4},"end":{"line":61,"column":5}}],"line":57},"4":{"loc":{"start":{"line":59,"column":11},"end":{"line":61,"column":5}},"type":"if","locations":[{"start":{"line":59,"column":11},"end":{"line":61,"column":5}},{"start":{"line":59,"column":11},"end":{"line":61,"column":5}}],"line":59},"5":{"loc":{"start":{"line":84,"column":4},"end":{"line":84,"column":51}},"type":"cond-expr","locations":[{"start":{"line":84,"column":24},"end":{"line":84,"column":36}},{"start":{"line":84,"column":39},"end":{"line":84,"column":51}}],"line":84},"6":{"loc":{"start":{"line":87,"column":4},"end":{"line":89,"column":43}},"type":"cond-expr","locations":[{"start":{"line":88,"column":8},"end":{"line":88,"column":40}},{"start":{"line":89,"column":8},"end":{"line":89,"column":43}}],"line":87},"7":{"loc":{"start":{"line":102,"column":17},"end":{"line":102,"column":64}},"type":"cond-expr","locations":[{"start":{"line":102,"column":43},"end":{"line":102,"column":52}},{"start":{"line":102,"column":55},"end":{"line":102,"column":64}}],"line":102},"8":{"loc":{"start":{"line":112,"column":17},"end":{"line":112,"column":68}},"type":"cond-expr","locations":[{"start":{"line":112,"column":45},"end":{"line":112,"column":56}},{"start":{"line":112,"column":59},"end":{"line":112,"column":68}}],"line":112}},"s":{"0":4,"1":4,"2":1,"3":3,"4":1,"5":1,"6":2,"7":2,"8":1,"9":1,"10":1,"11":2,"12":2,"13":3,"14":3,"15":3,"16":5,"17":5,"18":5,"19":5,"20":10,"21":10,"22":10,"23":2,"24":2,"25":8,"26":5,"27":4,"28":1},"f":{"0":4,"1":2,"2":3,"3":5,"4":10,"5":2,"6":2,"7":5,"8":4,"9":1},"b":{"0":[1,3],"1":[4,2],"2":[1,2],"3":[1,1],"4":[1,0],"5":[3,2],"6":[4,1],"7":[3,7],"8":[2,8]},"_coverageSchema":"332fd63041d2c1bcb487cc26dd0d5f7d97098a6c","hash":"1f9cc43c47bd7722ac9449166483749add7c8973"}
,"/Users/caioblasio/Documents/nanodegree/reactnd-p2-readable/client/src/components/CommentList/index.js": {"path":"/Users/caioblasio/Documents/nanodegree/reactnd-p2-readable/client/src/components/CommentList/index.js","statementMap":{"0":{"start":{"line":9,"column":15},"end":{"line":13,"column":2}},"1":{"start":{"line":9,"column":25},"end":{"line":13,"column":1}},"2":{"start":{"line":38,"column":38},"end":{"line":38,"column":48}},"3":{"start":{"line":39,"column":4},"end":{"line":39,"column":26}},"4":{"start":{"line":43,"column":62},"end":{"line":43,"column":72}},"5":{"start":{"line":44,"column":4},"end":{"line":59,"column":5}},"6":{"start":{"line":51,"column":10},"end":{"line":56,"column":12}},"7":{"start":{"line":63,"column":25},"end":{"line":63,"column":57}},"8":{"start":{"line":63,"column":44},"end":{"line":63,"column":56}},"9":{"start":{"line":65,"column":27},"end":{"line":77,"column":1}},"10":{"start":{"line":66,"column":2},"end":{"line":76,"column":3}},"11":{"start":{"line":68,"column":6},"end":{"line":68,"column":37}},"12":{"start":{"line":71,"column":6},"end":{"line":71,"column":40}},"13":{"start":{"line":74,"column":6},"end":{"line":74,"column":47}}},"fnMap":{"0":{"name":"(anonymous_0)","decl":{"start":{"line":9,"column":15},"end":{"line":9,"column":16}},"loc":{"start":{"line":9,"column":25},"end":{"line":13,"column":1}},"line":9},"1":{"name":"(anonymous_1)","decl":{"start":{"line":37,"column":2},"end":{"line":37,"column":3}},"loc":{"start":{"line":37,"column":22},"end":{"line":40,"column":3}},"line":37},"2":{"name":"(anonymous_2)","decl":{"start":{"line":42,"column":2},"end":{"line":42,"column":3}},"loc":{"start":{"line":42,"column":11},"end":{"line":60,"column":3}},"line":42},"3":{"name":"(anonymous_3)","decl":{"start":{"line":50,"column":22},"end":{"line":50,"column":23}},"loc":{"start":{"line":51,"column":10},"end":{"line":56,"column":12}},"line":51},"4":{"name":"(anonymous_4)","decl":{"start":{"line":63,"column":25},"end":{"line":63,"column":26}},"loc":{"start":{"line":63,"column":44},"end":{"line":63,"column":56}},"line":63},"5":{"name":"(anonymous_5)","decl":{"start":{"line":65,"column":27},"end":{"line":65,"column":28}},"loc":{"start":{"line":65,"column":39},"end":{"line":77,"column":1}},"line":65},"6":{"name":"(anonymous_6)","decl":{"start":{"line":67,"column":19},"end":{"line":67,"column":20}},"loc":{"start":{"line":67,"column":31},"end":{"line":69,"column":5}},"line":67},"7":{"name":"(anonymous_7)","decl":{"start":{"line":70,"column":19},"end":{"line":70,"column":20}},"loc":{"start":{"line":70,"column":34},"end":{"line":72,"column":5}},"line":70},"8":{"name":"(anonymous_8)","decl":{"start":{"line":73,"column":17},"end":{"line":73,"column":18}},"loc":{"start":{"line":73,"column":42},"end":{"line":75,"column":5}},"line":73}},"branchMap":{"0":{"loc":{"start":{"line":48,"column":20},"end":{"line":48,"column":89}},"type":"cond-expr","locations":[{"start":{"line":48,"column":42},"end":{"line":48,"column":73}},{"start":{"line":48,"column":76},"end":{"line":48,"column":89}}],"line":48}},"s":{"0":3,"1":1,"2":1,"3":1,"4":1,"5":1,"6":2,"7":3,"8":1,"9":3,"10":1,"11":1,"12":0,"13":0},"f":{"0":1,"1":1,"2":1,"3":2,"4":1,"5":1,"6":1,"7":0,"8":0},"b":{"0":[1,0]},"_coverageSchema":"332fd63041d2c1bcb487cc26dd0d5f7d97098a6c","hash":"76e8137cda66d4d6e988d2c8530e0ff49f7412f7"}
,"/Users/caioblasio/Documents/nanodegree/reactnd-p2-readable/client/src/components/CommentList/Comment/Content.js": {"path":"/Users/caioblasio/Documents/nanodegree/reactnd-p2-readable/client/src/components/CommentList/Comment/Content.js","statementMap":{"0":{"start":{"line":11,"column":15},"end":{"line":24,"column":2}},"1":{"start":{"line":11,"column":25},"end":{"line":24,"column":1}},"2":{"start":{"line":46,"column":57},"end":{"line":46,"column":67}},"3":{"start":{"line":47,"column":30},"end":{"line":49,"column":5}},"4":{"start":{"line":51,"column":4},"end":{"line":53,"column":5}},"5":{"start":{"line":52,"column":6},"end":{"line":52,"column":25}},"6":{"start":{"line":57,"column":70},"end":{"line":57,"column":80}},"7":{"start":{"line":59,"column":4},"end":{"line":89,"column":5}},"8":{"start":{"line":75,"column":30},"end":{"line":75,"column":46}}},"fnMap":{"0":{"name":"(anonymous_0)","decl":{"start":{"line":11,"column":15},"end":{"line":11,"column":16}},"loc":{"start":{"line":11,"column":25},"end":{"line":24,"column":1}},"line":11},"1":{"name":"(anonymous_1)","decl":{"start":{"line":45,"column":17},"end":{"line":45,"column":18}},"loc":{"start":{"line":45,"column":23},"end":{"line":54,"column":3}},"line":45},"2":{"name":"(anonymous_2)","decl":{"start":{"line":56,"column":2},"end":{"line":56,"column":3}},"loc":{"start":{"line":56,"column":11},"end":{"line":90,"column":3}},"line":56},"3":{"name":"(anonymous_3)","decl":{"start":{"line":75,"column":23},"end":{"line":75,"column":24}},"loc":{"start":{"line":75,"column":29},"end":{"line":75,"column":47}},"line":75}},"branchMap":{"0":{"loc":{"start":{"line":51,"column":4},"end":{"line":53,"column":5}},"type":"if","locations":[{"start":{"line":51,"column":4},"end":{"line":53,"column":5}},{"start":{"line":51,"column":4},"end":{"line":53,"column":5}}],"line":51}},"s":{"0":3,"1":1,"2":1,"3":1,"4":1,"5":1,"6":2,"7":2,"8":1},"f":{"0":1,"1":1,"2":2,"3":1},"b":{"0":[1,0]},"_coverageSchema":"332fd63041d2c1bcb487cc26dd0d5f7d97098a6c","hash":"98b465ebd8afb2ae4b0233b8b0250233a9cafe9c"}
,"/Users/caioblasio/Documents/nanodegree/reactnd-p2-readable/client/src/components/CommentList/Comment/Edit.js": {"path":"/Users/caioblasio/Documents/nanodegree/reactnd-p2-readable/client/src/components/CommentList/Comment/Edit.js","statementMap":{"0":{"start":{"line":7,"column":15},"end":{"line":18,"column":2}},"1":{"start":{"line":7,"column":25},"end":{"line":18,"column":1}},"2":{"start":{"line":45,"column":25},"end":{"line":49,"column":3}},"3":{"start":{"line":46,"column":4},"end":{"line":48,"column":7}},"4":{"start":{"line":56,"column":4},"end":{"line":56,"column":27}},"5":{"start":{"line":58,"column":21},"end":{"line":58,"column":31}},"6":{"start":{"line":59,"column":47},"end":{"line":59,"column":57}},"7":{"start":{"line":61,"column":4},"end":{"line":64,"column":7}},"8":{"start":{"line":66,"column":4},"end":{"line":66,"column":32}},"9":{"start":{"line":68,"column":4},"end":{"line":68,"column":22}},"10":{"start":{"line":72,"column":21},"end":{"line":72,"column":31}},"11":{"start":{"line":73,"column":32},"end":{"line":73,"column":42}},"12":{"start":{"line":75,"column":4},"end":{"line":101,"column":5}},"13":{"start":{"line":92,"column":94},"end":{"line":92,"column":111}}},"fnMap":{"0":{"name":"(anonymous_0)","decl":{"start":{"line":7,"column":15},"end":{"line":7,"column":16}},"loc":{"start":{"line":7,"column":25},"end":{"line":18,"column":1}},"line":7},"1":{"name":"(anonymous_1)","decl":{"start":{"line":45,"column":17},"end":{"line":45,"column":18}},"loc":{"start":{"line":45,"column":25},"end":{"line":49,"column":3}},"line":45},"2":{"name":"(anonymous_2)","decl":{"start":{"line":45,"column":25},"end":{"line":45,"column":26}},"loc":{"start":{"line":45,"column":34},"end":{"line":49,"column":3}},"line":45},"3":{"name":"(anonymous_3)","decl":{"start":{"line":55,"column":17},"end":{"line":55,"column":18}},"loc":{"start":{"line":55,"column":28},"end":{"line":69,"column":3}},"line":55},"4":{"name":"(anonymous_4)","decl":{"start":{"line":71,"column":2},"end":{"line":71,"column":3}},"loc":{"start":{"line":71,"column":11},"end":{"line":102,"column":3}},"line":71},"5":{"name":"(anonymous_5)","decl":{"start":{"line":92,"column":87},"end":{"line":92,"column":88}},"loc":{"start":{"line":92,"column":93},"end":{"line":92,"column":112}},"line":92}},"branchMap":{},"s":{"0":3,"1":1,"2":3,"3":0,"4":1,"5":1,"6":1,"7":1,"8":1,"9":1,"10":3,"11":3,"12":3,"13":1},"f":{"0":1,"1":3,"2":0,"3":1,"4":3,"5":1},"b":{},"_coverageSchema":"332fd63041d2c1bcb487cc26dd0d5f7d97098a6c","hash":"121ee033e92481f702b1bef2ff628ef5cf38779c"}
,"/Users/caioblasio/Documents/nanodegree/reactnd-p2-readable/client/src/components/CommentList/Comment/index.js": {"path":"/Users/caioblasio/Documents/nanodegree/reactnd-p2-readable/client/src/components/CommentList/Comment/index.js","statementMap":{"0":{"start":{"line":11,"column":15},"end":{"line":21,"column":2}},"1":{"start":{"line":11,"column":25},"end":{"line":21,"column":1}},"2":{"start":{"line":48,"column":4},"end":{"line":50,"column":6}},"3":{"start":{"line":54,"column":99},"end":{"line":54,"column":109}},"4":{"start":{"line":55,"column":17},"end":{"line":55,"column":27}},"5":{"start":{"line":57,"column":4},"end":{"line":68,"column":5}}},"fnMap":{"0":{"name":"(anonymous_0)","decl":{"start":{"line":11,"column":15},"end":{"line":11,"column":16}},"loc":{"start":{"line":11,"column":25},"end":{"line":21,"column":1}},"line":11},"1":{"name":"(anonymous_1)","decl":{"start":{"line":47,"column":20},"end":{"line":47,"column":21}},"loc":{"start":{"line":47,"column":30},"end":{"line":51,"column":3}},"line":47},"2":{"name":"(anonymous_2)","decl":{"start":{"line":53,"column":2},"end":{"line":53,"column":3}},"loc":{"start":{"line":53,"column":11},"end":{"line":69,"column":3}},"line":53}},"branchMap":{"0":{"loc":{"start":{"line":62,"column":9},"end":{"line":64,"column":109}},"type":"cond-expr","locations":[{"start":{"line":63,"column":12},"end":{"line":63,"column":102}},{"start":{"line":64,"column":12},"end":{"line":64,"column":109}}],"line":62}},"s":{"0":3,"1":1,"2":0,"3":3,"4":3,"5":3},"f":{"0":1,"1":0,"2":3},"b":{"0":[1,2]},"_coverageSchema":"332fd63041d2c1bcb487cc26dd0d5f7d97098a6c","hash":"58d61e563494df930e58a04e938c9a400b9f0d09"}
,"/Users/caioblasio/Documents/nanodegree/reactnd-p2-readable/client/src/components/Header/Drawer.js": {"path":"/Users/caioblasio/Documents/nanodegree/reactnd-p2-readable/client/src/components/Header/Drawer.js","statementMap":{"0":{"start":{"line":20,"column":15},"end":{"line":39,"column":2}},"1":{"start":{"line":20,"column":25},"end":{"line":39,"column":1}},"2":{"start":{"line":63,"column":64},"end":{"line":63,"column":74}},"3":{"start":{"line":66,"column":6},"end":{"line":108,"column":17}},"4":{"start":{"line":79,"column":12},"end":{"line":83,"column":19}},"5":{"start":{"line":111,"column":4},"end":{"line":141,"column":6}},"6":{"start":{"line":145,"column":0},"end":{"line":149,"column":2}}},"fnMap":{"0":{"name":"(anonymous_0)","decl":{"start":{"line":20,"column":15},"end":{"line":20,"column":16}},"loc":{"start":{"line":20,"column":25},"end":{"line":39,"column":1}},"line":20},"1":{"name":"(anonymous_1)","decl":{"start":{"line":62,"column":2},"end":{"line":62,"column":3}},"loc":{"start":{"line":62,"column":11},"end":{"line":142,"column":3}},"line":62},"2":{"name":"(anonymous_2)","decl":{"start":{"line":78,"column":26},"end":{"line":78,"column":27}},"loc":{"start":{"line":79,"column":12},"end":{"line":83,"column":19}},"line":79}},"branchMap":{"0":{"loc":{"start":{"line":116,"column":20},"end":{"line":116,"column":64}},"type":"cond-expr","locations":[{"start":{"line":116,"column":48},"end":{"line":116,"column":55}},{"start":{"line":116,"column":58},"end":{"line":116,"column":64}}],"line":116}},"s":{"0":2,"1":1,"2":1,"3":1,"4":2,"5":1,"6":2},"f":{"0":1,"1":1,"2":2},"b":{"0":[0,1]},"_coverageSchema":"332fd63041d2c1bcb487cc26dd0d5f7d97098a6c","hash":"6f22e5547c7dab3237dea0234fccf55ae2157520"}
,"/Users/caioblasio/Documents/nanodegree/reactnd-p2-readable/client/src/components/Header/SearchAppBar.js": {"path":"/Users/caioblasio/Documents/nanodegree/reactnd-p2-readable/client/src/components/Header/SearchAppBar.js","statementMap":{"0":{"start":{"line":16,"column":15},"end":{"line":78,"column":2}},"1":{"start":{"line":16,"column":25},"end":{"line":78,"column":1}},"2":{"start":{"line":110,"column":29},"end":{"line":110,"column":39}},"3":{"start":{"line":111,"column":17},"end":{"line":111,"column":21}},"4":{"start":{"line":112,"column":18},"end":{"line":112,"column":36}},"5":{"start":{"line":114,"column":4},"end":{"line":116,"column":5}},"6":{"start":{"line":115,"column":6},"end":{"line":115,"column":45}},"7":{"start":{"line":118,"column":4},"end":{"line":123,"column":7}},"8":{"start":{"line":121,"column":8},"end":{"line":121,"column":42}},"9":{"start":{"line":127,"column":57},"end":{"line":127,"column":67}},"10":{"start":{"line":128,"column":4},"end":{"line":163,"column":6}},"11":{"start":{"line":167,"column":0},"end":{"line":169,"column":2}}},"fnMap":{"0":{"name":"(anonymous_0)","decl":{"start":{"line":16,"column":15},"end":{"line":16,"column":16}},"loc":{"start":{"line":16,"column":25},"end":{"line":78,"column":1}},"line":16},"1":{"name":"(anonymous_1)","decl":{"start":{"line":108,"column":17},"end":{"line":108,"column":18}},"loc":{"start":{"line":108,"column":28},"end":{"line":124,"column":3}},"line":108},"2":{"name":"(anonymous_2)","decl":{"start":{"line":120,"column":32},"end":{"line":120,"column":33}},"loc":{"start":{"line":120,"column":44},"end":{"line":122,"column":7}},"line":120},"3":{"name":"(anonymous_3)","decl":{"start":{"line":126,"column":2},"end":{"line":126,"column":3}},"loc":{"start":{"line":126,"column":11},"end":{"line":164,"column":3}},"line":126}},"branchMap":{"0":{"loc":{"start":{"line":114,"column":4},"end":{"line":116,"column":5}},"type":"if","locations":[{"start":{"line":114,"column":4},"end":{"line":116,"column":5}},{"start":{"line":114,"column":4},"end":{"line":116,"column":5}}],"line":114},"1":{"loc":{"start":{"line":136,"column":23},"end":{"line":136,"column":56}},"type":"cond-expr","locations":[{"start":{"line":136,"column":32},"end":{"line":136,"column":43}},{"start":{"line":136,"column":46},"end":{"line":136,"column":56}}],"line":136}},"s":{"0":2,"1":1,"2":1,"3":1,"4":1,"5":1,"6":0,"7":1,"8":1,"9":3,"10":3,"11":2},"f":{"0":1,"1":1,"2":1,"3":3},"b":{"0":[0,1],"1":[3,0]},"_coverageSchema":"332fd63041d2c1bcb487cc26dd0d5f7d97098a6c","hash":"a24533b4ed67e9d32ccf820d8423340e33177956"}
,"/Users/caioblasio/Documents/nanodegree/reactnd-p2-readable/client/src/components/Header/index.js": {"path":"/Users/caioblasio/Documents/nanodegree/reactnd-p2-readable/client/src/components/Header/index.js","statementMap":{"0":{"start":{"line":38,"column":4},"end":{"line":38,"column":31}},"1":{"start":{"line":48,"column":4},"end":{"line":51,"column":7}},"2":{"start":{"line":49,"column":6},"end":{"line":50,"column":22}},"3":{"start":{"line":50,"column":8},"end":{"line":50,"column":22}},"4":{"start":{"line":55,"column":74},"end":{"line":55,"column":84}},"5":{"start":{"line":56,"column":4},"end":{"line":71,"column":5}},"6":{"start":{"line":75,"column":24},"end":{"line":75,"column":84}},"7":{"start":{"line":75,"column":53},"end":{"line":75,"column":83}},"8":{"start":{"line":77,"column":27},"end":{"line":92,"column":1}},"9":{"start":{"line":78,"column":2},"end":{"line":91,"column":3}},"10":{"start":{"line":80,"column":6},"end":{"line":80,"column":28}},"11":{"start":{"line":83,"column":6},"end":{"line":83,"column":29}},"12":{"start":{"line":86,"column":6},"end":{"line":86,"column":35}},"13":{"start":{"line":89,"column":6},"end":{"line":89,"column":33}}},"fnMap":{"0":{"name":"(anonymous_0)","decl":{"start":{"line":37,"column":2},"end":{"line":37,"column":3}},"loc":{"start":{"line":37,"column":21},"end":{"line":39,"column":3}},"line":37},"1":{"name":"(anonymous_1)","decl":{"start":{"line":47,"column":2},"end":{"line":47,"column":3}},"loc":{"start":{"line":47,"column":62},"end":{"line":52,"column":3}},"line":47},"2":{"name":"(anonymous_2)","decl":{"start":{"line":48,"column":19},"end":{"line":48,"column":20}},"loc":{"start":{"line":48,"column":25},"end":{"line":51,"column":5}},"line":48},"3":{"name":"(anonymous_3)","decl":{"start":{"line":54,"column":2},"end":{"line":54,"column":3}},"loc":{"start":{"line":54,"column":10},"end":{"line":72,"column":3}},"line":54},"4":{"name":"(anonymous_4)","decl":{"start":{"line":75,"column":24},"end":{"line":75,"column":25}},"loc":{"start":{"line":75,"column":53},"end":{"line":75,"column":83}},"line":75},"5":{"name":"(anonymous_5)","decl":{"start":{"line":77,"column":27},"end":{"line":77,"column":28}},"loc":{"start":{"line":77,"column":39},"end":{"line":92,"column":1}},"line":77},"6":{"name":"(anonymous_6)","decl":{"start":{"line":79,"column":16},"end":{"line":79,"column":17}},"loc":{"start":{"line":79,"column":22},"end":{"line":81,"column":5}},"line":79},"7":{"name":"(anonymous_7)","decl":{"start":{"line":82,"column":17},"end":{"line":82,"column":18}},"loc":{"start":{"line":82,"column":23},"end":{"line":84,"column":5}},"line":82},"8":{"name":"(anonymous_8)","decl":{"start":{"line":85,"column":18},"end":{"line":85,"column":19}},"loc":{"start":{"line":85,"column":29},"end":{"line":87,"column":5}},"line":85},"9":{"name":"(anonymous_9)","decl":{"start":{"line":88,"column":19},"end":{"line":88,"column":20}},"loc":{"start":{"line":88,"column":25},"end":{"line":90,"column":5}},"line":88}},"branchMap":{"0":{"loc":{"start":{"line":49,"column":6},"end":{"line":50,"column":22}},"type":"if","locations":[{"start":{"line":49,"column":6},"end":{"line":50,"column":22}},{"start":{"line":49,"column":6},"end":{"line":50,"column":22}}],"line":49},"1":{"loc":{"start":{"line":49,"column":9},"end":{"line":49,"column":27}},"type":"binary-expr","locations":[{"start":{"line":49,"column":9},"end":{"line":49,"column":17}},{"start":{"line":49,"column":21},"end":{"line":49,"column":27}}],"line":49}},"s":{"0":1,"1":0,"2":0,"3":0,"4":1,"5":1,"6":2,"7":1,"8":2,"9":1,"10":0,"11":0,"12":0,"13":1},"f":{"0":1,"1":0,"2":0,"3":1,"4":1,"5":1,"6":0,"7":0,"8":0,"9":1},"b":{"0":[0,0],"1":[0,0]},"_coverageSchema":"332fd63041d2c1bcb487cc26dd0d5f7d97098a6c","hash":"3bdfcbfa24c7ea28b36376a140fc129ad1dc802e"}
,"/Users/caioblasio/Documents/nanodegree/reactnd-p2-readable/client/src/components/ManagePost/Form.js": {"path":"/Users/caioblasio/Documents/nanodegree/reactnd-p2-readable/client/src/components/ManagePost/Form.js","statementMap":{"0":{"start":{"line":10,"column":15},"end":{"line":24,"column":2}},"1":{"start":{"line":10,"column":25},"end":{"line":24,"column":1}},"2":{"start":{"line":49,"column":18},"end":{"line":60,"column":5}},"3":{"start":{"line":61,"column":4},"end":{"line":61,"column":16}},"4":{"start":{"line":68,"column":4},"end":{"line":68,"column":45}},"5":{"start":{"line":76,"column":25},"end":{"line":80,"column":3}},"6":{"start":{"line":77,"column":4},"end":{"line":79,"column":7}},"7":{"start":{"line":87,"column":4},"end":{"line":87,"column":27}},"8":{"start":{"line":89,"column":31},"end":{"line":89,"column":41}},"9":{"start":{"line":90,"column":42},"end":{"line":90,"column":52}},"10":{"start":{"line":92,"column":4},"end":{"line":99,"column":7}},"11":{"start":{"line":101,"column":4},"end":{"line":106,"column":7}},"12":{"start":{"line":111,"column":46},"end":{"line":111,"column":56}},"13":{"start":{"line":112,"column":41},"end":{"line":112,"column":51}},"14":{"start":{"line":114,"column":4},"end":{"line":193,"column":5}},"15":{"start":{"line":177,"column":12},"end":{"line":179,"column":23}},"16":{"start":{"line":184,"column":94},"end":{"line":184,"column":121}}},"fnMap":{"0":{"name":"(anonymous_0)","decl":{"start":{"line":10,"column":15},"end":{"line":10,"column":16}},"loc":{"start":{"line":10,"column":25},"end":{"line":24,"column":1}},"line":10},"1":{"name":"(anonymous_1)","decl":{"start":{"line":48,"column":2},"end":{"line":48,"column":3}},"loc":{"start":{"line":48,"column":24},"end":{"line":62,"column":3}},"line":48},"2":{"name":"(anonymous_2)","decl":{"start":{"line":67,"column":30},"end":{"line":67,"column":31}},"loc":{"start":{"line":67,"column":44},"end":{"line":69,"column":3}},"line":67},"3":{"name":"(anonymous_3)","decl":{"start":{"line":76,"column":17},"end":{"line":76,"column":18}},"loc":{"start":{"line":76,"column":25},"end":{"line":80,"column":3}},"line":76},"4":{"name":"(anonymous_4)","decl":{"start":{"line":76,"column":25},"end":{"line":76,"column":26}},"loc":{"start":{"line":76,"column":34},"end":{"line":80,"column":3}},"line":76},"5":{"name":"(anonymous_5)","decl":{"start":{"line":86,"column":17},"end":{"line":86,"column":18}},"loc":{"start":{"line":86,"column":28},"end":{"line":108,"column":3}},"line":86},"6":{"name":"(anonymous_6)","decl":{"start":{"line":110,"column":2},"end":{"line":110,"column":3}},"loc":{"start":{"line":110,"column":11},"end":{"line":194,"column":3}},"line":110},"7":{"name":"(anonymous_7)","decl":{"start":{"line":176,"column":26},"end":{"line":176,"column":27}},"loc":{"start":{"line":177,"column":12},"end":{"line":179,"column":23}},"line":177},"8":{"name":"(anonymous_8)","decl":{"start":{"line":184,"column":87},"end":{"line":184,"column":88}},"loc":{"start":{"line":184,"column":93},"end":{"line":184,"column":122}},"line":184}},"branchMap":{"0":{"loc":{"start":{"line":49,"column":18},"end":{"line":60,"column":5}},"type":"cond-expr","locations":[{"start":{"line":50,"column":6},"end":{"line":55,"column":5}},{"start":{"line":55,"column":8},"end":{"line":60,"column":5}}],"line":49},"1":{"loc":{"start":{"line":93,"column":10},"end":{"line":93,"column":35}},"type":"cond-expr","locations":[{"start":{"line":93,"column":17},"end":{"line":93,"column":24}},{"start":{"line":93,"column":27},"end":{"line":93,"column":35}}],"line":93}},"s":{"0":2,"1":1,"2":7,"3":7,"4":1,"5":64,"6":8,"7":1,"8":1,"9":1,"10":1,"11":1,"12":16,"13":16,"14":16,"15":32,"16":1},"f":{"0":1,"1":7,"2":1,"3":64,"4":8,"5":1,"6":16,"7":32,"8":1},"b":{"0":[1,6],"1":[0,1]},"_coverageSchema":"332fd63041d2c1bcb487cc26dd0d5f7d97098a6c","hash":"65a66277d3c7d5e589db67d52fd6f80ad41124cb"}
,"/Users/caioblasio/Documents/nanodegree/reactnd-p2-readable/client/src/components/ManagePost/index.js": {"path":"/Users/caioblasio/Documents/nanodegree/reactnd-p2-readable/client/src/components/ManagePost/index.js","statementMap":{"0":{"start":{"line":13,"column":15},"end":{"line":31,"column":2}},"1":{"start":{"line":13,"column":25},"end":{"line":31,"column":1}},"2":{"start":{"line":65,"column":38},"end":{"line":65,"column":48}},"3":{"start":{"line":67,"column":4},"end":{"line":68,"column":27}},"4":{"start":{"line":68,"column":6},"end":{"line":68,"column":27}},"5":{"start":{"line":76,"column":40},"end":{"line":76,"column":50}},"6":{"start":{"line":78,"column":4},"end":{"line":82,"column":5}},"7":{"start":{"line":79,"column":6},"end":{"line":79,"column":30}},"8":{"start":{"line":81,"column":6},"end":{"line":81,"column":20}},"9":{"start":{"line":84,"column":4},"end":{"line":86,"column":6}},"10":{"start":{"line":91,"column":48},"end":{"line":91,"column":58}},"11":{"start":{"line":93,"column":4},"end":{"line":95,"column":5}},"12":{"start":{"line":94,"column":6},"end":{"line":94,"column":46}},"13":{"start":{"line":97,"column":4},"end":{"line":112,"column":5}},"14":{"start":{"line":116,"column":24},"end":{"line":116,"column":100}},"15":{"start":{"line":116,"column":64},"end":{"line":116,"column":99}},"16":{"start":{"line":118,"column":27},"end":{"line":130,"column":1}},"17":{"start":{"line":119,"column":2},"end":{"line":129,"column":3}},"18":{"start":{"line":121,"column":6},"end":{"line":121,"column":33}},"19":{"start":{"line":124,"column":6},"end":{"line":124,"column":34}},"20":{"start":{"line":127,"column":6},"end":{"line":127,"column":29}}},"fnMap":{"0":{"name":"(anonymous_0)","decl":{"start":{"line":13,"column":15},"end":{"line":13,"column":16}},"loc":{"start":{"line":13,"column":25},"end":{"line":31,"column":1}},"line":13},"1":{"name":"(anonymous_1)","decl":{"start":{"line":64,"column":2},"end":{"line":64,"column":3}},"loc":{"start":{"line":64,"column":22},"end":{"line":69,"column":3}},"line":64},"2":{"name":"(anonymous_2)","decl":{"start":{"line":75,"column":17},"end":{"line":75,"column":18}},"loc":{"start":{"line":75,"column":27},"end":{"line":88,"column":3}},"line":75},"3":{"name":"(anonymous_3)","decl":{"start":{"line":90,"column":2},"end":{"line":90,"column":3}},"loc":{"start":{"line":90,"column":11},"end":{"line":113,"column":3}},"line":90},"4":{"name":"(anonymous_4)","decl":{"start":{"line":116,"column":24},"end":{"line":116,"column":25}},"loc":{"start":{"line":116,"column":64},"end":{"line":116,"column":99}},"line":116},"5":{"name":"(anonymous_5)","decl":{"start":{"line":118,"column":27},"end":{"line":118,"column":28}},"loc":{"start":{"line":118,"column":39},"end":{"line":130,"column":1}},"line":118},"6":{"name":"(anonymous_6)","decl":{"start":{"line":120,"column":19},"end":{"line":120,"column":20}},"loc":{"start":{"line":120,"column":27},"end":{"line":122,"column":5}},"line":120},"7":{"name":"(anonymous_7)","decl":{"start":{"line":123,"column":14},"end":{"line":123,"column":15}},"loc":{"start":{"line":123,"column":28},"end":{"line":125,"column":5}},"line":123},"8":{"name":"(anonymous_8)","decl":{"start":{"line":126,"column":13},"end":{"line":126,"column":14}},"loc":{"start":{"line":126,"column":23},"end":{"line":128,"column":5}},"line":126}},"branchMap":{"0":{"loc":{"start":{"line":67,"column":4},"end":{"line":68,"column":27}},"type":"if","locations":[{"start":{"line":67,"column":4},"end":{"line":68,"column":27}},{"start":{"line":67,"column":4},"end":{"line":68,"column":27}}],"line":67},"1":{"loc":{"start":{"line":78,"column":4},"end":{"line":82,"column":5}},"type":"if","locations":[{"start":{"line":78,"column":4},"end":{"line":82,"column":5}},{"start":{"line":78,"column":4},"end":{"line":82,"column":5}}],"line":78},"2":{"loc":{"start":{"line":93,"column":4},"end":{"line":95,"column":5}},"type":"if","locations":[{"start":{"line":93,"column":4},"end":{"line":95,"column":5}},{"start":{"line":93,"column":4},"end":{"line":95,"column":5}}],"line":93},"3":{"loc":{"start":{"line":101,"column":15},"end":{"line":101,"column":46}},"type":"cond-expr","locations":[{"start":{"line":101,"column":22},"end":{"line":101,"column":33}},{"start":{"line":101,"column":36},"end":{"line":101,"column":46}}],"line":101}},"s":{"0":2,"1":1,"2":2,"3":2,"4":1,"5":0,"6":0,"7":0,"8":0,"9":0,"10":2,"11":2,"12":0,"13":2,"14":2,"15":3,"16":2,"17":3,"18":1,"19":0,"20":0},"f":{"0":1,"1":2,"2":0,"3":2,"4":3,"5":3,"6":1,"7":0,"8":0},"b":{"0":[1,1],"1":[0,0],"2":[0,2],"3":[1,1]},"_coverageSchema":"332fd63041d2c1bcb487cc26dd0d5f7d97098a6c","hash":"5779f3eb1b115a0cf058ed286067915aae925e0e"}
,"/Users/caioblasio/Documents/nanodegree/reactnd-p2-readable/client/src/components/NewComment/Form.js": {"path":"/Users/caioblasio/Documents/nanodegree/reactnd-p2-readable/client/src/components/NewComment/Form.js","statementMap":{"0":{"start":{"line":8,"column":15},"end":{"line":15,"column":2}},"1":{"start":{"line":8,"column":25},"end":{"line":15,"column":1}},"2":{"start":{"line":39,"column":25},"end":{"line":43,"column":3}},"3":{"start":{"line":40,"column":4},"end":{"line":42,"column":7}},"4":{"start":{"line":50,"column":4},"end":{"line":50,"column":27}},"5":{"start":{"line":52,"column":29},"end":{"line":52,"column":39}},"6":{"start":{"line":53,"column":21},"end":{"line":53,"column":31}},"7":{"start":{"line":55,"column":4},"end":{"line":60,"column":7}},"8":{"start":{"line":62,"column":4},"end":{"line":62,"column":44}},"9":{"start":{"line":67,"column":29},"end":{"line":67,"column":39}},"10":{"start":{"line":68,"column":20},"end":{"line":68,"column":30}},"11":{"start":{"line":70,"column":4},"end":{"line":106,"column":5}}},"fnMap":{"0":{"name":"(anonymous_0)","decl":{"start":{"line":8,"column":15},"end":{"line":8,"column":16}},"loc":{"start":{"line":8,"column":25},"end":{"line":15,"column":1}},"line":8},"1":{"name":"(anonymous_1)","decl":{"start":{"line":39,"column":17},"end":{"line":39,"column":18}},"loc":{"start":{"line":39,"column":25},"end":{"line":43,"column":3}},"line":39},"2":{"name":"(anonymous_2)","decl":{"start":{"line":39,"column":25},"end":{"line":39,"column":26}},"loc":{"start":{"line":39,"column":34},"end":{"line":43,"column":3}},"line":39},"3":{"name":"(anonymous_3)","decl":{"start":{"line":49,"column":17},"end":{"line":49,"column":18}},"loc":{"start":{"line":49,"column":28},"end":{"line":64,"column":3}},"line":49},"4":{"name":"(anonymous_4)","decl":{"start":{"line":66,"column":2},"end":{"line":66,"column":3}},"loc":{"start":{"line":66,"column":11},"end":{"line":107,"column":3}},"line":66}},"branchMap":{},"s":{"0":3,"1":1,"2":18,"3":4,"4":1,"5":1,"6":1,"7":1,"8":1,"9":9,"10":9,"11":9},"f":{"0":1,"1":18,"2":4,"3":1,"4":9},"b":{},"_coverageSchema":"332fd63041d2c1bcb487cc26dd0d5f7d97098a6c","hash":"d896b8afb51e012e46cd9d78109a1e623c8155f2"}
,"/Users/caioblasio/Documents/nanodegree/reactnd-p2-readable/client/src/components/NewComment/index.js": {"path":"/Users/caioblasio/Documents/nanodegree/reactnd-p2-readable/client/src/components/NewComment/index.js","statementMap":{"0":{"start":{"line":9,"column":15},"end":{"line":13,"column":2}},"1":{"start":{"line":9,"column":25},"end":{"line":13,"column":1}},"2":{"start":{"line":34,"column":37},"end":{"line":34,"column":47}},"3":{"start":{"line":35,"column":4},"end":{"line":35,"column":32}},"4":{"start":{"line":36,"column":4},"end":{"line":36,"column":24}},"5":{"start":{"line":40,"column":24},"end":{"line":40,"column":34}},"6":{"start":{"line":42,"column":4},"end":{"line":51,"column":5}},"7":{"start":{"line":55,"column":27},"end":{"line":61,"column":1}},"8":{"start":{"line":56,"column":2},"end":{"line":60,"column":3}},"9":{"start":{"line":58,"column":6},"end":{"line":58,"column":35}}},"fnMap":{"0":{"name":"(anonymous_0)","decl":{"start":{"line":9,"column":15},"end":{"line":9,"column":16}},"loc":{"start":{"line":9,"column":25},"end":{"line":13,"column":1}},"line":9},"1":{"name":"(anonymous_1)","decl":{"start":{"line":33,"column":17},"end":{"line":33,"column":18}},"loc":{"start":{"line":33,"column":30},"end":{"line":37,"column":3}},"line":33},"2":{"name":"(anonymous_2)","decl":{"start":{"line":39,"column":2},"end":{"line":39,"column":3}},"loc":{"start":{"line":39,"column":11},"end":{"line":52,"column":3}},"line":39},"3":{"name":"(anonymous_3)","decl":{"start":{"line":55,"column":27},"end":{"line":55,"column":28}},"loc":{"start":{"line":55,"column":39},"end":{"line":61,"column":1}},"line":55},"4":{"name":"(anonymous_4)","decl":{"start":{"line":57,"column":16},"end":{"line":57,"column":17}},"loc":{"start":{"line":57,"column":29},"end":{"line":59,"column":5}},"line":57}},"branchMap":{},"s":{"0":3,"1":1,"2":0,"3":0,"4":0,"5":1,"6":1,"7":3,"8":1,"9":0},"f":{"0":1,"1":0,"2":1,"3":1,"4":0},"b":{},"_coverageSchema":"332fd63041d2c1bcb487cc26dd0d5f7d97098a6c","hash":"ad7b674325a90b45df2c32354e71ca5c010c1a65"}
,"/Users/caioblasio/Documents/nanodegree/reactnd-p2-readable/client/src/components/PostList/Headline.js": {"path":"/Users/caioblasio/Documents/nanodegree/reactnd-p2-readable/client/src/components/PostList/Headline.js","statementMap":{"0":{"start":{"line":11,"column":15},"end":{"line":28,"column":2}},"1":{"start":{"line":11,"column":25},"end":{"line":28,"column":1}},"2":{"start":{"line":57,"column":4},"end":{"line":57,"column":53}},"3":{"start":{"line":64,"column":4},"end":{"line":64,"column":38}},"4":{"start":{"line":69,"column":25},"end":{"line":69,"column":35}},"5":{"start":{"line":70,"column":52},"end":{"line":70,"column":62}},"6":{"start":{"line":72,"column":4},"end":{"line":117,"column":5}},"7":{"start":{"line":101,"column":36},"end":{"line":101,"column":52}},"8":{"start":{"line":101,"column":53},"end":{"line":101,"column":71}},"9":{"start":{"line":107,"column":36},"end":{"line":107,"column":51}},"10":{"start":{"line":107,"column":52},"end":{"line":107,"column":71}}},"fnMap":{"0":{"name":"(anonymous_0)","decl":{"start":{"line":11,"column":15},"end":{"line":11,"column":16}},"loc":{"start":{"line":11,"column":25},"end":{"line":28,"column":1}},"line":11},"1":{"name":"(anonymous_1)","decl":{"start":{"line":56,"column":16},"end":{"line":56,"column":17}},"loc":{"start":{"line":56,"column":25},"end":{"line":58,"column":3}},"line":56},"2":{"name":"(anonymous_2)","decl":{"start":{"line":63,"column":16},"end":{"line":63,"column":17}},"loc":{"start":{"line":63,"column":22},"end":{"line":65,"column":3}},"line":63},"3":{"name":"(anonymous_3)","decl":{"start":{"line":68,"column":2},"end":{"line":68,"column":3}},"loc":{"start":{"line":68,"column":11},"end":{"line":118,"column":3}},"line":68},"4":{"name":"(anonymous_4)","decl":{"start":{"line":101,"column":29},"end":{"line":101,"column":30}},"loc":{"start":{"line":101,"column":35},"end":{"line":101,"column":72}},"line":101},"5":{"name":"(anonymous_5)","decl":{"start":{"line":107,"column":29},"end":{"line":107,"column":30}},"loc":{"start":{"line":107,"column":35},"end":{"line":107,"column":72}},"line":107}},"branchMap":{"0":{"loc":{"start":{"line":75,"column":48},"end":{"line":75,"column":74}},"type":"cond-expr","locations":[{"start":{"line":75,"column":55},"end":{"line":75,"column":69}},{"start":{"line":75,"column":72},"end":{"line":75,"column":74}}],"line":75},"1":{"loc":{"start":{"line":80,"column":13},"end":{"line":112,"column":20}},"type":"binary-expr","locations":[{"start":{"line":80,"column":13},"end":{"line":80,"column":18}},{"start":{"line":81,"column":14},"end":{"line":112,"column":20}}],"line":80},"2":{"loc":{"start":{"line":86,"column":29},"end":{"line":86,"column":65}},"type":"cond-expr","locations":[{"start":{"line":86,"column":40},"end":{"line":86,"column":53}},{"start":{"line":86,"column":56},"end":{"line":86,"column":65}}],"line":86},"3":{"loc":{"start":{"line":115,"column":11},"end":{"line":115,"column":30}},"type":"binary-expr","locations":[{"start":{"line":115,"column":11},"end":{"line":115,"column":16}},{"start":{"line":115,"column":20},"end":{"line":115,"column":30}}],"line":115}},"s":{"0":6,"1":1,"2":0,"3":2,"4":5,"5":5,"6":5,"7":1,"8":1,"9":1,"10":1},"f":{"0":1,"1":0,"2":2,"3":5,"4":1,"5":1},"b":{"0":[0,5],"1":[5,5],"2":[0,5],"3":[5,5]},"_coverageSchema":"332fd63041d2c1bcb487cc26dd0d5f7d97098a6c","hash":"53746ccb594aa7ca1d361cc13869a9909ef840a4"}
,"/Users/caioblasio/Documents/nanodegree/reactnd-p2-readable/client/src/components/PostList/Post.js": {"path":"/Users/caioblasio/Documents/nanodegree/reactnd-p2-readable/client/src/components/PostList/Post.js","statementMap":{"0":{"start":{"line":20,"column":15},"end":{"line":44,"column":2}},"1":{"start":{"line":20,"column":25},"end":{"line":44,"column":1}},"2":{"start":{"line":69,"column":4},"end":{"line":69,"column":27}},"3":{"start":{"line":70,"column":4},"end":{"line":70,"column":53}},"4":{"start":{"line":77,"column":4},"end":{"line":77,"column":38}},"5":{"start":{"line":84,"column":32},"end":{"line":84,"column":42}},"6":{"start":{"line":85,"column":31},"end":{"line":87,"column":7}},"7":{"start":{"line":88,"column":4},"end":{"line":90,"column":5}},"8":{"start":{"line":89,"column":6},"end":{"line":89,"column":23}},"9":{"start":{"line":92,"column":4},"end":{"line":92,"column":27}},"10":{"start":{"line":96,"column":30},"end":{"line":96,"column":40}},"11":{"start":{"line":97,"column":86},"end":{"line":97,"column":90}},"12":{"start":{"line":98,"column":25},"end":{"line":98,"column":35}},"13":{"start":{"line":99,"column":17},"end":{"line":99,"column":34}},"14":{"start":{"line":101,"column":4},"end":{"line":166,"column":5}}},"fnMap":{"0":{"name":"(anonymous_0)","decl":{"start":{"line":20,"column":15},"end":{"line":20,"column":16}},"loc":{"start":{"line":20,"column":25},"end":{"line":44,"column":1}},"line":20},"1":{"name":"(anonymous_1)","decl":{"start":{"line":68,"column":20},"end":{"line":68,"column":21}},"loc":{"start":{"line":68,"column":29},"end":{"line":71,"column":3}},"line":68},"2":{"name":"(anonymous_2)","decl":{"start":{"line":76,"column":20},"end":{"line":76,"column":21}},"loc":{"start":{"line":76,"column":26},"end":{"line":78,"column":3}},"line":76},"3":{"name":"(anonymous_3)","decl":{"start":{"line":83,"column":21},"end":{"line":83,"column":22}},"loc":{"start":{"line":83,"column":26},"end":{"line":93,"column":3}},"line":83},"4":{"name":"(anonymous_4)","decl":{"start":{"line":95,"column":2},"end":{"line":95,"column":3}},"loc":{"start":{"line":95,"column":11},"end":{"line":167,"column":3}},"line":95}},"branchMap":{"0":{"loc":{"start":{"line":88,"column":4},"end":{"line":90,"column":5}},"type":"if","locations":[{"start":{"line":88,"column":4},"end":{"line":90,"column":5}},{"start":{"line":88,"column":4},"end":{"line":90,"column":5}}],"line":88},"1":{"loc":{"start":{"line":124,"column":27},"end":{"line":124,"column":52}},"type":"cond-expr","locations":[{"start":{"line":124,"column":34},"end":{"line":124,"column":45}},{"start":{"line":124,"column":48},"end":{"line":124,"column":52}}],"line":124}},"s":{"0":6,"1":1,"2":0,"3":0,"4":1,"5":1,"6":1,"7":1,"8":1,"9":1,"10":3,"11":3,"12":3,"13":3,"14":3},"f":{"0":1,"1":0,"2":1,"3":1,"4":3},"b":{"0":[1,0],"1":[0,3]},"_coverageSchema":"332fd63041d2c1bcb487cc26dd0d5f7d97098a6c","hash":"1aef445977adb0dbfcebbe70141bc053da34d308"}
[...]
,"/Users/caioblasio/Documents/nanodegree/reactnd-p2-readable/client/src/reducers/posts.js": {"path":"/Users/caioblasio/Documents/nanodegree/reactnd-p2-readable/client/src/reducers/posts.js","statementMap":{"0":{"start":{"line":4,"column":2},"end":{"line":33,"column":3}},"1":{"start":{"line":6,"column":21},"end":{"line":6,"column":82}},"2":{"start":{"line":7,"column":6},"end":{"line":11,"column":7}},"3":{"start":{"line":13,"column":6},"end":{"line":19,"column":7}},"4":{"start":{"line":21,"column":6},"end":{"line":26,"column":7}},"5":{"start":{"line":28,"column":49},"end":{"line":28,"column":54}},"6":{"start":{"line":29,"column":6},"end":{"line":29,"column":21}},"7":{"start":{"line":32,"column":6},"end":{"line":32,"column":18}}},"fnMap":{"0":{"name":"posts","decl":{"start":{"line":3,"column":24},"end":{"line":3,"column":29}},"loc":{"start":{"line":3,"column":51},"end":{"line":34,"column":1}},"line":3}},"branchMap":{"0":{"loc":{"start":{"line":3,"column":31},"end":{"line":3,"column":41}},"type":"default-arg","locations":[{"start":{"line":3,"column":39},"end":{"line":3,"column":41}}],"line":3},"1":{"loc":{"start":{"line":4,"column":2},"end":{"line":33,"column":3}},"type":"switch","locations":[{"start":{"line":5,"column":4},"end":{"line":11,"column":7}},{"start":{"line":12,"column":4},"end":{"line":19,"column":7}},{"start":{"line":20,"column":4},"end":{"line":26,"column":7}},{"start":{"line":27,"column":4},"end":{"line":29,"column":21}},{"start":{"line":31,"column":4},"end":{"line":32,"column":18}}],"line":4},"2":{"loc":{"start":{"line":6,"column":21},"end":{"line":6,"column":82}},"type":"cond-expr","locations":[{"start":{"line":6,"column":60},"end":{"line":6,"column":62}},{"start":{"line":6,"column":65},"end":{"line":6,"column":82}}],"line":6}},"s":{"0":9,"1":2,"2":2,"3":1,"4":1,"5":1,"6":1,"7":4},"f":{"0":9},"b":{"0":[4],"1":[2,1,1,1,4],"2":[1,1]},"_coverageSchema":"332fd63041d2c1bcb487cc26dd0d5f7d97098a6c","hash":"d6800c48f60c17d5a9feadb5bbd91e94df0c18c4"}
,"/Users/caioblasio/Documents/nanodegree/reactnd-p2-readable/client/src/reducers/search.js": {"path":"/Users/caioblasio/Documents/nanodegree/reactnd-p2-readable/client/src/reducers/search.js","statementMap":{"0":{"start":{"line":4,"column":2},"end":{"line":9,"column":3}},"1":{"start":{"line":6,"column":6},"end":{"line":6,"column":26}},"2":{"start":{"line":8,"column":6},"end":{"line":8,"column":18}}},"fnMap":{"0":{"name":"posts","decl":{"start":{"line":3,"column":24},"end":{"line":3,"column":29}},"loc":{"start":{"line":3,"column":51},"end":{"line":10,"column":1}},"line":3}},"branchMap":{"0":{"loc":{"start":{"line":3,"column":31},"end":{"line":3,"column":41}},"type":"default-arg","locations":[{"start":{"line":3,"column":39},"end":{"line":3,"column":41}}],"line":3},"1":{"loc":{"start":{"line":4,"column":2},"end":{"line":9,"column":3}},"type":"switch","locations":[{"start":{"line":5,"column":4},"end":{"line":6,"column":26}},{"start":{"line":7,"column":4},"end":{"line":8,"column":18}}],"line":4}},"s":{"0":5,"1":1,"2":4},"f":{"0":5},"b":{"0":[4],"1":[1,4]},"_coverageSchema":"332fd63041d2c1bcb487cc26dd0d5f7d97098a6c","hash":"9e17738d7dc226d486b4b87213064aa60e7eb695"}
,"/Users/caioblasio/Documents/nanodegree/reactnd-p2-readable/client/src/reducers/sort.js": {"path":"/Users/caioblasio/Documents/nanodegree/reactnd-p2-readable/client/src/reducers/sort.js","statementMap":{"0":{"start":{"line":4,"column":2},"end":{"line":10,"column":3}},"1":{"start":{"line":6,"column":6},"end":{"line":6,"column":26}},"2":{"start":{"line":9,"column":6},"end":{"line":9,"column":18}}},"fnMap":{"0":{"name":"reducer","decl":{"start":{"line":3,"column":24},"end":{"line":3,"column":31}},"loc":{"start":{"line":3,"column":57},"end":{"line":11,"column":1}},"line":3}},"branchMap":{"0":{"loc":{"start":{"line":3,"column":32},"end":{"line":3,"column":47}},"type":"default-arg","locations":[{"start":{"line":3,"column":40},"end":{"line":3,"column":47}}],"line":3},"1":{"loc":{"start":{"line":4,"column":2},"end":{"line":10,"column":3}},"type":"switch","locations":[{"start":{"line":5,"column":4},"end":{"line":6,"column":26}},{"start":{"line":8,"column":4},"end":{"line":9,"column":18}}],"line":4}},"s":{"0":5,"1":1,"2":4},"f":{"0":5},"b":{"0":[4],"1":[1,4]},"_coverageSchema":"332fd63041d2c1bcb487cc26dd0d5f7d97098a6c","hash":"d12a896209ef3e63c0f11cec776af440408ef47f"}
,"/Users/caioblasio/Documents/nanodegree/reactnd-p2-readable/client/src/utils/contentapi.js": {"path":"/Users/caioblasio/Documents/nanodegree/reactnd-p2-readable/client/src/utils/contentapi.js","statementMap":{"0":{"start":{"line":2,"column":12},"end":{"line":2,"column":18}},"1":{"start":{"line":4,"column":12},"end":{"line":4,"column":30}},"2":{"start":{"line":6,"column":0},"end":{"line":7,"column":68}},"3":{"start":{"line":7,"column":2},"end":{"line":7,"column":68}},"4":{"start":{"line":9,"column":16},"end":{"line":12,"column":1}},"5":{"start":{"line":14,"column":29},"end":{"line":16,"column":28}},"6":{"start":{"line":15,"column":2},"end":{"line":16,"column":28}},"7":{"start":{"line":16,"column":17},"end":{"line":16,"column":27}},"8":{"start":{"line":18,"column":24},"end":{"line":20,"column":28}},"9":{"start":{"line":19,"column":2},"end":{"line":20,"column":28}},"10":{"start":{"line":20,"column":17},"end":{"line":20,"column":27}},"11":{"start":{"line":22,"column":34},"end":{"line":24,"column":28}},"12":{"start":{"line":23,"column":2},"end":{"line":24,"column":28}},"13":{"start":{"line":24,"column":17},"end":{"line":24,"column":27}},"14":{"start":{"line":26,"column":27},"end":{"line":28,"column":28}},"15":{"start":{"line":27,"column":2},"end":{"line":28,"column":28}},"16":{"start":{"line":28,"column":17},"end":{"line":28,"column":27}},"17":{"start":{"line":30,"column":24},"end":{"line":39,"column":26}},"18":{"start":{"line":31,"column":2},"end":{"line":39,"column":26}},"19":{"start":{"line":39,"column":15},"end":{"line":39,"column":25}},"20":{"start":{"line":41,"column":26},"end":{"line":48,"column":26}},"21":{"start":{"line":42,"column":2},"end":{"line":48,"column":26}},"22":{"start":{"line":48,"column":15},"end":{"line":48,"column":25}},"23":{"start":{"line":50,"column":24},"end":{"line":59,"column":28}},"24":{"start":{"line":51,"column":2},"end":{"line":59,"column":28}},"25":{"start":{"line":59,"column":17},"end":{"line":59,"column":27}},"26":{"start":{"line":61,"column":26},"end":{"line":70,"column":26}},"27":{"start":{"line":62,"column":2},"end":{"line":70,"column":26}},"28":{"start":{"line":70,"column":15},"end":{"line":70,"column":25}},"29":{"start":{"line":72,"column":35},"end":{"line":74,"column":28}},"30":{"start":{"line":73,"column":2},"end":{"line":74,"column":28}},"31":{"start":{"line":74,"column":17},"end":{"line":74,"column":27}},"32":{"start":{"line":76,"column":27},"end":{"line":85,"column":26}},"33":{"start":{"line":77,"column":2},"end":{"line":85,"column":26}},"34":{"start":{"line":85,"column":15},"end":{"line":85,"column":25}},"35":{"start":{"line":87,"column":29},"end":{"line":96,"column":26}},"36":{"start":{"line":88,"column":2},"end":{"line":96,"column":26}},"37":{"start":{"line":96,"column":15},"end":{"line":96,"column":25}},"38":{"start":{"line":98,"column":29},"end":{"line":105,"column":26}},"39":{"start":{"line":99,"column":2},"end":{"line":105,"column":26}},"40":{"start":{"line":105,"column":15},"end":{"line":105,"column":25}},"41":{"start":{"line":107,"column":27},"end":{"line":116,"column":26}},"42":{"start":{"line":108,"column":2},"end":{"line":116,"column":26}},"43":{"start":{"line":116,"column":15},"end":{"line":116,"column":25}}},"fnMap":{"0":{"name":"(anonymous_0)","decl":{"start":{"line":14,"column":29},"end":{"line":14,"column":30}},"loc":{"start":{"line":15,"column":2},"end":{"line":16,"column":28}},"line":15},"1":{"name":"(anonymous_1)","decl":{"start":{"line":16,"column":10},"end":{"line":16,"column":11}},"loc":{"start":{"line":16,"column":17},"end":{"line":16,"column":27}},"line":16},"2":{"name":"(anonymous_2)","decl":{"start":{"line":18,"column":24},"end":{"line":18,"column":25}},"loc":{"start":{"line":19,"column":2},"end":{"line":20,"column":28}},"line":19},"3":{"name":"(anonymous_3)","decl":{"start":{"line":20,"column":10},"end":{"line":20,"column":11}},"loc":{"start":{"line":20,"column":17},"end":{"line":20,"column":27}},"line":20},"4":{"name":"(anonymous_4)","decl":{"start":{"line":22,"column":34},"end":{"line":22,"column":35}},"loc":{"start":{"line":23,"column":2},"end":{"line":24,"column":28}},"line":23},"5":{"name":"(anonymous_5)","decl":{"start":{"line":24,"column":10},"end":{"line":24,"column":11}},"loc":{"start":{"line":24,"column":17},"end":{"line":24,"column":27}},"line":24},"6":{"name":"(anonymous_6)","decl":{"start":{"line":26,"column":27},"end":{"line":26,"column":28}},"loc":{"start":{"line":27,"column":2},"end":{"line":28,"column":28}},"line":27},"7":{"name":"(anonymous_7)","decl":{"start":{"line":28,"column":10},"end":{"line":28,"column":11}},"loc":{"start":{"line":28,"column":17},"end":{"line":28,"column":27}},"line":28},"8":{"name":"(anonymous_8)","decl":{"start":{"line":30,"column":24},"end":{"line":30,"column":25}},"loc":{"start":{"line":31,"column":2},"end":{"line":39,"column":26}},"line":31},"9":{"name":"(anonymous_9)","decl":{"start":{"line":39,"column":8},"end":{"line":39,"column":9}},"loc":{"start":{"line":39,"column":15},"end":{"line":39,"column":25}},"line":39},"10":{"name":"(anonymous_10)","decl":{"start":{"line":41,"column":26},"end":{"line":41,"column":27}},"loc":{"start":{"line":42,"column":2},"end":{"line":48,"column":26}},"line":42},"11":{"name":"(anonymous_11)","decl":{"start":{"line":48,"column":8},"end":{"line":48,"column":9}},"loc":{"start":{"line":48,"column":15},"end":{"line":48,"column":25}},"line":48},"12":{"name":"(anonymous_12)","decl":{"start":{"line":50,"column":24},"end":{"line":50,"column":25}},"loc":{"start":{"line":51,"column":2},"end":{"line":59,"column":28}},"line":51},"13":{"name":"(anonymous_13)","decl":{"start":{"line":59,"column":10},"end":{"line":59,"column":11}},"loc":{"start":{"line":59,"column":17},"end":{"line":59,"column":27}},"line":59},"14":{"name":"(anonymous_14)","decl":{"start":{"line":61,"column":26},"end":{"line":61,"column":27}},"loc":{"start":{"line":62,"column":2},"end":{"line":70,"column":26}},"line":62},"15":{"name":"(anonymous_15)","decl":{"start":{"line":70,"column":8},"end":{"line":70,"column":9}},"loc":{"start":{"line":70,"column":15},"end":{"line":70,"column":25}},"line":70},"16":{"name":"(anonymous_16)","decl":{"start":{"line":72,"column":35},"end":{"line":72,"column":36}},"loc":{"start":{"line":73,"column":2},"end":{"line":74,"column":28}},"line":73},"17":{"name":"(anonymous_17)","decl":{"start":{"line":74,"column":10},"end":{"line":74,"column":11}},"loc":{"start":{"line":74,"column":17},"end":{"line":74,"column":27}},"line":74},"18":{"name":"(anonymous_18)","decl":{"start":{"line":76,"column":27},"end":{"line":76,"column":28}},"loc":{"start":{"line":77,"column":2},"end":{"line":85,"column":26}},"line":77},"19":{"name":"(anonymous_19)","decl":{"start":{"line":85,"column":8},"end":{"line":85,"column":9}},"loc":{"start":{"line":85,"column":15},"end":{"line":85,"column":25}},"line":85},"20":{"name":"(anonymous_20)","decl":{"start":{"line":87,"column":29},"end":{"line":87,"column":30}},"loc":{"start":{"line":88,"column":2},"end":{"line":96,"column":26}},"line":88},"21":{"name":"(anonymous_21)","decl":{"start":{"line":96,"column":8},"end":{"line":96,"column":9}},"loc":{"start":{"line":96,"column":15},"end":{"line":96,"column":25}},"line":96},"22":{"name":"(anonymous_22)","decl":{"start":{"line":98,"column":29},"end":{"line":98,"column":30}},"loc":{"start":{"line":99,"column":2},"end":{"line":105,"column":26}},"line":99},"23":{"name":"(anonymous_23)","decl":{"start":{"line":105,"column":8},"end":{"line":105,"column":9}},"loc":{"start":{"line":105,"column":15},"end":{"line":105,"column":25}},"line":105},"24":{"name":"(anonymous_24)","decl":{"start":{"line":107,"column":27},"end":{"line":107,"column":28}},"loc":{"start":{"line":108,"column":2},"end":{"line":116,"column":26}},"line":108},"25":{"name":"(anonymous_25)","decl":{"start":{"line":116,"column":8},"end":{"line":116,"column":9}},"loc":{"start":{"line":116,"column":15},"end":{"line":116,"column":25}},"line":116}},"branchMap":{"0":{"loc":{"start":{"line":6,"column":0},"end":{"line":7,"column":68}},"type":"if","locations":[{"start":{"line":6,"column":0},"end":{"line":7,"column":68}},{"start":{"line":6,"column":0},"end":{"line":7,"column":68}}],"line":6}},"s":{"0":18,"1":18,"2":18,"3":18,"4":18,"5":18,"6":2,"7":2,"8":18,"9":9,"10":9,"11":18,"12":4,"13":4,"14":18,"15":5,"16":5,"17":18,"18":1,"19":1,"20":18,"21":2,"22":2,"23":18,"24":5,"25":5,"26":18,"27":1,"28":1,"29":18,"30":2,"31":2,"32":18,"33":2,"34":2,"35":18,"36":1,"37":1,"38":18,"39":1,"40":1,"41":18,"42":1,"43":1},"f":{"0":2,"1":2,"2":9,"3":9,"4":4,"5":4,"6":5,"7":5,"8":1,"9":1,"10":2,"11":2,"12":5,"13":5,"14":1,"15":1,"16":2,"17":2,"18":2,"19":2,"20":1,"21":1,"22":1,"23":1,"24":1,"25":1},"b":{"0":[18,0]},"_coverageSchema":"332fd63041d2c1bcb487cc26dd0d5f7d97098a6c","hash":"e15e8434fac51d3ca63482b3c15e5b97d389173f"}
,"/Users/caioblasio/Documents/nanodegree/reactnd-p2-readable/client/src/utils/date.js": {"path":"/Users/caioblasio/Documents/nanodegree/reactnd-p2-readable/client/src/utils/date.js","statementMap":{"0":{"start":{"line":4,"column":2},"end":{"line":4,"column":39}}},"fnMap":{"0":{"name":"getFormatedDate","decl":{"start":{"line":3,"column":16},"end":{"line":3,"column":31}},"loc":{"start":{"line":3,"column":43},"end":{"line":5,"column":1}},"line":3}},"branchMap":{},"s":{"0":9},"f":{"0":9},"b":{},"_coverageSchema":"332fd63041d2c1bcb487cc26dd0d5f7d97098a6c","hash":"b2f6fd2a5fa78d82b9385e35a8fee2f70cf31cbc"}
,"/Users/caioblasio/Documents/nanodegree/reactnd-p2-readable/client/src/utils/locaStorage.js": {"path":"/Users/caioblasio/Documents/nanodegree/reactnd-p2-readable/client/src/utils/locaStorage.js","statementMap":{"0":{"start":{"line":1,"column":26},"end":{"line":9,"column":1}},"1":{"start":{"line":2,"column":2},"end":{"line":6,"column":3}},"2":{"start":{"line":3,"column":17},"end":{"line":3,"column":46}},"3":{"start":{"line":5,"column":4},"end":{"line":5,"column":44}},"4":{"start":{"line":5,"column":20},"end":{"line":5,"column":44}},"5":{"start":{"line":8,"column":2},"end":{"line":8,"column":14}},"6":{"start":{"line":11,"column":25},"end":{"line":18,"column":1}},"7":{"start":{"line":12,"column":20},"end":{"line":12,"column":78}},"8":{"start":{"line":14,"column":2},"end":{"line":14,"column":34}},"9":{"start":{"line":16,"column":2},"end":{"line":16,"column":59}},"10":{"start":{"line":20,"column":24},"end":{"line":26,"column":1}},"11":{"start":{"line":21,"column":20},"end":{"line":21,"column":78}},"12":{"start":{"line":23,"column":2},"end":{"line":25,"column":24}},"13":{"start":{"line":23,"column":44},"end":{"line":23,"column":59}},"14":{"start":{"line":24,"column":19},"end":{"line":24,"column":43}},"15":{"start":{"line":25,"column":16},"end":{"line":25,"column":22}}},"fnMap":{"0":{"name":"(anonymous_0)","decl":{"start":{"line":1,"column":26},"end":{"line":1,"column":27}},"loc":{"start":{"line":1,"column":39},"end":{"line":9,"column":1}},"line":1},"1":{"name":"(anonymous_1)","decl":{"start":{"line":11,"column":25},"end":{"line":11,"column":26}},"loc":{"start":{"line":11,"column":48},"end":{"line":18,"column":1}},"line":11},"2":{"name":"(anonymous_2)","decl":{"start":{"line":20,"column":24},"end":{"line":20,"column":25}},"loc":{"start":{"line":20,"column":46},"end":{"line":26,"column":1}},"line":20},"3":{"name":"(anonymous_3)","decl":{"start":{"line":23,"column":38},"end":{"line":23,"column":39}},"loc":{"start":{"line":23,"column":44},"end":{"line":23,"column":59}},"line":23},"4":{"name":"(anonymous_4)","decl":{"start":{"line":24,"column":12},"end":{"line":24,"column":13}},"loc":{"start":{"line":24,"column":19},"end":{"line":24,"column":43}},"line":24},"5":{"name":"(anonymous_5)","decl":{"start":{"line":25,"column":9},"end":{"line":25,"column":10}},"loc":{"start":{"line":25,"column":16},"end":{"line":25,"column":22}},"line":25}},"branchMap":{"0":{"loc":{"start":{"line":2,"column":2},"end":{"line":6,"column":3}},"type":"if","locations":[{"start":{"line":2,"column":2},"end":{"line":6,"column":3}},{"start":{"line":2,"column":2},"end":{"line":6,"column":3}}],"line":2},"1":{"loc":{"start":{"line":5,"column":4},"end":{"line":5,"column":44}},"type":"if","locations":[{"start":{"line":5,"column":4},"end":{"line":5,"column":44}},{"start":{"line":5,"column":4},"end":{"line":5,"column":44}}],"line":5},"2":{"loc":{"start":{"line":12,"column":20},"end":{"line":12,"column":78}},"type":"cond-expr","locations":[{"start":{"line":12,"column":42},"end":{"line":12,"column":73}},{"start":{"line":12,"column":76},"end":{"line":12,"column":78}}],"line":12},"3":{"loc":{"start":{"line":21,"column":20},"end":{"line":21,"column":78}},"type":"cond-expr","locations":[{"start":{"line":21,"column":42},"end":{"line":21,"column":73}},{"start":{"line":21,"column":76},"end":{"line":21,"column":78}}],"line":21}},"s":{"0":10,"1":6,"2":3,"3":3,"4":2,"5":4,"6":10,"7":6,"8":6,"9":6,"10":10,"11":1,"12":1,"13":0,"14":0,"15":0},"f":{"0":6,"1":6,"2":1,"3":0,"4":0,"5":0},"b":{"0":[3,3],"1":[2,1],"2":[4,2],"3":[0,1]},"_coverageSchema":"332fd63041d2c1bcb487cc26dd0d5f7d97098a6c","hash":"abfd9071424a27e37d0a4bf9935d18f8a96c06e0"}
,"/Users/caioblasio/Documents/nanodegree/reactnd-p2-readable/client/src/utils/sort.js": {"path":"/Users/caioblasio/Documents/nanodegree/reactnd-p2-readable/client/src/utils/sort.js","statementMap":{"0":{"start":{"line":2,"column":2},"end":{"line":6,"column":3}},"1":{"start":{"line":3,"column":4},"end":{"line":3,"column":57}},"2":{"start":{"line":3,"column":31},"end":{"line":3,"column":56}},"3":{"start":{"line":5,"column":4},"end":{"line":5,"column":57}},"4":{"start":{"line":5,"column":31},"end":{"line":5,"column":56}}},"fnMap":{"0":{"name":"(anonymous_0)","decl":{"start":{"line":1,"column":15},"end":{"line":1,"column":16}},"loc":{"start":{"line":1,"column":33},"end":{"line":7,"column":1}},"line":1},"1":{"name":"(anonymous_1)","decl":{"start":{"line":3,"column":21},"end":{"line":3,"column":22}},"loc":{"start":{"line":3,"column":31},"end":{"line":3,"column":56}},"line":3},"2":{"name":"(anonymous_2)","decl":{"start":{"line":5,"column":21},"end":{"line":5,"column":22}},"loc":{"start":{"line":5,"column":31},"end":{"line":5,"column":56}},"line":5}},"branchMap":{"0":{"loc":{"start":{"line":2,"column":2},"end":{"line":6,"column":3}},"type":"if","locations":[{"start":{"line":2,"column":2},"end":{"line":6,"column":3}},{"start":{"line":2,"column":2},"end":{"line":6,"column":3}}],"line":2}},"s":{"0":10,"1":1,"2":1,"3":9,"4":9},"f":{"0":10,"1":1,"2":9},"b":{"0":[1,9]},"_coverageSchema":"332fd63041d2c1bcb487cc26dd0d5f7d97098a6c","hash":"7afe5d80ebade1453724f3f97b976e8f3cbd8cc7"}
}
