TN:
SF:/Users/caioblasio/Documents/nanodegree/reactnd-p2-readable/client/src/setupTests.js
FNF:0
FNH:0
DA:4,32
DA:9,32
DA:15,32
DA:16,32
DA:17,32
DA:18,32
DA:19,32
DA:20,32
LF:8
LH:8
BRF:0
BRH:0
end_of_record
TN:
SF:/Users/caioblasio/Documents/nanodegree/reactnd-p2-readable/client/src/actions/categories.js
FN:5,fetchCategories
FN:6,(anonymous_1)
FN:8,(anonymous_2)
FN:14,receiveCategories
FNF:4
FNH:4
FNDA:2,fetchCategories
FNDA:2,(anonymous_1)
FNDA:2,(anonymous_2)
FNDA:2,receiveCategories
DA:3,5
DA:6,2
DA:7,2
DA:9,2
DA:15,2
LF:5
LH:5
BRF:0
BRH:0
end_of_record
TN:
SF:/Users/caioblasio/Documents/nanodegree/reactnd-p2-readable/client/src/actions/comments.js
FN:8,fetchComments
FN:9,(anonymous_1)
FN:11,(anonymous_2)
FN:15,addVoteToComment
FN:16,(anonymous_4)
FN:18,(anonymous_5)
FN:24,addComment
FN:25,(anonymous_7)
FN:27,(anonymous_8)
FN:31,removeComment
FN:32,(anonymous_10)
FN:34,(anonymous_11)
FN:38,editComment
FN:39,(anonymous_13)
FN:41,(anonymous_14)
FN:45,_addComment
FN:52,_removeComment
FN:59,_editComment
FN:67,_receiveComments
FNF:19
FNH:19
FNDA:2,fetchComments
FNDA:2,(anonymous_1)
FNDA:2,(anonymous_2)
FNDA:2,addVoteToComment
FNDA:2,(anonymous_4)
FNDA:2,(anonymous_5)
FNDA:1,addComment
FNDA:1,(anonymous_7)
FNDA:1,(anonymous_8)
FNDA:1,removeComment
FNDA:1,(anonymous_10)
FNDA:1,(anonymous_11)
FNDA:1,editComment
FNDA:1,(anonymous_13)
FNDA:1,(anonymous_14)
FNDA:1,_addComment
FNDA:1,_removeComment
FNDA:3,_editComment
FNDA:2,_receiveComments
DA:3,12
DA:4,12
DA:5,12
DA:6,12
DA:9,2
DA:10,2
DA:11,2
DA:16,2
DA:17,2
DA:19,2
DA:25,1
DA:26,1
DA:27,1
DA:32,1
DA:33,1
DA:34,1
DA:39,1
DA:40,1
DA:41,1
DA:46,1
DA:53,1
DA:60,3
DA:68,2
LF:23
LH:23
BRF:0
BRH:0
end_of_record
TN:
SF:/Users/caioblasio/Documents/nanodegree/reactnd-p2-readable/client/src/actions/drawer.js
FN:4,openDrawer
FN:10,closeDrawer
FNF:2
FNH:2
FNDA:1,openDrawer
FNDA:1,closeDrawer
DA:1,5
DA:2,5
DA:5,1
DA:11,1
LF:4
LH:4
BRF:0
BRH:0
end_of_record
TN:
SF:/Users/caioblasio/Documents/nanodegree/reactnd-p2-readable/client/src/actions/loading.js
FN:4,showLoading
FN:10,hideLoading
FNF:2
FNH:2
FNDA:23,showLoading
FNDA:23,hideLoading
DA:1,14
DA:2,14
DA:5,23
DA:11,23
LF:4
LH:4
BRF:0
BRH:0
end_of_record
TN:
SF:/Users/caioblasio/Documents/nanodegree/reactnd-p2-readable/client/src/actions/posts.js
FN:9,fetchPosts
FN:10,(anonymous_1)
FN:13,(anonymous_2)
FN:14,(anonymous_3)
FN:18,fetchPostsByCategory
FN:19,(anonymous_5)
FN:22,(anonymous_6)
FN:23,(anonymous_7)
FN:27,fetchPostById
FN:28,(anonymous_9)
FN:31,(anonymous_10)
FN:32,(anonymous_11)
FN:33,(anonymous_12)
FN:37,addVoteToPost
FN:38,(anonymous_14)
FN:40,(anonymous_15)
FN:46,addPost
FN:47,(anonymous_17)
FN:50,(anonymous_18)
FN:51,(anonymous_19)
FN:55,editPost
FN:56,(anonymous_21)
FN:59,(anonymous_22)
FN:60,(anonymous_23)
FN:64,removePost
FN:65,(anonymous_25)
FN:68,(anonymous_26)
FN:69,(anonymous_27)
FN:73,_addPost
FN:80,_removePost
FN:88,_editPost
FN:96,_receivePosts
FNF:32
FNH:31
FNDA:9,fetchPosts
FNDA:9,(anonymous_1)
FNDA:9,(anonymous_2)
FNDA:9,(anonymous_3)
FNDA:4,fetchPostsByCategory
FNDA:4,(anonymous_5)
FNDA:4,(anonymous_6)
FNDA:4,(anonymous_7)
FNDA:5,fetchPostById
FNDA:5,(anonymous_9)
FNDA:5,(anonymous_10)
FNDA:5,(anonymous_11)
FNDA:0,(anonymous_12)
FNDA:5,addVoteToPost
FNDA:5,(anonymous_14)
FNDA:5,(anonymous_15)
FNDA:1,addPost
FNDA:1,(anonymous_17)
FNDA:1,(anonymous_18)
FNDA:1,(anonymous_19)
FNDA:1,editPost
FNDA:1,(anonymous_21)
FNDA:1,(anonymous_22)
FNDA:1,(anonymous_23)
FNDA:2,removePost
FNDA:2,(anonymous_25)
FNDA:2,(anonymous_26)
FNDA:2,(anonymous_27)
FNDA:1,_addPost
FNDA:2,_removePost
FNDA:6,_editPost
FNDA:18,_receivePosts
DA:4,12
DA:5,12
DA:6,12
DA:7,12
DA:10,9
DA:11,9
DA:12,9
DA:13,9
DA:14,9
DA:19,4
DA:20,4
DA:21,4
DA:22,4
DA:23,4
DA:28,5
DA:29,5
DA:30,5
DA:31,5
DA:32,5
DA:33,0
DA:38,5
DA:39,5
DA:41,5
DA:47,1
DA:48,1
DA:49,1
DA:50,1
DA:51,1
DA:56,1
DA:57,1
DA:58,1
DA:59,1
DA:60,1
DA:65,2
DA:66,2
DA:67,2
DA:68,2
DA:69,2
DA:74,1
DA:81,2
DA:89,6
DA:97,18
LF:42
LH:41
BRF:0
BRH:0
end_of_record
TN:
SF:/Users/caioblasio/Documents/nanodegree/reactnd-p2-readable/client/src/actions/search.js
FN:3,changeSearch
FNF:1
FNH:1
FNDA:1,changeSearch
DA:1,5
DA:4,1
LF:2
LH:2
BRF:0
BRH:0
end_of_record
TN:
SF:/Users/caioblasio/Documents/nanodegree/reactnd-p2-readable/client/src/actions/sort.js
FN:3,changeSort
FNF:1
FNH:1
FNDA:1,changeSort
DA:1,9
DA:4,1
LF:2
LH:2
BRF:0
BRH:0
end_of_record
TN:
SF:/Users/caioblasio/Documents/nanodegree/reactnd-p2-readable/client/src/components/App.js
FN:76,(anonymous_0)
FN:99,(anonymous_1)
FN:105,(anonymous_2)
FN:111,(anonymous_3)
FN:126,(anonymous_4)
FNF:5
FNH:2
FNDA:1,(anonymous_0)
FNDA:0,(anonymous_1)
FNDA:0,(anonymous_2)
FNDA:0,(anonymous_3)
FNDA:1,(anonymous_4)
DA:18,1
DA:33,1
DA:77,1
DA:78,1
DA:100,0
DA:106,0
DA:112,0
DA:126,1
LF:8
LH:5
BRDA:85,0,0,1
BRDA:85,0,1,0
BRF:2
BRH:1
end_of_record
TN:
SF:/Users/caioblasio/Documents/nanodegree/reactnd-p2-readable/client/src/components/Category.js
FN:11,(anonymous_0)
FN:35,(anonymous_1)
FN:36,(anonymous_2)
FN:38,(anonymous_3)
FN:58,(anonymous_4)
FNF:5
FNH:5
FNDA:1,(anonymous_0)
FNDA:2,(anonymous_1)
FNDA:3,(anonymous_2)
FNDA:2,(anonymous_3)
FNDA:3,(anonymous_4)
DA:11,2
DA:36,3
DA:39,2
DA:40,2
DA:41,2
DA:58,3
LF:6
LH:6
BRDA:43,0,0,1
BRDA:43,0,1,1
BRF:2
BRH:2
end_of_record
TN:
SF:/Users/caioblasio/Documents/nanodegree/reactnd-p2-readable/client/src/components/FavoriteControl.js
FN:24,(anonymous_0)
FN:31,(anonymous_1)
FNF:2
FNH:2
FNDA:1,(anonymous_0)
FNDA:2,(anonymous_1)
DA:25,1
DA:26,1
DA:27,1
DA:28,1
DA:32,2
DA:34,2
LF:6
LH:6
BRDA:39,0,0,1
BRDA:39,0,1,1
BRF:2
BRH:2
end_of_record
TN:
SF:/Users/caioblasio/Documents/nanodegree/reactnd-p2-readable/client/src/components/Favorites.js
FN:10,(anonymous_0)
FN:22,(anonymous_1)
FNF:2
FNH:2
FNDA:1,(anonymous_0)
FNDA:1,(anonymous_1)
DA:10,2
DA:22,2
DA:24,1
DA:26,1
DA:39,2
LF:5
LH:5
BRF:0
BRH:0
end_of_record
TN:
SF:/Users/caioblasio/Documents/nanodegree/reactnd-p2-readable/client/src/components/Home.js
FN:9,(anonymous_0)
FN:21,(anonymous_1)
FNF:2
FNH:2
FNDA:1,(anonymous_0)
FNDA:1,(anonymous_1)
DA:9,2
DA:21,2
DA:23,1
DA:25,1
DA:38,2
LF:5
LH:5
BRF:0
BRH:0
end_of_record
TN:
SF:/Users/caioblasio/Documents/nanodegree/reactnd-p2-readable/client/src/components/NotFound.js
FN:12,(anonymous_0)
FN:39,(anonymous_1)
FN:53,(anonymous_2)
FN:56,(anonymous_3)
FNF:4
FNH:4
FNDA:2,(anonymous_0)
FNDA:5,(anonymous_1)
FNDA:1,(anonymous_2)
FNDA:1,(anonymous_3)
DA:12,4
DA:41,5
DA:42,5
DA:53,1
DA:56,1
LF:5
LH:5
BRF:0
BRH:0
end_of_record
TN:
SF:/Users/caioblasio/Documents/nanodegree/reactnd-p2-readable/client/src/components/PostDetail.js
FN:20,(anonymous_0)
FN:94,(anonymous_1)
FN:102,(anonymous_2)
FN:110,(anonymous_3)
FN:114,(anonymous_4)
FN:148,(anonymous_5)
FN:186,(anonymous_6)
FN:188,(anonymous_7)
FN:190,(anonymous_8)
FN:193,(anonymous_9)
FNF:10
FNH:9
FNDA:1,(anonymous_0)
FNDA:3,(anonymous_1)
FNDA:1,(anonymous_2)
FNDA:1,(anonymous_3)
FNDA:3,(anonymous_4)
FNDA:0,(anonymous_5)
FNDA:4,(anonymous_6)
FNDA:4,(anonymous_7)
FNDA:3,(anonymous_8)
FNDA:1,(anonymous_9)
DA:20,2
DA:95,3
DA:96,3
DA:103,1
DA:104,1
DA:108,1
DA:109,1
DA:110,1
DA:115,3
DA:117,3
DA:118,1
DA:121,2
DA:186,4
DA:188,2
DA:189,4
DA:191,3
DA:194,1
LF:17
LH:17
BRDA:108,0,0,1
BRDA:108,0,1,0
BRDA:117,1,0,1
BRDA:117,1,1,2
BRDA:117,2,0,3
BRDA:117,2,1,1
BRDA:123,3,0,2
BRDA:123,3,1,2
BRF:8
BRH:7
end_of_record
TN:
SF:/Users/caioblasio/Documents/nanodegree/reactnd-p2-readable/client/src/components/VoteControl.js
FN:40,(anonymous_0)
FN:56,(anonymous_1)
FN:71,(anonymous_2)
FN:82,(anonymous_3)
FN:93,(anonymous_4)
FN:101,(anonymous_5)
FN:111,(anonymous_6)
FN:121,(anonymous_7)
FN:123,(anonymous_8)
FN:126,(anonymous_9)
FNF:10
FNH:10
FNDA:4,(anonymous_0)
FNDA:2,(anonymous_1)
FNDA:3,(anonymous_2)
FNDA:5,(anonymous_3)
FNDA:10,(anonymous_4)
FNDA:2,(anonymous_5)
FNDA:2,(anonymous_6)
FNDA:5,(anonymous_7)
FNDA:4,(anonymous_8)
FNDA:1,(anonymous_9)
DA:41,4
DA:42,4
DA:43,1
DA:44,3
DA:45,1
DA:46,1
DA:48,2
DA:57,2
DA:58,1
DA:59,1
DA:60,1
DA:63,2
DA:64,2
DA:72,3
DA:73,3
DA:74,3
DA:83,5
DA:84,5
DA:85,5
DA:87,5
DA:94,10
DA:95,10
DA:97,10
DA:101,2
DA:111,2
DA:121,8
DA:122,5
DA:124,4
DA:127,1
LF:29
LH:29
BRDA:42,0,0,1
BRDA:42,0,1,3
BRDA:42,1,0,4
BRDA:42,1,1,2
BRDA:44,2,0,1
BRDA:44,2,1,2
BRDA:57,3,0,1
BRDA:57,3,1,1
BRDA:59,4,0,1
BRDA:59,4,1,0
BRDA:84,5,0,3
BRDA:84,5,1,2
BRDA:87,6,0,4
BRDA:87,6,1,1
BRDA:102,7,0,3
BRDA:102,7,1,7
BRDA:112,8,0,2
BRDA:112,8,1,8
BRF:18
BRH:17
end_of_record
TN:
SF:/Users/caioblasio/Documents/nanodegree/reactnd-p2-readable/client/src/components/CommentList/index.js
FN:9,(anonymous_0)
FN:37,(anonymous_1)
FN:42,(anonymous_2)
FN:50,(anonymous_3)
FN:63,(anonymous_4)
FN:65,(anonymous_5)
FN:67,(anonymous_6)
FN:70,(anonymous_7)
FN:73,(anonymous_8)
FNF:9
FNH:7
FNDA:1,(anonymous_0)
FNDA:1,(anonymous_1)
FNDA:1,(anonymous_2)
FNDA:2,(anonymous_3)
FNDA:1,(anonymous_4)
FNDA:1,(anonymous_5)
FNDA:1,(anonymous_6)
FNDA:0,(anonymous_7)
FNDA:0,(anonymous_8)
DA:9,3
DA:38,1
DA:39,1
DA:43,1
DA:44,1
DA:51,2
DA:63,3
DA:65,3
DA:66,1
DA:68,1
DA:71,0
DA:74,0
LF:12
LH:10
BRDA:48,0,0,1
BRDA:48,0,1,0
BRF:2
BRH:1
end_of_record
TN:
SF:/Users/caioblasio/Documents/nanodegree/reactnd-p2-readable/client/src/components/CommentList/Comment/Content.js
FN:11,(anonymous_0)
FN:45,(anonymous_1)
FN:56,(anonymous_2)
FN:75,(anonymous_3)
FNF:4
FNH:4
FNDA:1,(anonymous_0)
FNDA:1,(anonymous_1)
FNDA:2,(anonymous_2)
FNDA:1,(anonymous_3)
DA:11,3
DA:46,1
DA:47,1
DA:51,1
DA:52,1
DA:57,2
DA:59,2
DA:75,1
LF:8
LH:8
BRDA:51,0,0,1
BRDA:51,0,1,0
BRF:2
BRH:1
end_of_record
TN:
SF:/Users/caioblasio/Documents/nanodegree/reactnd-p2-readable/client/src/components/CommentList/Comment/Edit.js
FN:7,(anonymous_0)
FN:45,(anonymous_1)
FN:45,(anonymous_2)
FN:55,(anonymous_3)
FN:71,(anonymous_4)
FN:92,(anonymous_5)
FNF:6
FNH:5
FNDA:1,(anonymous_0)
FNDA:3,(anonymous_1)
FNDA:0,(anonymous_2)
FNDA:1,(anonymous_3)
FNDA:3,(anonymous_4)
FNDA:1,(anonymous_5)
DA:7,3
DA:45,3
DA:46,0
DA:56,1
DA:58,1
DA:59,1
DA:61,1
DA:66,1
DA:68,1
DA:72,3
DA:73,3
DA:75,3
DA:92,1
LF:13
LH:12
BRF:0
BRH:0
end_of_record
TN:
SF:/Users/caioblasio/Documents/nanodegree/reactnd-p2-readable/client/src/components/CommentList/Comment/index.js
FN:11,(anonymous_0)
FN:47,(anonymous_1)
FN:53,(anonymous_2)
FNF:3
FNH:2
FNDA:1,(anonymous_0)
FNDA:0,(anonymous_1)
FNDA:3,(anonymous_2)
DA:11,3
DA:48,0
DA:54,3
DA:55,3
DA:57,3
LF:5
LH:4
BRDA:62,0,0,1
BRDA:62,0,1,2
BRF:2
BRH:2
end_of_record
TN:
SF:/Users/caioblasio/Documents/nanodegree/reactnd-p2-readable/client/src/components/Header/Drawer.js
FN:20,(anonymous_0)
FN:62,(anonymous_1)
FN:78,(anonymous_2)
FNF:3
FNH:3
FNDA:1,(anonymous_0)
FNDA:1,(anonymous_1)
FNDA:2,(anonymous_2)
DA:20,2
DA:63,1
DA:66,1
DA:79,2
DA:111,1
DA:145,2
LF:6
LH:6
BRDA:116,0,0,0
BRDA:116,0,1,1
BRF:2
BRH:1
end_of_record
TN:
SF:/Users/caioblasio/Documents/nanodegree/reactnd-p2-readable/client/src/components/Header/SearchAppBar.js
FN:16,(anonymous_0)
FN:108,(anonymous_1)
FN:120,(anonymous_2)
FN:126,(anonymous_3)
FNF:4
FNH:4
FNDA:1,(anonymous_0)
FNDA:1,(anonymous_1)
FNDA:1,(anonymous_2)
FNDA:3,(anonymous_3)
DA:16,2
DA:110,1
DA:111,1
DA:112,1
DA:114,1
DA:115,0
DA:118,1
DA:121,1
DA:127,3
DA:128,3
DA:167,2
LF:11
LH:10
BRDA:114,0,0,0
BRDA:114,0,1,1
BRDA:136,1,0,3
BRDA:136,1,1,0
BRF:4
BRH:2
end_of_record
TN:
SF:/Users/caioblasio/Documents/nanodegree/reactnd-p2-readable/client/src/components/Header/index.js
FN:37,(anonymous_0)
FN:47,(anonymous_1)
FN:48,(anonymous_2)
FN:54,(anonymous_3)
FN:75,(anonymous_4)
FN:77,(anonymous_5)
FN:79,(anonymous_6)
FN:82,(anonymous_7)
FN:85,(anonymous_8)
FN:88,(anonymous_9)
FNF:10
FNH:5
FNDA:1,(anonymous_0)
FNDA:0,(anonymous_1)
FNDA:0,(anonymous_2)
FNDA:1,(anonymous_3)
FNDA:1,(anonymous_4)
FNDA:1,(anonymous_5)
FNDA:0,(anonymous_6)
FNDA:0,(anonymous_7)
FNDA:0,(anonymous_8)
FNDA:1,(anonymous_9)
DA:38,1
DA:48,0
DA:49,0
DA:50,0
DA:55,1
DA:56,1
DA:75,2
DA:77,2
DA:78,1
DA:80,0
DA:83,0
DA:86,0
DA:89,1
LF:13
LH:7
BRDA:49,0,0,0
BRDA:49,0,1,0
BRDA:49,1,0,0
BRDA:49,1,1,0
BRF:4
BRH:0
end_of_record
TN:
SF:/Users/caioblasio/Documents/nanodegree/reactnd-p2-readable/client/src/components/ManagePost/Form.js
FN:10,(anonymous_0)
FN:48,(anonymous_1)
FN:67,(anonymous_2)
FN:76,(anonymous_3)
FN:76,(anonymous_4)
FN:86,(anonymous_5)
FN:110,(anonymous_6)
FN:176,(anonymous_7)
FN:184,(anonymous_8)
FNF:9
FNH:9
FNDA:1,(anonymous_0)
FNDA:7,(anonymous_1)
FNDA:1,(anonymous_2)
FNDA:64,(anonymous_3)
FNDA:8,(anonymous_4)
FNDA:1,(anonymous_5)
FNDA:16,(anonymous_6)
FNDA:32,(anonymous_7)
FNDA:1,(anonymous_8)
DA:10,2
DA:49,7
DA:61,7
DA:68,1
DA:76,64
DA:77,8
DA:87,1
DA:89,1
DA:90,1
DA:92,1
DA:101,1
DA:111,16
DA:112,16
DA:114,16
DA:177,32
DA:184,1
LF:16
LH:16
BRDA:49,0,0,1
BRDA:49,0,1,6
BRDA:93,1,0,0
BRDA:93,1,1,1
BRF:4
BRH:3
end_of_record
TN:
SF:/Users/caioblasio/Documents/nanodegree/reactnd-p2-readable/client/src/components/ManagePost/index.js
FN:13,(anonymous_0)
FN:64,(anonymous_1)
FN:75,(anonymous_2)
FN:90,(anonymous_3)
FN:116,(anonymous_4)
FN:118,(anonymous_5)
FN:120,(anonymous_6)
FN:123,(anonymous_7)
FN:126,(anonymous_8)
FNF:9
FNH:6
FNDA:1,(anonymous_0)
FNDA:2,(anonymous_1)
FNDA:0,(anonymous_2)
FNDA:2,(anonymous_3)
FNDA:3,(anonymous_4)
FNDA:3,(anonymous_5)
FNDA:1,(anonymous_6)
FNDA:0,(anonymous_7)
FNDA:0,(anonymous_8)
DA:13,2
DA:65,2
DA:67,2
DA:68,1
DA:76,0
DA:78,0
DA:79,0
DA:81,0
DA:84,0
DA:91,2
DA:93,2
DA:94,0
DA:97,2
DA:116,3
DA:118,2
DA:119,3
DA:121,1
DA:124,0
DA:127,0
LF:19
LH:11
BRDA:67,0,0,1
BRDA:67,0,1,1
BRDA:78,1,0,0
BRDA:78,1,1,0
BRDA:93,2,0,0
BRDA:93,2,1,2
BRDA:101,3,0,1
BRDA:101,3,1,1
BRF:8
BRH:5
end_of_record
TN:
SF:/Users/caioblasio/Documents/nanodegree/reactnd-p2-readable/client/src/components/NewComment/Form.js
FN:8,(anonymous_0)
FN:39,(anonymous_1)
FN:39,(anonymous_2)
FN:49,(anonymous_3)
FN:66,(anonymous_4)
FNF:5
FNH:5
FNDA:1,(anonymous_0)
FNDA:18,(anonymous_1)
FNDA:4,(anonymous_2)
FNDA:1,(anonymous_3)
FNDA:9,(anonymous_4)
DA:8,3
DA:39,18
DA:40,4
DA:50,1
DA:52,1
DA:53,1
DA:55,1
DA:62,1
DA:67,9
DA:68,9
DA:70,9
LF:11
LH:11
BRF:0
BRH:0
end_of_record
TN:
SF:/Users/caioblasio/Documents/nanodegree/reactnd-p2-readable/client/src/components/NewComment/index.js
FN:9,(anonymous_0)
FN:33,(anonymous_1)
FN:39,(anonymous_2)
FN:55,(anonymous_3)
FN:57,(anonymous_4)
FNF:5
FNH:3
FNDA:1,(anonymous_0)
FNDA:0,(anonymous_1)
FNDA:1,(anonymous_2)
FNDA:1,(anonymous_3)
FNDA:0,(anonymous_4)
DA:9,3
DA:34,0
DA:35,0
DA:36,0
DA:40,1
DA:42,1
DA:55,3
DA:56,1
DA:58,0
LF:9
LH:5
BRF:0
BRH:0
end_of_record
TN:
SF:/Users/caioblasio/Documents/nanodegree/reactnd-p2-readable/client/src/components/PostList/Headline.js
FN:11,(anonymous_0)
FN:56,(anonymous_1)
FN:63,(anonymous_2)
FN:68,(anonymous_3)
FN:101,(anonymous_4)
FN:107,(anonymous_5)
FNF:6
FNH:5
FNDA:1,(anonymous_0)
FNDA:0,(anonymous_1)
FNDA:2,(anonymous_2)
FNDA:5,(anonymous_3)
FNDA:1,(anonymous_4)
FNDA:1,(anonymous_5)
DA:11,6
DA:57,0
DA:64,2
DA:69,5
DA:70,5
DA:72,5
DA:101,1
DA:107,1
LF:8
LH:7
BRDA:75,0,0,0
BRDA:75,0,1,5
BRDA:80,1,0,5
BRDA:80,1,1,5
BRDA:86,2,0,0
BRDA:86,2,1,5
BRDA:115,3,0,5
BRDA:115,3,1,5
BRF:8
BRH:6
end_of_record
TN:
SF:/Users/caioblasio/Documents/nanodegree/reactnd-p2-readable/client/src/components/PostList/Post.js
FN:20,(anonymous_0)
FN:68,(anonymous_1)
FN:76,(anonymous_2)
FN:83,(anonymous_3)
FN:95,(anonymous_4)
FNF:5
FNH:4
FNDA:1,(anonymous_0)
FNDA:0,(anonymous_1)
FNDA:1,(anonymous_2)
FNDA:1,(anonymous_3)
FNDA:3,(anonymous_4)
DA:20,6
DA:69,0
DA:70,0
DA:77,1
DA:84,1
DA:85,1
DA:88,1
DA:89,1
DA:92,1
DA:96,3
DA:97,3
DA:98,3
DA:99,3
DA:101,3
LF:14
LH:12
BRDA:88,0,0,1
BRDA:88,0,1,0
BRDA:124,1,0,0
BRDA:124,1,1,3
BRF:4
BRH:2
end_of_record
TN:
SF:/Users/caioblasio/Documents/nanodegree/reactnd-p2-readable/client/src/components/PostList/index.js
FN:11,(anonymous_0)
FN:56,(anonymous_1)
FN:70,(anonymous_2)
FN:79,(anonymous_3)
FN:90,(anonymous_4)
FN:99,(anonymous_5)
FN:101,(anonymous_6)
FN:104,(anonymous_7)
FN:108,(anonymous_8)
FN:112,(anonymous_9)
FN:116,(anonymous_10)
FN:134,(anonymous_11)
FN:136,(anonymous_12)
FN:139,(anonymous_13)
FN:142,(anonymous_14)
FN:145,(anonymous_15)
FNF:16
FNH:13
FNDA:1,(anonymous_0)
FNDA:11,(anonymous_1)
FNDA:0,(anonymous_2)
FNDA:11,(anonymous_3)
FNDA:13,(anonymous_4)
FNDA:8,(anonymous_5)
FNDA:16,(anonymous_6)
FNDA:6,(anonymous_7)
FNDA:2,(anonymous_8)
FNDA:2,(anonymous_9)
FNDA:2,(anonymous_10)
FNDA:7,(anonymous_11)
FNDA:8,(anonymous_12)
FNDA:3,(anonymous_13)
FNDA:0,(anonymous_14)
FNDA:0,(anonymous_15)
DA:11,6
DA:57,11
DA:59,11
DA:60,3
DA:62,8
DA:71,0
DA:72,0
DA:74,0
DA:75,0
DA:80,11
DA:82,11
DA:83,0
DA:86,11
DA:91,13
DA:99,6
DA:101,16
DA:103,8
DA:104,6
DA:107,8
DA:108,2
DA:111,8
DA:112,2
DA:115,8
DA:116,1
DA:117,2
DA:123,8
DA:124,1
DA:127,8
DA:134,6
DA:135,7
DA:137,8
DA:140,3
DA:143,0
DA:146,0
LF:34
LH:27
BRDA:59,0,0,3
BRDA:59,0,1,8
BRDA:74,1,0,0
BRDA:74,1,1,0
BRDA:82,2,0,0
BRDA:82,2,1,11
BRDA:82,3,0,11
BRDA:82,3,1,0
BRDA:103,4,0,3
BRDA:103,4,1,5
BRDA:107,5,0,1
BRDA:107,5,1,7
BRDA:111,6,0,1
BRDA:111,6,1,7
BRDA:115,7,0,1
BRDA:115,7,1,7
BRDA:117,8,0,2
BRDA:117,8,1,1
BRDA:117,8,2,1
BRDA:123,9,0,1
BRDA:123,9,1,7
BRF:21
BRH:17
end_of_record
TN:
SF:/Users/caioblasio/Documents/nanodegree/reactnd-p2-readable/client/src/middleware/index.js
FNF:0
FNH:0
DA:1,0
DA:2,0
DA:3,0
LF:3
LH:0
BRF:0
BRH:0
end_of_record
TN:
SF:/Users/caioblasio/Documents/nanodegree/reactnd-p2-readable/client/src/middleware/logger.js
FN:1,(anonymous_0)
FN:1,(anonymous_1)
FN:1,(anonymous_2)
FNF:3
FNH:3
FNDA:2,(anonymous_0)
FNDA:2,(anonymous_1)
FNDA:1,(anonymous_2)
DA:1,2
DA:2,1
DA:3,1
DA:4,1
DA:5,1
DA:6,1
DA:7,1
LF:7
LH:7
BRF:0
BRH:0
end_of_record
TN:
SF:/Users/caioblasio/Documents/nanodegree/reactnd-p2-readable/client/src/reducers/categories.js
FN:3,categories
FNF:1
FNH:1
FNDA:5,categories
DA:4,5
DA:6,1
DA:8,4
LF:3
LH:3
BRDA:3,0,0,4
BRDA:4,1,0,1
BRDA:4,1,1,4
BRF:3
BRH:3
end_of_record
TN:
SF:/Users/caioblasio/Documents/nanodegree/reactnd-p2-readable/client/src/reducers/comments.js
FN:3,comments
FN:8,(anonymous_1)
FN:16,(anonymous_2)
FNF:3
FNH:3
FNDA:8,comments
FNDA:2,(anonymous_1)
FNDA:2,(anonymous_2)
DA:4,8
DA:6,1
DA:8,1
DA:9,2
DA:14,1
DA:16,2
DA:19,4
LF:7
LH:7
BRDA:3,0,0,4
BRDA:4,1,0,1
BRDA:4,1,1,1
BRDA:4,1,2,1
BRDA:4,1,3,1
BRDA:4,1,4,4
BRDA:9,2,0,1
BRDA:9,2,1,1
BRF:8
BRH:8
end_of_record
TN:
SF:/Users/caioblasio/Documents/nanodegree/reactnd-p2-readable/client/src/reducers/drawer.js
FN:4,posts
FNF:1
FNH:1
FNDA:6,posts
DA:5,6
DA:7,1
DA:9,1
DA:11,4
LF:4
LH:4
BRDA:4,0,0,4
BRDA:5,1,0,1
BRDA:5,1,1,1
BRDA:5,1,2,4
BRF:4
BRH:4
end_of_record
TN:
SF:/Users/caioblasio/Documents/nanodegree/reactnd-p2-readable/client/src/reducers/index.js
FNF:0
FNH:0
LF:0
LH:0
BRF:0
BRH:0
end_of_record
TN:
SF:/Users/caioblasio/Documents/nanodegree/reactnd-p2-readable/client/src/reducers/loading.js
FN:4,loading
FNF:1
FNH:1
FNDA:6,loading
DA:5,6
DA:7,1
DA:9,1
DA:11,4
LF:4
LH:4
BRDA:4,0,0,4
BRDA:5,1,0,1
BRDA:5,1,1,1
BRDA:5,1,2,4
BRF:4
BRH:4
end_of_record
TN:
SF:/Users/caioblasio/Documents/nanodegree/reactnd-p2-readable/client/src/reducers/posts.js
FN:3,posts
FNF:1
FNH:1
FNDA:9,posts
DA:4,9
DA:6,2
DA:7,2
DA:13,1
DA:21,1
DA:28,1
DA:29,1
DA:32,4
LF:8
LH:8
BRDA:3,0,0,4
BRDA:4,1,0,2
BRDA:4,1,1,1
BRDA:4,1,2,1
BRDA:4,1,3,1
BRDA:4,1,4,4
BRDA:6,2,0,1
BRDA:6,2,1,1
BRF:8
BRH:8
end_of_record
TN:
SF:/Users/caioblasio/Documents/nanodegree/reactnd-p2-readable/client/src/reducers/search.js
FN:3,posts
FNF:1
FNH:1
FNDA:5,posts
DA:4,5
DA:6,1
DA:8,4
LF:3
LH:3
BRDA:3,0,0,4
BRDA:4,1,0,1
BRDA:4,1,1,4
BRF:3
BRH:3
end_of_record
TN:
SF:/Users/caioblasio/Documents/nanodegree/reactnd-p2-readable/client/src/reducers/sort.js
FN:3,reducer
FNF:1
FNH:1
FNDA:5,reducer
DA:4,5
DA:6,1
DA:9,4
LF:3
LH:3
BRDA:3,0,0,4
BRDA:4,1,0,1
BRDA:4,1,1,4
BRF:3
BRH:3
end_of_record
TN:
SF:/Users/caioblasio/Documents/nanodegree/reactnd-p2-readable/client/src/utils/contentapi.js
FN:14,(anonymous_0)
FN:16,(anonymous_1)
FN:18,(anonymous_2)
FN:20,(anonymous_3)
FN:22,(anonymous_4)
FN:24,(anonymous_5)
FN:26,(anonymous_6)
FN:28,(anonymous_7)
FN:30,(anonymous_8)
FN:39,(anonymous_9)
FN:41,(anonymous_10)
FN:48,(anonymous_11)
FN:50,(anonymous_12)
FN:59,(anonymous_13)
FN:61,(anonymous_14)
FN:70,(anonymous_15)
FN:72,(anonymous_16)
FN:74,(anonymous_17)
FN:76,(anonymous_18)
FN:85,(anonymous_19)
FN:87,(anonymous_20)
FN:96,(anonymous_21)
FN:98,(anonymous_22)
FN:105,(anonymous_23)
FN:107,(anonymous_24)
FN:116,(anonymous_25)
FNF:26
FNH:26
FNDA:2,(anonymous_0)
FNDA:2,(anonymous_1)
FNDA:9,(anonymous_2)
FNDA:9,(anonymous_3)
FNDA:4,(anonymous_4)
FNDA:4,(anonymous_5)
FNDA:5,(anonymous_6)
FNDA:5,(anonymous_7)
FNDA:1,(anonymous_8)
FNDA:1,(anonymous_9)
FNDA:2,(anonymous_10)
FNDA:2,(anonymous_11)
FNDA:5,(anonymous_12)
FNDA:5,(anonymous_13)
FNDA:1,(anonymous_14)
FNDA:1,(anonymous_15)
FNDA:2,(anonymous_16)
FNDA:2,(anonymous_17)
FNDA:2,(anonymous_18)
FNDA:2,(anonymous_19)
FNDA:1,(anonymous_20)
FNDA:1,(anonymous_21)
FNDA:1,(anonymous_22)
FNDA:1,(anonymous_23)
FNDA:1,(anonymous_24)
FNDA:1,(anonymous_25)
DA:2,18
DA:4,18
DA:6,18
DA:7,18
DA:9,18
DA:14,18
DA:15,2
DA:16,2
DA:18,18
DA:19,9
DA:20,9
DA:22,18
DA:23,4
DA:24,4
DA:26,18
DA:27,5
DA:28,5
DA:30,18
DA:31,1
DA:39,1
DA:41,18
DA:42,2
DA:48,2
DA:50,18
DA:51,5
DA:59,5
DA:61,18
DA:62,1
DA:70,1
DA:72,18
DA:73,2
DA:74,2
DA:76,18
DA:77,2
DA:85,2
DA:87,18
DA:88,1
DA:96,1
DA:98,18
DA:99,1
DA:105,1
DA:107,18
DA:108,1
DA:116,1
LF:44
LH:44
BRDA:6,0,0,18
BRDA:6,0,1,0
BRF:2
BRH:1
end_of_record
TN:
SF:/Users/caioblasio/Documents/nanodegree/reactnd-p2-readable/client/src/utils/date.js
FN:3,getFormatedDate
FNF:1
FNH:1
FNDA:9,getFormatedDate
DA:4,9
LF:1
LH:1
BRF:0
BRH:0
end_of_record
TN:
SF:/Users/caioblasio/Documents/nanodegree/reactnd-p2-readable/client/src/utils/locaStorage.js
FN:1,(anonymous_0)
FN:11,(anonymous_1)
FN:20,(anonymous_2)
FN:23,(anonymous_3)
FN:24,(anonymous_4)
FN:25,(anonymous_5)
FNF:6
FNH:3
FNDA:6,(anonymous_0)
FNDA:6,(anonymous_1)
FNDA:1,(anonymous_2)
FNDA:0,(anonymous_3)
FNDA:0,(anonymous_4)
FNDA:0,(anonymous_5)
DA:1,10
DA:2,6
DA:3,3
DA:5,3
DA:8,4
DA:11,10
DA:12,6
DA:14,6
DA:16,6
DA:20,10
DA:21,1
DA:23,1
DA:24,0
DA:25,0
LF:14
LH:12
BRDA:2,0,0,3
BRDA:2,0,1,3
BRDA:5,1,0,2
BRDA:5,1,1,1
BRDA:12,2,0,4
BRDA:12,2,1,2
BRDA:21,3,0,0
BRDA:21,3,1,1
BRF:8
BRH:7
end_of_record
TN:
SF:/Users/caioblasio/Documents/nanodegree/reactnd-p2-readable/client/src/utils/sort.js
FN:1,(anonymous_0)
FN:3,(anonymous_1)
FN:5,(anonymous_2)
FNF:3
FNH:3
FNDA:10,(anonymous_0)
FNDA:1,(anonymous_1)
FNDA:9,(anonymous_2)
DA:2,10
DA:3,1
DA:5,9
LF:3
LH:3
BRDA:2,0,0,1
BRDA:2,0,1,9
BRF:2
BRH:2
end_of_record
